C51 COMPILER V9.00   FORMAT1                                                               03/19/2014 15:23:42 PAGE 1   


C51 COMPILER V9.00, COMPILATION OF MODULE FORMAT1
OBJECT MODULE PLACED IN format1.OBJ
COMPILER INVOKED BY: C:\Keil\C51\BIN\c51.exe format1.c DB OE BR INCDIR(c:\SiLabs\MCU\Inc)

line level    source

   1          code unsigned char anhour[157][8]={
   2          0x00,  0x00,  0x00,  0x00,  0x00,  0x00,  0x00,  0x00,  
   3          0x00,  0x00,  0x00,  0x00,  0x00,  0x00,  0x00,  0x00,  
   4          0x00,  0x00,  0x00,  0x00,  0x00,  0x00,  0x00,  0x00,  
   5          0x00,  0x00,  0x00,  0x00,  0x00,  0x00,  0x00,  0x00,  
   6          0x00,  0x00,  0x00,  0x00,  0x00,  0x00,  0x00,  0x00, 
   7           
   8          0x00,  0x00,  0x00,  0x00,  0x00,  0x00,  0x30,  0x00,  
   9          0x00,  0x03,  0x00,  0x00,  0x00,  0x00,  0x38,  0x00,  
  10          0x00,  0x03,  0x00,  0x00,  0x00,  0x00,  0x38,  0x00,  
  11          0x00,  0x03,  0x00,  0x00,  0x00,  0x00,  0x3C,  0x00,  
  12          0x00,  0x03,  0x00,  0x00,  0x00,  0x00,  0x1C,  0x00,  
  13          0x00,  0x03,  0x80,  0x00,  0x00,  0x00,  0x1E,  0x00,  
  14          0x00,  0x03,  0xF0,  0x00,  0x00,  0x00,  0x7E,  0x00,  
  15          0x00,  0x03,  0xFF,  0xFF,  0xFF,  0xFF,  0xFF,  0x00,  
  16          0x00,  0x03,  0xFF,  0xFF,  0xFF,  0xFF,  0xFF,  0x00,  
  17          0x00,  0x03,  0xFF,  0xFF,  0xFF,  0xFF,  0xFF,  0x80,  
  18          0x00,  0x03,  0xFF,  0xFF,  0xFF,  0xFF,  0xFF,  0x80,  
  19          0x00,  0x03,  0xFF,  0xFF,  0xFF,  0xFF,  0xFF,  0x80,  
  20          0x00,  0x03,  0xFF,  0xFF,  0xFF,  0xFF,  0xFF,  0x80,  
  21          0x00,  0x03,  0xC0,  0x00,  0x00,  0x00,  0x00,  0x00,  
  22          0x00,  0x03,  0x80,  0x00,  0x00,  0x00,  0x00,  0x00,  
  23          0x00,  0x03,  0x00,  0x00,  0x00,  0x00,  0x00,  0x00,  
  24          0x00,  0x03,  0x00,  0x00,  0x00,  0x00,  0x00,  0x00,  
  25          0x00,  0x03,  0x00,  0x00,  0x00,  0x00,  0x00,  0x00,  
  26          0x00,  0x03,  0x00,  0x00,  0x00,  0x00,  0x00,  0x00,  
  27          
  28          0x00,  0x00,  0x00,  0x00,  0x00,  0x00,  0x00,  0x00,  
  29          0x00,  0x00,  0x00,  0x00,  0x00,  0x00,  0x00,  0x00,  
  30          0x00,  0x00,  0x00,  0x00,  0x00,  0x00,  0x00,  0x00,  
  31          0x00,  0x00,  0x00,  0x00,  0x00,  0x00,  0x00,  0x00,  
  32          0x00,  0x00,  0x00,  0x00,  0x00,  0x00,  0x00,  0x00,  
  33          
  34          //===
  35          0x00,  0x00,  0x00,  0x00,  0x00,  0x00,  0x00,  0x00,  0x00,  0x00,  0x00,  0x00,  0x00,  0x00,  0x00,  0
             -x00,  
  36          0x00,  0x00,  0x00,  0x00,  0x00,  0x00,  0x00,  0x00,  0x00,  0x00,  0x08,  0x00,  0x00,  0x00,  0x00,  0
             -x00,  
  37          0x00,  0x00,  0x1C,  0x00,  0x00,  0x00,  0x00,  0x00,  0x00,  0x00,  0x3F,  0x00,  0x00,  0x00,  0x00,  0
             -x00,  
  38          0x00,  0x00,  0x3F,  0xC0,  0x00,  0x00,  0x00,  0x00,  0x00,  0x00,  0x7F,  0xF0,  0x00,  0x00,  0x00,  0
             -x00,  
  39          0x00,  0x00,  0x7F,  0xFC,  0x00,  0x00,  0x00,  0x00,  0x00,  0x00,  0x1F,  0xFF,  0x80,  0x00,  0x00,  0
             -x00,  
  40          0x00,  0x00,  0x0F,  0xFF,  0xF0,  0x00,  0x00,  0x00,  0x00,  0x00,  0x03,  0xFF,  0xFE,  0x00,  0x00,  0
             -x00,  
  41          0x00,  0x00,  0x00,  0xFF,  0xFF,  0xC0,  0x00,  0x00,  0x00,  0x00,  0x00,  0x3F,  0xFF,  0xFC,  0x00,  0
             -x00,  
  42          0x00,  0x00,  0x00,  0x07,  0xFF,  0xFE,  0x00,  0x00,  0x00,  0x00,  0x00,  0x01,  0xFF,  0xFE,  0x00,  0
             -x00,  
  43          0x00,  0x00,  0x00,  0x00,  0x3F,  0xFE,  0x00,  0x00,  0x00,  0x00,  0x00,  0x00,  0x07,  0xFC,  0x00,  0
             -x00,  
  44          0x00,  0x18,  0x00,  0x00,  0x00,  0x7C,  0x00,  0x00,  0x00,  0xF8,  0x00,  0x00,  0x00,  0x00,  0x00,  0
             -x00,  
  45          0x01,  0xF0,  0x00,  0x00,  0x00,  0x00,  0x00,  0x00,  0x01,  0xF0,  0x00,  0x00,  0x00,  0x00,  0x00,  0
C51 COMPILER V9.00   FORMAT1                                                               03/19/2014 15:23:42 PAGE 2   

             -x00,  
  46          0x01,  0xF0,  0x00,  0x00,  0x00,  0x00,  0x00,  0x00,  0x01,  0xF0,  0x00,  0x00,  0x00,  0x00,  0x00,  0
             -x00,  
  47          0x01,  0xF0,  0x00,  0x00,  0x00,  0x00,  0x00,  0x00,  0x01,  0xF0,  0x00,  0x00,  0x00,  0x00,  0x00,  0
             -x00,  
  48          0x01,  0xF0,  0x00,  0x00,  0x00,  0x00,  0x00,  0x00,  0x01,  0xFF,  0xFF,  0xFF,  0xFF,  0xFF,  0xFF,  0
             -xC0,  
  49          0x01,  0xFF,  0xFF,  0xFF,  0xFF,  0xFF,  0xFF,  0xC0,  0x01,  0xFF,  0xFF,  0xFF,  0xFF,  0xFF,  0xFF,  0
             -xC0,  
  50          0x01,  0xFF,  0xFF,  0xFF,  0xFF,  0xFF,  0xFF,  0xC0,  0x00,  0xFF,  0xFF,  0xFF,  0xFF,  0xFF,  0xFF,  0
             -xC0,  
  51          0x00,  0x7F,  0xFF,  0xFF,  0xFF,  0xFF,  0xFF,  0xC0,  0x00,  0x0F,  0xFF,  0xFF,  0xFF,  0xFF,  0xFF,  0
             -xC0,  
  52          0x00,  0x00,  0x00,  0x00,  0x00,  0x00,  0x00,  0x00,  0x00,  0x00,  0x00,  0x00,  0x00,  0x00,  0x00,  0
             -x00,  
  53          0x00,  0x00,  0x00,  0x00,  0x00,  0x00,  0x00,  0x00,  0x00,  0x00,  0x00,  0x00,  0x00,  0x00,  0x00,  0
             -x00,  
  54          0x00,  0x00,  0x00,  0x00,  0x00,  0x00,  0x00,  0x00,  0x00,  0x00,  0x00,  0x00,  0x00,  0x00,  0x00,  0
             -x00,  
  55          0x00,  0x00,  0x00,  0x00,  0x00,  0x00,  0x00,  0x00,  0x00,  0x00,  0x00,  0x00,  0x00,  0x1C,  0x00,  0
             -x00,  
  56          0x00,  0x00,  0x00,  0x00,  0x00,  0xFC,  0x00,  0x00,  0x00,  0x00,  0x00,  0x00,  0x03,  0xFE,  0x00,  0
             -x00,  
  57          0x00,  0x00,  0x00,  0x00,  0x1F,  0xFE,  0x00,  0x00,  0x00,  0x00,  0x00,  0x00,  0x7F,  0xFE,  0x00,  0
             -x00,  
  58          0x00,  0x00,  0x00,  0x03,  0xFF,  0xFC,  0x00,  0x00,  0x00,  0x00,  0x00,  0x1F,  0xFF,  0xF0,  0x00,  0
             -x00,  
  59          0x00,  0x00,  0x00,  0xFF,  0xFF,  0xC0,  0x00,  0x00,  0x00,  0x00,  0x0F,  0xFF,  0xFE,  0x00,  0x00,  0
             -x00,  
  60          0x00,  0x00,  0x7F,  0xFF,  0xF8,  0x00,  0x00,  0x00,  0x00,  0x00,  0x7F,  0xFF,  0xC0,  0x00,  0x00,  0
             -x00,  
  61          0x00,  0x00,  0x3F,  0xFE,  0x00,  0x00,  0x00,  0x00,  0x00,  0x00,  0x3F,  0xF0,  0x00,  0x00,  0x00,  0
             -x00,  
  62          0x00,  0x00,  0x1F,  0x80,  0x00,  0x00,  0x00,  0x00,  0x00,  0x00,  0x1C,  0x00,  0x00,  0x00,  0x00,  0
             -x00,  
  63          0x00,  0x00,  0x00,  0x00,  0x00,  0x00,  0x00,  0x00,  0x00,  0x00,  0x00,  0x00,  0x00,  0x00,  0x00,  0
             -x00,  
  64          0x00,  0x00,  0x00,  0x00,  0x00,  0x00,  0x00,  0x00,  0x00,  0x00,  0x00,  0x00,  0x00,  0x00,  0x00,  0
             -x00,  
  65          0x00,  0x00,  0x00,  0x00,  0x00,  0x00,  0x00,  0x00,  0x00,  0x00,  0x00,  0x00,  0x00,  0x00,  0x00,  0
             -x00,  
  66          0x00,  0x00,  0x00,  0x00,  0x00,  0x00,  0x00,  0x00,  0x00,  0x00,  0x00,  0x00,  0x00,  0x00,  0x00,  0
             -x00,
  67          //===
  68          0x00,  0x00,  0x00,  0x00,  0x00,  0x00,  0x00,  0x00,  0x00,  0x00,  0x00,  0x00,  0x00,  0x00,  0x00,  0
             -x00,  
  69          0x00,  0x00,  0x00,  0x00,  0x00,  0x00,  0x00,  0x00,  0x00,  0x00,  0x00,  0x00,  0x00,  0x00,  0x00,  0
             -x00,  
  70          0x00,  0x00,  0x00,  0x00,  0x00,  0x00,  0x00,  0x00,  0x00,  0x3F,  0xFF,  0xFF,  0xFF,  0xFF,  0xFE,  0
             -x00,  
  71          0x00,  0x3F,  0xFF,  0xFF,  0xFF,  0xFF,  0xFE,  0x00,  0x00,  0x3F,  0xFF,  0xFF,  0xFF,  0xFF,  0xFE,  0
             -x00,  
  72          0x00,  0x3F,  0xFF,  0xFF,  0xFF,  0xFF,  0xFE,  0x00,  0x00,  0x3F,  0xFF,  0xFF,  0xFF,  0xFF,  0xFE,  0
             -x00,  
  73          0x00,  0x3F,  0xFF,  0xFF,  0xFF,  0xFF,  0xFE,  0x00,  0x00,  0x03,  0xE0,  0x01,  0xF0,  0x00,  0x3E,  0
             -x00,  
  74          0x00,  0x03,  0xE0,  0x01,  0xF0,  0x00,  0x3E,  0x00,  0x00,  0x03,  0xE0,  0x01,  0xF0,  0x00,  0x3E,  0
             -x00,  
  75          0x00,  0x03,  0xE0,  0x01,  0xF0,  0x00,  0x3E,  0x00,  0x00,  0x1F,  0xFF,  0xFF,  0xFF,  0xFF,  0xFE,  0
             -x00,  
  76          0x00,  0x1F,  0xFF,  0xFF,  0xFF,  0xFF,  0xFE,  0x00,  0x00,  0x1F,  0xFF,  0xFF,  0xFF,  0xFF,  0xFE,  0
             -x00,  
C51 COMPILER V9.00   FORMAT1                                                               03/19/2014 15:23:42 PAGE 3   

  77          0x00,  0x1F,  0xFF,  0xFF,  0xFF,  0xFF,  0xFE,  0x00,  0x00,  0x1F,  0xFF,  0xFF,  0xFF,  0xFF,  0xFE,  0
             -x00,  
  78          0x00,  0x1F,  0xFF,  0xFF,  0xFF,  0xFF,  0xFE,  0x00,  0x00,  0x00,  0x00,  0x00,  0x00,  0x00,  0x00,  0
             -x00,  
  79          0x00,  0x00,  0x00,  0x00,  0x00,  0x00,  0x00,  0x00,  0x00,  0x00,  0x00,  0x3E,  0x00,  0x00,  0xF8,  0
             -x00,  
  80          0x00,  0x00,  0x00,  0x3E,  0x00,  0x00,  0xF8,  0x00,  0x00,  0x00,  0x00,  0x3E,  0x07,  0xC0,  0xF8,  0
             -x00,  
  81          0x00,  0x00,  0x0C,  0x3E,  0x07,  0xC0,  0xF8,  0x00,  0x00,  0x00,  0x1E,  0x3E,  0x07,  0xC0,  0xF8,  0
             -x00,  
  82          0x00,  0x00,  0x3F,  0x3E,  0x07,  0xC0,  0xF8,  0x00,  0x00,  0x00,  0x7F,  0x3E,  0x07,  0xC0,  0xF8,  0
             -x00,  
  83          0x00,  0x00,  0xFF,  0x3E,  0x07,  0xC0,  0xF8,  0x00,  0x00,  0x03,  0xFE,  0x3E,  0x07,  0xC0,  0xF8,  0
             -x00,  
  84          0x00,  0x07,  0xFC,  0x3E,  0x07,  0xC0,  0xF8,  0x00,  0x00,  0x07,  0xF8,  0x3E,  0x07,  0xC0,  0xF8,  0
             -x00,  
  85          0x00,  0x07,  0xF0,  0x3E,  0x07,  0xC0,  0xF8,  0x00,  0x00,  0x03,  0xE0,  0x3E,  0x07,  0xC0,  0xF8,  0
             -x00,  
  86          0x00,  0x31,  0xC0,  0x3E,  0x07,  0xFF,  0xFF,  0xC0,  0x01,  0xF1,  0x00,  0x3E,  0x07,  0xFF,  0xFF,  0
             -xC0,  
  87          0x01,  0xF0,  0x00,  0x3E,  0x07,  0xFF,  0xFF,  0xC0,  0x01,  0xF0,  0x00,  0x3E,  0x07,  0xFF,  0xFF,  0
             -xC0,  
  88          0x01,  0xF0,  0x00,  0x3E,  0x07,  0xFF,  0xFF,  0xC0,  0x01,  0xF0,  0x00,  0x3E,  0x07,  0xFF,  0xFF,  0
             -xC0,  
  89          0x01,  0xF0,  0x00,  0x3E,  0x07,  0xC0,  0xF8,  0x00,  0x01,  0xF0,  0x00,  0x3E,  0x07,  0xC0,  0xF8,  0
             -x00,  
  90          0x01,  0xFF,  0xFF,  0xFF,  0xE7,  0xC0,  0xF8,  0x00,  0x01,  0xFF,  0xFF,  0xFF,  0xE7,  0xC0,  0xF8,  0
             -x00,  
  91          0x01,  0xFF,  0xFF,  0xFF,  0xE7,  0xC0,  0xF8,  0x00,  0x01,  0xFF,  0xFF,  0xFF,  0xE7,  0xC0,  0xF8,  0
             -x00,  
  92          0x00,  0xFF,  0xFF,  0xFF,  0xE7,  0xC0,  0xF8,  0x00,  0x00,  0x7F,  0xFF,  0xFF,  0xE7,  0xC0,  0xF8,  0
             -x00,  
  93          0x00,  0x00,  0x00,  0x3E,  0x07,  0xC0,  0xF8,  0x00,  0x00,  0x00,  0x00,  0x3E,  0x07,  0xC0,  0xF8,  0
             -x00,  
  94          0x00,  0x00,  0x00,  0x3E,  0x07,  0xC0,  0xF8,  0x00,  0x00,  0x00,  0x00,  0x3E,  0x07,  0xC0,  0xF8,  0
             -x00,  
  95          0x00,  0x00,  0x00,  0x3E,  0x00,  0x00,  0xF8,  0x00,  0x00,  0x00,  0x00,  0x3E,  0x00,  0x00,  0x00,  0
             -x00,  
  96          0x00,  0x00,  0x00,  0x00,  0x00,  0x00,  0x00,  0x00,  0x00,  0x00,  0x00,  0x00,  0x00,  0x00,  0x00,  0
             -x00,  
  97          0x00,  0x00,  0x00,  0x00,  0x00,  0x00,  0x00,  0x00,  0x00,  0x00,  0x00,  0x00,  0x00,  0x00,  0x00,  0
             -x00,  
  98          0x00,  0x00,  0x00,  0x00,  0x00,  0x00,  0x00,  0x00,  0x00,  0x00,  0x00,  0x00,  0x00,  0x00,  0x00,  0
             -x00,  
  99          0x00,  0x00,  0x00,  0x00,  0x00,  0x00,  0x00,  0x00,  0x00,  0x00,  0x00,  0x00,  0x00,  0x00,  0x00,  0
             -x00
 100          
 101          };
 102          
 103          code unsigned char sleep[128][8]={
 104          0x00,  0x00,  0x00,  0x00,  0x00,  0x00,  0x00,  0x00,  0x00,  0x00,  0x00,  0x00,  0x00,  0x00,  0x00,  0
             -x00,  
 105          0x00,  0x00,  0x00,  0x00,  0x00,  0x00,  0x00,  0x00,  0x00,  0x00,  0x00,  0x00,  0x00,  0x00,  0x00,  0
             -x00,  
 106          0x00,  0x00,  0x00,  0x00,  0x00,  0x00,  0x00,  0x00,  0x00,  0x3F,  0xFF,  0xFF,  0xFF,  0xFF,  0xFF,  0
             -x00,  
 107          0x00,  0x3F,  0xFF,  0xFF,  0xFF,  0xFF,  0xFF,  0x00,  0x00,  0x3F,  0xFF,  0xFF,  0xFF,  0xFF,  0xFF,  0
             -x00,  
 108          0x00,  0x3F,  0xFF,  0xFF,  0xFF,  0xFF,  0xFF,  0x00,  0x00,  0x3F,  0xFF,  0xFF,  0xFF,  0xFF,  0xFF,  0
             -x00,  
 109          0x00,  0x3F,  0xFF,  0xFF,  0xFF,  0xFF,  0xFF,  0x00,  0x00,  0x03,  0xE0,  0x3E,  0x01,  0xF0,  0x1F,  0
             -x00,  
C51 COMPILER V9.00   FORMAT1                                                               03/19/2014 15:23:42 PAGE 4   

 110          0x00,  0x03,  0xE0,  0x3E,  0x01,  0xF0,  0x1F,  0x00,  0x00,  0x03,  0xE0,  0x3E,  0x01,  0xF0,  0x1F,  0
             -x00,  
 111          0x00,  0x03,  0xE0,  0x3E,  0x01,  0xF0,  0x1F,  0x00,  0x00,  0x1F,  0xFF,  0xFF,  0xFF,  0xFF,  0xFF,  0
             -x00,  
 112          0x00,  0x1F,  0xFF,  0xFF,  0xFF,  0xFF,  0xFF,  0x00,  0x00,  0x1F,  0xFF,  0xFF,  0xFF,  0xFF,  0xFF,  0
             -x00,  
 113          0x00,  0x1F,  0xFF,  0xFF,  0xFF,  0xFF,  0xFF,  0x00,  0x00,  0x1F,  0xFF,  0xFF,  0xFF,  0xFF,  0xFF,  0
             -x00,  
 114          0x00,  0x1F,  0xFF,  0xFF,  0xFF,  0xFF,  0xFF,  0x00,  0x00,  0x00,  0x00,  0x00,  0x00,  0x00,  0x00,  0
             -x00,  
 115          0x00,  0xF8,  0x00,  0x01,  0xF0,  0x3E,  0x00,  0x00,  0x00,  0xF8,  0x00,  0x01,  0xF0,  0x3E,  0x03,  0
             -x00,  
 116          0x00,  0xF8,  0x1F,  0x01,  0xF0,  0x3E,  0x0F,  0x00,  0x00,  0xF8,  0x1F,  0x01,  0xF0,  0x3E,  0x1F,  0
             -x00,  
 117          0x00,  0xF8,  0x1F,  0x3F,  0xFF,  0x3E,  0x1F,  0x00,  0x00,  0xF8,  0x1F,  0x3F,  0xFF,  0x3E,  0x1F,  0
             -x00,  
 118          0x00,  0xF8,  0x1F,  0x3F,  0xFF,  0x3E,  0x1F,  0x80,  0x00,  0xF8,  0x1F,  0x3F,  0xFF,  0x3E,  0x1F,  0
             -x80,  
 119          0x00,  0xF8,  0x1F,  0x3F,  0xFF,  0x3E,  0x1F,  0x80,  0x00,  0xF8,  0x1F,  0x3F,  0xFF,  0x3E,  0x1F,  0
             -x80,  
 120          0x00,  0xF8,  0x1F,  0x01,  0xF0,  0x3E,  0x1F,  0x80,  0x00,  0xF8,  0x1F,  0x01,  0xF0,  0x3E,  0x1F,  0
             -x80,  
 121          0x00,  0xF8,  0x1F,  0x01,  0xF0,  0x3E,  0x1F,  0x80,  0x00,  0xF8,  0x1F,  0x00,  0x00,  0x3E,  0x1F,  0
             -x80,  
 122          0x00,  0xFF,  0xFF,  0xFF,  0xFF,  0xFF,  0xFF,  0x80,  0x00,  0xFF,  0xFF,  0xFF,  0xFF,  0xFF,  0xFF,  0
             -x80,  
 123          0x00,  0xFF,  0xFF,  0xFF,  0xFF,  0xFF,  0xFF,  0x80,  0x00,  0xFF,  0xFF,  0xFF,  0xFF,  0xFF,  0xFF,  0
             -x80,  
 124          0x00,  0xFF,  0xFF,  0xFF,  0xFF,  0xFF,  0xFF,  0x80,  0x00,  0xFF,  0xFF,  0xFF,  0xFF,  0xFF,  0xFF,  0
             -xC0,  
 125          0x00,  0xF8,  0x1F,  0x00,  0x00,  0x3E,  0x0F,  0xC0,  0x00,  0xF8,  0x1F,  0x01,  0xF0,  0x3E,  0x0F,  0
             -xC0,  
 126          0x00,  0xF8,  0x1F,  0x01,  0xF0,  0x3E,  0x0F,  0xC0,  0x00,  0xF8,  0x1F,  0x01,  0xF0,  0x3E,  0x0F,  0
             -xC0,  
 127          0x00,  0xF8,  0x1F,  0x3F,  0xFF,  0x3E,  0x0F,  0xC0,  0x00,  0xF8,  0x1F,  0x3F,  0xFF,  0x3E,  0x07,  0
             -xE0,  
 128          0x00,  0xF8,  0x1F,  0x3F,  0xFF,  0x3E,  0x07,  0xE0,  0x00,  0xF8,  0x1F,  0x3F,  0xFF,  0x3E,  0x07,  0
             -xE0,  
 129          0x00,  0xF8,  0x1F,  0x3F,  0xFF,  0x3E,  0x07,  0xE0,  0x00,  0xF8,  0x1F,  0x3F,  0xFF,  0x3E,  0x07,  0
             -xE0,  
 130          0x00,  0xF8,  0x1F,  0x01,  0xF0,  0x3E,  0x07,  0xC0,  0x00,  0xF8,  0x1F,  0x01,  0xF0,  0x3E,  0x03,  0
             -x00,  
 131          0x00,  0xF8,  0x00,  0x01,  0xF0,  0x3E,  0x00,  0x00,  0x00,  0xF8,  0x00,  0x01,  0xF0,  0x3E,  0x00,  0
             -x00,  
 132          0x00,  0x00,  0x00,  0x00,  0x00,  0x00,  0x00,  0x00,  0x00,  0x00,  0x00,  0x00,  0x00,  0x00,  0x00,  0
             -x00,  
 133          0x00,  0x00,  0x00,  0x00,  0x00,  0x00,  0x00,  0x00,  0x00,  0x00,  0x00,  0x00,  0x00,  0x00,  0x00,  0
             -x00,  
 134          0x00,  0x00,  0x00,  0x00,  0x00,  0x00,  0x00,  0x00,  0x00,  0x00,  0x00,  0x00,  0x00,  0x00,  0x00,  0
             -x00,  
 135          0x00,  0x00,  0x00,  0x00,  0x00,  0x00,  0x00,  0x00,  0x00,  0x00,  0x00,  0x00,  0x00,  0x00,  0x00,  0
             -x00, 
 136          
 137          //=======
 138          0x00,  0x00,  0x00,  0x00,  0x00,  0x00,  0x00,  0x00,  0x00,  0x00,  0x00,  0x00,  0x00,  0x00,  0x00,  0
             -x00,  
 139          0x00,  0x00,  0x00,  0x00,  0x00,  0x00,  0x00,  0x00,  0x00,  0x00,  0x00,  0x00,  0x00,  0x00,  0x00,  0
             -x00,  
 140          0x00,  0x60,  0x00,  0x00,  0x00,  0x01,  0xF0,  0x00,  0x00,  0xF8,  0x00,  0x00,  0x00,  0x01,  0xF0,  0
             -x00,  
 141          0x00,  0xFE,  0x00,  0x00,  0x00,  0x01,  0xF0,  0x00,  0x01,  0xFF,  0xC0,  0x00,  0x00,  0x01,  0xF0,  0
             -x00,  
C51 COMPILER V9.00   FORMAT1                                                               03/19/2014 15:23:42 PAGE 5   

 142          0x01,  0xFF,  0xFF,  0x00,  0x00,  0x01,  0xF0,  0x00,  0x00,  0xFF,  0xFF,  0xFF,  0xFF,  0xE1,  0xF0,  0
             -x00,  
 143          0x00,  0x3F,  0xFF,  0xFF,  0xFF,  0xE1,  0xF0,  0x00,  0x00,  0x1F,  0xFF,  0xFF,  0xFF,  0xE1,  0xF0,  0
             -x00,  
 144          0x00,  0x03,  0xFF,  0xFF,  0xFF,  0xE1,  0xF0,  0x80,  0x00,  0x00,  0x7F,  0xFF,  0xFF,  0xE1,  0xF0,  0
             -x80,  
 145          0x00,  0x00,  0x1F,  0x07,  0xC3,  0xE1,  0xF1,  0xC0,  0x00,  0x00,  0x1F,  0x07,  0xC3,  0xE1,  0xF1,  0
             -xC0,  
 146          0x00,  0x10,  0x1F,  0x07,  0xC3,  0xE1,  0xF3,  0xE0,  0x00,  0xF0,  0x1F,  0x07,  0xC3,  0xE1,  0xF3,  0
             -xE0,  
 147          0x01,  0xF0,  0x1F,  0x07,  0xC3,  0xE1,  0xF3,  0xE0,  0x01,  0xF0,  0x1F,  0x07,  0xC3,  0xE1,  0xF7,  0
             -xE0,  
 148          0x01,  0xF0,  0x1F,  0x07,  0xC3,  0xE1,  0xF7,  0xC0,  0x01,  0xF0,  0x1F,  0x07,  0xC3,  0xE1,  0xF7,  0
             -xC0,  
 149          0x01,  0xF0,  0x1F,  0x07,  0xC3,  0xE1,  0xF7,  0xC0,  0x01,  0xF8,  0x1F,  0x07,  0xC3,  0xE1,  0xF3,  0
             -x80,  
 150          0x01,  0xFF,  0xFF,  0xFF,  0xFF,  0xE1,  0xF3,  0x80,  0x01,  0xFF,  0xFF,  0xFF,  0xFF,  0xE1,  0xF1,  0
             -x00,  
 151          0x01,  0xFF,  0xFF,  0xFF,  0xFF,  0xE1,  0xF0,  0x00,  0x00,  0xFF,  0xFF,  0xFF,  0xFF,  0xE1,  0xF0,  0
             -x00,  
 152          0x00,  0xFF,  0xFF,  0xFF,  0xFF,  0xE1,  0xF0,  0x00,  0x00,  0x3F,  0xFF,  0xFF,  0xFF,  0xE1,  0xF0,  0
             -x00,  
 153          0x00,  0x00,  0x00,  0x00,  0x00,  0x01,  0xF0,  0x00,  0x00,  0x00,  0x00,  0x00,  0x00,  0x01,  0xF0,  0
             -x00,  
 154          0x00,  0x00,  0x00,  0x00,  0x00,  0x01,  0xF0,  0x00,  0x00,  0x00,  0x00,  0x00,  0x00,  0x01,  0xF1,  0
             -x00,  
 155          0x00,  0x00,  0x00,  0x00,  0x00,  0x01,  0xF3,  0x00,  0x00,  0x00,  0x7F,  0xFF,  0xFF,  0xC1,  0xF3,  0
             -x80,  
 156          0x00,  0x00,  0x7F,  0xFF,  0xFF,  0xC1,  0xF7,  0x80,  0x00,  0x00,  0x7F,  0xFF,  0xFF,  0xC1,  0xF7,  0
             -xC0,  
 157          0x00,  0x70,  0x7F,  0xFF,  0xFF,  0xC1,  0xF7,  0xC0,  0x01,  0xF0,  0x7F,  0xFF,  0xFF,  0xC1,  0xF7,  0
             -xE0,  
 158          0x01,  0xF0,  0x7F,  0xFF,  0xFF,  0xC1,  0xF7,  0xE0,  0x01,  0xF0,  0x00,  0x00,  0x00,  0x01,  0xF3,  0
             -xE0,  
 159          0x01,  0xF0,  0x00,  0x00,  0x00,  0x01,  0xF3,  0xE0,  0x01,  0xF0,  0x00,  0x00,  0x00,  0x01,  0xF1,  0
             -xC0,  
 160          0x01,  0xF0,  0x00,  0x00,  0x00,  0x01,  0xF1,  0xC0,  0x01,  0xF0,  0x00,  0x00,  0x00,  0x01,  0xF0,  0
             -xC0,  
 161          0x01,  0xFF,  0xFF,  0xFF,  0xFF,  0xF1,  0xF0,  0x80,  0x01,  0xFF,  0xFF,  0xFF,  0xFF,  0xF1,  0xF0,  0
             -x00,  
 162          0x01,  0xFF,  0xFF,  0xFF,  0xFF,  0xF1,  0xF0,  0x00,  0x00,  0xFF,  0xFF,  0xFF,  0xFF,  0xF1,  0xF0,  0
             -x00,  
 163          0x00,  0xFF,  0xFF,  0xFF,  0xFF,  0xF1,  0xF0,  0x00,  0x00,  0x3F,  0xFF,  0xFF,  0xFF,  0xF1,  0xF0,  0
             -x00,  
 164          0x00,  0x00,  0x00,  0x00,  0x00,  0x01,  0xF0,  0x00,  0x00,  0x00,  0x00,  0x00,  0x00,  0x01,  0xF0,  0
             -x00,  
 165          0x00,  0x00,  0x00,  0x00,  0x00,  0x01,  0xF0,  0x00,  0x00,  0x00,  0x00,  0x00,  0x00,  0x01,  0xF0,  0
             -x00,  
 166          0x00,  0x00,  0x00,  0x00,  0x00,  0x00,  0x00,  0x00,  0x00,  0x00,  0x00,  0x00,  0x00,  0x00,  0x00,  0
             -x00,  
 167          0x00,  0x00,  0x00,  0x00,  0x00,  0x00,  0x00,  0x00,  0x00,  0x00,  0x00,  0x00,  0x00,  0x00,  0x00,  0
             -x00,  
 168          0x00,  0x00,  0x00,  0x00,  0x00,  0x00,  0x00,  0x00,  0x00,  0x00,  0x00,  0x00,  0x00,  0x00,  0x00,  0
             -x00,  
 169          0x00,  0x00,  0x00,  0x00,  0x00,  0x00,  0x00,  0x00,  0x00,  0x00,  0x00,  0x00,  0x00,  0x00,  0x00,  0
             -x00,
 170                  
 171          };      
 172          code unsigned   char FName[336][7]={
 173          0x00,  0x00,  0x00,  0x00,  0x00,  0x00,  0x00,  
 174          0x00,  0x00,  0x00,  0x00,  0x00,  0x00,  0x00,  
 175          0x00,  0x00,  0x00,  0x00,  0x00,  0x00,  0x00,  
C51 COMPILER V9.00   FORMAT1                                                               03/19/2014 15:23:42 PAGE 6   

 176          0x00,  0x00,  0x00,  0x00,  0x00,  0x00,  0x00,  
 177          0x00,  0x00,  0x30,  0x00,  0x00,  0x00,  0x00,  
 178          0x00,  0x00,  0x30,  0x00,  0x00,  0x00,  0x00,  
 179          0x00,  0x00,  0x30,  0x00,  0x00,  0x00,  0x00,  
 180          0x00,  0x00,  0x30,  0x00,  0x00,  0x00,  0x00,  
 181          0x00,  0x00,  0x30,  0x00,  0x3F,  0xFF,  0xE0,  
 182          0x00,  0x00,  0x30,  0x00,  0x7F,  0xFF,  0xE0,  
 183          0x00,  0x00,  0x30,  0x00,  0xFF,  0xFF,  0xE0,  
 184          0x00,  0x00,  0x30,  0x00,  0xFF,  0xFF,  0xE0,  
 185          0x00,  0x00,  0x30,  0x00,  0xC0,  0x30,  0x00,  
 186          0x00,  0x00,  0x30,  0x00,  0xC0,  0x30,  0x00,  
 187          0x00,  0x00,  0x30,  0x00,  0xC0,  0x30,  0x00,  
 188          0x00,  0x00,  0x30,  0x00,  0xC0,  0x30,  0x00,  
 189          0x00,  0x00,  0x30,  0x00,  0xC0,  0x30,  0x00,  
 190          0x00,  0x00,  0x30,  0x00,  0xC0,  0x30,  0x00,  
 191          0x00,  0x00,  0x30,  0x00,  0xC0,  0x30,  0x00,  
 192          0x00,  0x00,  0x30,  0x00,  0xC0,  0x30,  0x00,  
 193          0x00,  0x00,  0x30,  0x00,  0xC0,  0x30,  0x00,  
 194          0x00,  0x00,  0x3F,  0xFC,  0xC0,  0x30,  0x00,  
 195          0x00,  0x00,  0x3F,  0xFC,  0xC0,  0x30,  0x00,  
 196          0x00,  0x00,  0x3F,  0xFC,  0xC0,  0x30,  0x00,  
 197          0x00,  0x00,  0x3F,  0xFC,  0xC0,  0x30,  0x00,  
 198          0x00,  0x00,  0x30,  0x00,  0xC0,  0x30,  0x00,  
 199          0x00,  0x00,  0x30,  0x00,  0xC0,  0x30,  0x00,  
 200          0x00,  0x00,  0x30,  0x00,  0xC0,  0x30,  0x00,  
 201          0x00,  0x00,  0x30,  0x00,  0xC0,  0x30,  0x00,  
 202          0x00,  0x00,  0x30,  0x00,  0xC0,  0x30,  0x00,  
 203          0x00,  0x00,  0x30,  0x00,  0xC0,  0x30,  0x00,  
 204          0x00,  0x00,  0x30,  0x00,  0xC0,  0x30,  0x00,  
 205          0x00,  0x00,  0x30,  0x00,  0xC0,  0x30,  0x00,  
 206          0x00,  0x00,  0x30,  0x00,  0xC0,  0x30,  0x00,  
 207          0x00,  0x00,  0x30,  0x00,  0xFF,  0xFF,  0xE0,  
 208          0x00,  0x00,  0x30,  0x00,  0xFF,  0xFF,  0xE0,  
 209          0x00,  0x00,  0x30,  0x00,  0x7F,  0xFF,  0xE0,  
 210          0x00,  0x00,  0x30,  0x00,  0x3F,  0xFF,  0xE0,  
 211          0x00,  0x00,  0x30,  0x00,  0x00,  0x00,  0x00,  
 212          0x00,  0x00,  0x30,  0x00,  0x00,  0x00,  0x00,  
 213          0x00,  0x00,  0x30,  0x00,  0x00,  0x00,  0x00,  
 214          0x00,  0x00,  0x30,  0x00,  0x00,  0x00,  0x00,  
 215          0x00,  0x00,  0x00,  0x00,  0x00,  0x00,  0x00,  
 216          0x00,  0x00,  0x00,  0x00,  0x00,  0x00,  0x00,  
 217          0x00,  0x00,  0x00,  0x00,  0x00,  0x00,  0x00,  
 218          0x00,  0x00,  0x00,  0x00,  0x00,  0x00,  0x00,  
 219          0x00,  0x00,  0x00,  0x00,  0x00,  0x00,  0x00,  
 220          0x00,  0x00,  0x00,  0x00,  0x00,  0x00,  0x00,
 221          //===
 222          0x00,  0x00,  0x00,  0x00,  0x00,  0x00,  0x00,  
 223          0x00,  0x00,  0x00,  0x00,  0x00,  0x00,  0x00,  
 224          0x00,  0x00,  0x00,  0x00,  0x00,  0x00,  0x00,  
 225          0x00,  0x00,  0x00,  0x00,  0x00,  0x00,  0x00,  
 226          0x00,  0x00,  0x00,  0x00,  0x00,  0x00,  0x00,  
 227          0x00,  0x00,  0x00,  0x01,  0x80,  0x00,  0x00,  
 228          0x00,  0x00,  0x00,  0x01,  0xC0,  0x00,  0x00,  
 229          0x00,  0x00,  0x00,  0x01,  0xE0,  0x00,  0x00,  
 230          0x00,  0x00,  0x1E,  0x01,  0xF0,  0x00,  0x00,  
 231          0x00,  0x00,  0x3F,  0x80,  0xF8,  0x00,  0x00,  
 232          0x00,  0x00,  0x7F,  0xC0,  0x7C,  0x00,  0x00,  
 233          0x00,  0x00,  0x7F,  0xC0,  0x3E,  0x00,  0x00,  
 234          0x00,  0x00,  0xF1,  0xE0,  0x1F,  0x80,  0x00,  
 235          0x00,  0x00,  0xE0,  0xE0,  0x07,  0xE0,  0x00,  
 236          0x00,  0x00,  0xC0,  0x60,  0x03,  0xFC,  0x00,  
 237          0x00,  0x00,  0xC0,  0x60,  0x01,  0xFF,  0xE0,  
C51 COMPILER V9.00   FORMAT1                                                               03/19/2014 15:23:42 PAGE 7   

 238          0x00,  0x01,  0xC0,  0x70,  0x00,  0xFF,  0xE0,  
 239          0x00,  0x01,  0x80,  0x30,  0x00,  0xFF,  0xE0,  
 240          0x00,  0x01,  0x80,  0x30,  0x01,  0xC3,  0xE0,  
 241          0x00,  0x01,  0x80,  0x30,  0x03,  0xC0,  0x00,  
 242          0x00,  0x01,  0x80,  0x30,  0x07,  0x80,  0x00,  
 243          0x00,  0x01,  0x80,  0x30,  0x0F,  0x60,  0x00,  
 244          0x00,  0x01,  0x80,  0x30,  0x1E,  0x60,  0x00,  
 245          0x00,  0x01,  0x80,  0x30,  0x3E,  0x60,  0x00,  
 246          0x00,  0x01,  0x80,  0x30,  0x7C,  0x60,  0x00,  
 247          0x00,  0x01,  0x80,  0x30,  0xF8,  0x60,  0x00,  
 248          0x00,  0x01,  0x80,  0x31,  0xF0,  0x60,  0x00,  
 249          0x00,  0x01,  0x80,  0x31,  0xE0,  0x60,  0x00,  
 250          0x00,  0x01,  0x80,  0x31,  0xC0,  0x60,  0x00,  
 251          0x00,  0x01,  0xC0,  0x70,  0x00,  0x60,  0x00,  
 252          0x00,  0x00,  0xC0,  0x60,  0x00,  0x60,  0x00,  
 253          0x00,  0x00,  0xC0,  0x60,  0x00,  0x60,  0x00,  
 254          0x00,  0x00,  0xE0,  0xE0,  0x00,  0x60,  0x00,  
 255          0x00,  0x00,  0xF1,  0xE0,  0x00,  0x60,  0x00,  
 256          0x00,  0x00,  0x7F,  0xC7,  0xFF,  0xFF,  0xF0,  
 257          0x00,  0x00,  0x7F,  0xC7,  0xFF,  0xFF,  0xF0,  
 258          0x00,  0x00,  0x3F,  0x87,  0xFF,  0xFF,  0xF0,  
 259          0x00,  0x00,  0x1E,  0x07,  0xFF,  0xFF,  0xF0,  
 260          0x00,  0x00,  0x00,  0x00,  0x00,  0x00,  0x00,  
 261          0x00,  0x00,  0x00,  0x00,  0x00,  0x00,  0x00,  
 262          0x00,  0x00,  0x00,  0x00,  0x00,  0x00,  0x00,  
 263          0x00,  0x00,  0x00,  0x00,  0x00,  0x00,  0x00,  
 264          0x00,  0x00,  0x00,  0x00,  0x00,  0x00,  0x00,  
 265          0x00,  0x00,  0x00,  0x00,  0x00,  0x00,  0x00,  
 266          0x00,  0x00,  0x00,  0x00,  0x00,  0x00,  0x00,  
 267          0x00,  0x00,  0x00,  0x00,  0x00,  0x00,  0x00,  
 268          0x00,  0x00,  0x00,  0x00,  0x00,  0x00,  0x00,  
 269          0x00,  0x00,  0x00,  0x00,  0x00,  0x00,  0x00,
 270          
 271          //===
 272          0x00,  0x00,  0x00,  0x00,  0x00,  0x00,  0x00,  
 273          0x00,  0x00,  0x00,  0x00,  0x00,  0x00,  0x00,  
 274          0x00,  0x00,  0x00,  0x00,  0x00,  0x00,  0x00,  
 275          0x00,  0x00,  0x00,  0x00,  0x00,  0x00,  0x00,  
 276          0x00,  0x00,  0x00,  0x00,  0x00,  0x00,  0x00,  
 277          0x00,  0x00,  0x00,  0x00,  0x00,  0x00,  0x00,  
 278          0x00,  0x00,  0x07,  0xFF,  0xFF,  0xFF,  0x00,  
 279          0x00,  0x00,  0x0F,  0xFF,  0xFF,  0xFF,  0x80,  
 280          0x00,  0x00,  0x1F,  0xFF,  0xFF,  0xFF,  0xC0,  
 281          0x00,  0x00,  0x1F,  0xFF,  0xFF,  0xFF,  0xC0,  
 282          0x00,  0x00,  0x18,  0x00,  0x00,  0x00,  0xC0,  
 283          0x00,  0x00,  0x18,  0x00,  0x00,  0x00,  0xC0,  
 284          0x00,  0x00,  0x18,  0x00,  0x00,  0x00,  0xC0,  
 285          0x00,  0x00,  0x18,  0x00,  0x00,  0x00,  0xC0,  
 286          0x00,  0x00,  0x18,  0x00,  0x00,  0x00,  0xC0,  
 287          0x00,  0x00,  0x18,  0x00,  0x00,  0x00,  0xC0,  
 288          0x00,  0x00,  0x18,  0x00,  0x00,  0x00,  0xC0,  
 289          0x00,  0x00,  0x18,  0x00,  0x00,  0x00,  0xC0,  
 290          0x00,  0x00,  0x1F,  0xFF,  0xFF,  0xFF,  0xC0,  
 291          0x00,  0x00,  0x1F,  0xFF,  0xFF,  0xFF,  0xC0,  
 292          0x00,  0x00,  0x0F,  0xFF,  0xFF,  0xFF,  0x80,  
 293          0x00,  0x00,  0x07,  0xFF,  0xFF,  0xFF,  0x00,  
 294          0x00,  0x00,  0x00,  0x00,  0x30,  0x00,  0x00,  
 295          0x00,  0x00,  0x00,  0x00,  0x30,  0x00,  0x00,  
 296          0x00,  0x00,  0x00,  0x00,  0x30,  0x00,  0x00,  
 297          0x00,  0x00,  0x00,  0x00,  0x30,  0x00,  0x00,  
 298          0x00,  0x00,  0x00,  0x00,  0x30,  0x00,  0x00,  
 299          0x00,  0x01,  0xFF,  0xFF,  0xFF,  0xFF,  0xF0,  
C51 COMPILER V9.00   FORMAT1                                                               03/19/2014 15:23:42 PAGE 8   

 300          0x00,  0x01,  0xFF,  0xFF,  0xFF,  0xFF,  0xF0,  
 301          0x00,  0x01,  0xFF,  0xFF,  0xFF,  0xFF,  0xF0,  
 302          0x00,  0x01,  0xFF,  0xFF,  0xFF,  0xFF,  0xF0,  
 303          0x00,  0x00,  0x00,  0x00,  0x00,  0x00,  0x00,  
 304          0x00,  0x00,  0x00,  0x00,  0x00,  0x00,  0x00,  
 305          0x00,  0x00,  0x00,  0x00,  0x00,  0x00,  0x00,  
 306          0x00,  0x00,  0x00,  0x00,  0x00,  0x00,  0x00,  
 307          0x00,  0x01,  0xFF,  0xFF,  0xFF,  0xFF,  0xF0,  
 308          0x00,  0x01,  0xFF,  0xFF,  0xFF,  0xFF,  0xF0,  
 309          0x00,  0x01,  0xFF,  0xFF,  0xFF,  0xFF,  0xF0,  
 310          0x00,  0x01,  0xFF,  0xFF,  0xFF,  0xFF,  0xF0,  
 311          0x00,  0x00,  0x00,  0x00,  0x00,  0x00,  0x00,  
 312          0x00,  0x00,  0x00,  0x00,  0x00,  0x00,  0x00,  
 313          0x00,  0x00,  0x00,  0x00,  0x00,  0x00,  0x00,  
 314          0x00,  0x00,  0x00,  0x00,  0x00,  0x00,  0x00,  
 315          0x00,  0x00,  0x00,  0x00,  0x00,  0x00,  0x00,  
 316          0x00,  0x00,  0x00,  0x00,  0x00,  0x00,  0x00,  
 317          0x00,  0x00,  0x00,  0x00,  0x00,  0x00,  0x00,  
 318          0x00,  0x00,  0x00,  0x00,  0x00,  0x00,  0x00,  
 319          0x00,  0x00,  0x00,  0x00,  0x00,  0x00,  0x00,
 320          
 321          //===
 322          0x00,  0x00,  0x00,  0x00,  0x00,  0x00,  0x00,  
 323          0x00,  0x00,  0x00,  0x00,  0x00,  0x00,  0x00,  
 324          0x00,  0x00,  0x00,  0x00,  0x00,  0x00,  0x00,  
 325          0x00,  0x00,  0x00,  0x00,  0x00,  0x00,  0x00,  
 326          0x00,  0x00,  0x00,  0x00,  0x00,  0x00,  0x00,  
 327          0x00,  0x00,  0x00,  0x00,  0x00,  0x00,  0x00,  
 328          0x00,  0x00,  0x07,  0xFF,  0xFF,  0xFF,  0x00,  
 329          0x00,  0x00,  0x0F,  0xFF,  0xFF,  0xFF,  0x80,  
 330          0x00,  0x00,  0x1F,  0xFF,  0xFF,  0xFF,  0xC0,  
 331          0x00,  0x00,  0x1F,  0xFF,  0xFF,  0xFF,  0xC0,  
 332          0x00,  0x00,  0x1C,  0x00,  0x00,  0x00,  0xC0,  
 333          0x00,  0x00,  0x18,  0x00,  0x00,  0x00,  0xC0,  
 334          0x00,  0x00,  0x18,  0x00,  0x00,  0x00,  0xC0,  
 335          0x00,  0x00,  0x18,  0x00,  0x00,  0x00,  0xC0,  
 336          0x00,  0x00,  0x18,  0x00,  0x00,  0x00,  0xC0,  
 337          0x00,  0x00,  0x18,  0x00,  0x00,  0x00,  0xC0,  
 338          0x00,  0x00,  0x18,  0x00,  0x00,  0x00,  0xC0,  
 339          0x00,  0x00,  0x18,  0x00,  0x00,  0x00,  0xC0,  
 340          0x00,  0x00,  0x18,  0x00,  0x00,  0x00,  0xC0,  
 341          0x00,  0x00,  0x1C,  0x00,  0x00,  0x00,  0xC0,  
 342          0x00,  0x00,  0x0C,  0x00,  0x00,  0x00,  0xC0,  
 343          0x00,  0x00,  0x0C,  0x00,  0x00,  0x00,  0xC0,  
 344          0x00,  0x00,  0x0C,  0x00,  0x00,  0x00,  0xC0,  
 345          0x00,  0x00,  0x0C,  0x00,  0x00,  0x00,  0xC0,  
 346          0x00,  0x00,  0x0E,  0x00,  0x00,  0x00,  0xC0,  
 347          0x00,  0x00,  0x0E,  0x00,  0x00,  0x00,  0xC0,  
 348          0x00,  0x00,  0x06,  0x00,  0x00,  0x00,  0xC0,  
 349          0x00,  0x00,  0x07,  0x00,  0x00,  0x00,  0x00,  
 350          0x00,  0x00,  0x07,  0x00,  0x00,  0x00,  0x00,  
 351          0x00,  0x00,  0x03,  0x00,  0x00,  0x00,  0x00,  
 352          0x00,  0x00,  0x03,  0x00,  0x00,  0x00,  0x00,  
 353          0x00,  0x00,  0x00,  0x00,  0x00,  0x00,  0x00,  
 354          0x00,  0x00,  0x00,  0x00,  0x00,  0x00,  0x00,  
 355          0x00,  0x00,  0x00,  0x00,  0x00,  0x00,  0x00,  
 356          0x00,  0x01,  0xFF,  0xFF,  0xFF,  0xFF,  0xF0,  
 357          0x00,  0x01,  0xFF,  0xFF,  0xFF,  0xFF,  0xF0,  
 358          0x00,  0x01,  0xFF,  0xFF,  0xFF,  0xFF,  0xF0,  
 359          0x00,  0x01,  0xFF,  0xFF,  0xFF,  0xFF,  0xF0,  
 360          0x00,  0x00,  0x00,  0x00,  0x00,  0x00,  0x00,  
 361          0x00,  0x00,  0x00,  0x00,  0x00,  0x00,  0x00,  
C51 COMPILER V9.00   FORMAT1                                                               03/19/2014 15:23:42 PAGE 9   

 362          0x00,  0x00,  0x00,  0x00,  0x00,  0x00,  0x00,  
 363          0x00,  0x00,  0x00,  0x00,  0x00,  0x00,  0x00,  
 364          0x00,  0x00,  0x00,  0x00,  0x00,  0x00,  0x00,  
 365          0x00,  0x00,  0x00,  0x00,  0x00,  0x00,  0x00,  
 366          0x00,  0x00,  0x00,  0x00,  0x00,  0x00,  0x00,  
 367          0x00,  0x00,  0x00,  0x00,  0x00,  0x00,  0x00,  
 368          0x00,  0x00,  0x00,  0x00,  0x00,  0x00,  0x00,  
 369          0x00,  0x00,  0x00,  0x00,  0x00,  0x00,  0x00,
 370          
 371          //===
 372          0x00,  0x00,  0x00,  0x00,  0x00,  0x00,  0x00,  
 373          0x00,  0x00,  0x00,  0x00,  0x00,  0x00,  0x00,  
 374          0x00,  0x00,  0x00,  0x00,  0x00,  0x00,  0x00,  
 375          0x00,  0x00,  0x00,  0x00,  0x00,  0x00,  0x00,  
 376          0x00,  0x00,  0x00,  0x00,  0xC0,  0xC0,  0x00,  
 377          0x00,  0x00,  0x00,  0x00,  0xC0,  0xC0,  0xC0,  
 378          0x00,  0x00,  0x00,  0x00,  0xC0,  0xC0,  0xC0,  
 379          0x00,  0x00,  0x00,  0x00,  0xC0,  0xC0,  0xC0,  
 380          0x00,  0x00,  0xFC,  0x0C,  0xC0,  0xC0,  0xC0,  
 381          0x00,  0x01,  0xFE,  0x0C,  0xC0,  0xC0,  0xC0,  
 382          0x00,  0x01,  0xFF,  0x0C,  0xE0,  0xC0,  0xC0,  
 383          0x00,  0x01,  0xFF,  0x0C,  0x60,  0xE0,  0xC0,  
 384          0x00,  0x01,  0x83,  0x0C,  0x60,  0xE0,  0xC0,  
 385          0x00,  0x01,  0x83,  0x0C,  0x60,  0x60,  0xC0,  
 386          0x00,  0x01,  0x83,  0x0C,  0x70,  0x60,  0xC0,  
 387          0x00,  0x01,  0x83,  0x0C,  0x70,  0x60,  0xC0,  
 388          0x00,  0x01,  0x83,  0x0C,  0x38,  0x60,  0xC0,  
 389          0x00,  0x01,  0x83,  0x0C,  0x38,  0x70,  0xC0,  
 390          0x00,  0x01,  0x83,  0x0C,  0x1C,  0x30,  0xC0,  
 391          0x00,  0x01,  0x83,  0x0C,  0x1E,  0x30,  0xC0,  
 392          0x00,  0x01,  0x83,  0x0C,  0x0F,  0x30,  0xC0,  
 393          0x00,  0x01,  0x83,  0x0C,  0x0F,  0xC1,  0xC0,  
 394          0x00,  0x01,  0x83,  0x0C,  0x07,  0xFF,  0xC0,  
 395          0x00,  0x01,  0x83,  0x0C,  0x03,  0xFF,  0xC0,  
 396          0x00,  0x01,  0x83,  0x0C,  0x01,  0xFF,  0x80,  
 397          0x00,  0x01,  0x83,  0x0C,  0x00,  0x7F,  0x00,  
 398          0x00,  0x01,  0x83,  0x0C,  0x00,  0x00,  0x00,  
 399          0x00,  0x01,  0x83,  0x0C,  0x00,  0x00,  0x00,  
 400          0x00,  0x01,  0x83,  0x0C,  0x00,  0x00,  0x00,  
 401          0x00,  0x01,  0x83,  0x0C,  0x00,  0x00,  0x00,  
 402          0x00,  0x01,  0x83,  0x0C,  0x00,  0x00,  0x00,  
 403          0x00,  0x01,  0x83,  0x0C,  0x00,  0x00,  0x00,  
 404          0x00,  0x01,  0x83,  0xFC,  0xFF,  0xFF,  0xF0,  
 405          0x00,  0x01,  0x83,  0xFC,  0xFF,  0xFF,  0xF0,  
 406          0x00,  0x01,  0x83,  0xF8,  0xFF,  0xFF,  0xF0,  
 407          0x00,  0x01,  0x81,  0xF8,  0xFF,  0xFF,  0xF0,  
 408          0x00,  0x01,  0x80,  0x00,  0x00,  0xC0,  0x00,  
 409          0x00,  0x01,  0x80,  0x00,  0x00,  0xC0,  0x00,  
 410          0x00,  0x00,  0x00,  0x00,  0x00,  0xC0,  0x00,  
 411          0x00,  0x00,  0x00,  0x00,  0x00,  0xC0,  0x00,  
 412          0x00,  0x00,  0x00,  0x00,  0x00,  0xC0,  0x00,  
 413          0x00,  0x00,  0x00,  0x00,  0x00,  0xC0,  0x00,  
 414          0x00,  0x00,  0x00,  0x00,  0x00,  0x00,  0x00,  
 415          0x00,  0x00,  0x00,  0x00,  0x00,  0x00,  0x00,  
 416          0x00,  0x00,  0x00,  0x00,  0x00,  0x00,  0x00,  
 417          0x00,  0x00,  0x00,  0x00,  0x00,  0x00,  0x00,  
 418          0x00,  0x00,  0x00,  0x00,  0x00,  0x00,  0x00,  
 419          0x00,  0x00,  0x00,  0x00,  0x00,  0x00,  0x00,
 420          
 421          //===
 422          0x00,  0x00,  0x00,  0x00,  0x00,  0x00,  0x00,  
 423          0x00,  0x00,  0x00,  0x00,  0x00,  0x00,  0x00,  
C51 COMPILER V9.00   FORMAT1                                                               03/19/2014 15:23:42 PAGE 10  

 424          0x00,  0x00,  0x00,  0x00,  0x00,  0x00,  0x00,  
 425          0x00,  0x00,  0x00,  0x00,  0x00,  0x00,  0x00,  
 426          0x00,  0x00,  0x00,  0x00,  0x00,  0x00,  0x00,  
 427          0x00,  0x00,  0x00,  0x00,  0x00,  0x00,  0x00,  
 428          0x00,  0x00,  0x00,  0x00,  0x01,  0xF8,  0x00,  
 429          0x00,  0x00,  0x00,  0x30,  0x07,  0xFE,  0x00,  
 430          0x00,  0x00,  0x00,  0x30,  0x0F,  0xFF,  0x00,  
 431          0x00,  0x00,  0x00,  0x30,  0x1F,  0xFF,  0x80,  
 432          0x00,  0x00,  0x00,  0x30,  0x3E,  0x07,  0xC0,  
 433          0x00,  0x00,  0x00,  0x30,  0x38,  0x01,  0xC0,  
 434          0x00,  0x00,  0x00,  0x30,  0x70,  0x00,  0xE0,  
 435          0x00,  0x00,  0x00,  0x30,  0x70,  0x00,  0xE0,  
 436          0x00,  0x00,  0x00,  0x30,  0x60,  0x00,  0x60,  
 437          0x00,  0x00,  0x00,  0x30,  0x60,  0x00,  0x60,  
 438          0x00,  0x00,  0x00,  0x30,  0x60,  0x00,  0x60,  
 439          0x00,  0x00,  0x00,  0x30,  0x60,  0x00,  0x60,  
 440          0x00,  0x00,  0x00,  0x30,  0x60,  0x00,  0x60,  
 441          0x00,  0x00,  0x00,  0x30,  0x70,  0x00,  0xE0,  
 442          0x00,  0x00,  0x00,  0x30,  0x70,  0x00,  0xE0,  
 443          0x00,  0x00,  0x00,  0x30,  0x38,  0x01,  0xC0,  
 444          0x00,  0x00,  0x00,  0x30,  0x3E,  0x07,  0xC0,  
 445          0x00,  0x00,  0x00,  0x30,  0x1F,  0xFF,  0x80,  
 446          0x00,  0x00,  0x00,  0x30,  0x0F,  0xFF,  0x00,  
 447          0x00,  0x00,  0x00,  0x30,  0x07,  0xFE,  0x00,  
 448          0x00,  0x00,  0x00,  0x30,  0x01,  0xF8,  0x00,  
 449          0x00,  0x00,  0x00,  0x30,  0x00,  0x00,  0x00,  
 450          0x00,  0x00,  0x00,  0x30,  0x00,  0x00,  0x00,  
 451          0x00,  0x00,  0x00,  0x30,  0x00,  0x00,  0x00,  
 452          0x00,  0x00,  0x00,  0x30,  0x00,  0x00,  0x00,  
 453          0x00,  0x00,  0x00,  0x30,  0x00,  0x00,  0x00,  
 454          0x00,  0x01,  0xFF,  0xF1,  0xFF,  0xFF,  0xF0,  
 455          0x00,  0x01,  0xFF,  0xF1,  0xFF,  0xFF,  0xF0,  
 456          0x00,  0x01,  0xFF,  0xE1,  0xFF,  0xFF,  0xF0,  
 457          0x00,  0x01,  0xFF,  0xC1,  0xFF,  0xFF,  0xF0,  
 458          0x00,  0x00,  0x00,  0x00,  0x18,  0x18,  0x00,  
 459          0x00,  0x00,  0x00,  0x00,  0x18,  0x18,  0x00,  
 460          0x00,  0x00,  0x00,  0x00,  0x18,  0x18,  0x00,  
 461          0x00,  0x00,  0x00,  0x00,  0x18,  0x18,  0x00,  
 462          0x00,  0x00,  0x00,  0x00,  0x18,  0x18,  0x00,  
 463          0x00,  0x00,  0x00,  0x00,  0x18,  0x18,  0x00,  
 464          0x00,  0x00,  0x00,  0x00,  0x00,  0x00,  0x00,  
 465          0x00,  0x00,  0x00,  0x00,  0x00,  0x00,  0x00,  
 466          0x00,  0x00,  0x00,  0x00,  0x00,  0x00,  0x00,  
 467          0x00,  0x00,  0x00,  0x00,  0x00,  0x00,  0x00,  
 468          0x00,  0x00,  0x00,  0x00,  0x00,  0x00,  0x00,  
 469          0x00,  0x00,  0x00,  0x00,  0x00,  0x00,  0x00,
 470          //===
 471          0x00,  0x00,  0x00,  0x00,  0x00,  0x00,  0x00,  
 472          0x00,  0x00,  0x00,  0x00,  0x00,  0x00,  0x00,  
 473          0x00,  0x00,  0x00,  0x00,  0x00,  0x00,  0x00,  
 474          0x00,  0x00,  0x00,  0x00,  0x00,  0x00,  0x00,  
 475          0x00,  0x00,  0x00,  0x00,  0x18,  0x00,  0x00,  
 476          0x00,  0x00,  0x00,  0x00,  0x18,  0x00,  0x00,  
 477          0x00,  0x00,  0x00,  0x00,  0x18,  0x00,  0x00,  
 478          0x00,  0x00,  0x00,  0x60,  0x18,  0x00,  0x60,  
 479          0x00,  0x00,  0x00,  0x60,  0x18,  0x00,  0x60,  
 480          0x00,  0x00,  0x00,  0x60,  0x18,  0x00,  0x60,  
 481          0x00,  0x00,  0x00,  0x60,  0x18,  0x00,  0x60,  
 482          0x00,  0x00,  0x00,  0x60,  0x18,  0x00,  0x60,  
 483          0x00,  0x00,  0x00,  0x60,  0x18,  0x00,  0x60,  
 484          0x00,  0x00,  0x00,  0x60,  0x18,  0x00,  0x60,  
 485          0x00,  0x00,  0x00,  0x60,  0x18,  0x00,  0x60,  
C51 COMPILER V9.00   FORMAT1                                                               03/19/2014 15:23:42 PAGE 11  

 486          0x00,  0x00,  0x00,  0x60,  0x18,  0x00,  0x60,  
 487          0x00,  0x00,  0x00,  0x60,  0x18,  0x00,  0x60,  
 488          0x00,  0x00,  0x00,  0x60,  0x18,  0x00,  0x60,  
 489          0x00,  0x00,  0x00,  0x60,  0x18,  0x00,  0x60,  
 490          0x00,  0x00,  0x00,  0x60,  0x18,  0x00,  0x60,  
 491          0x00,  0x00,  0x00,  0x60,  0x18,  0x00,  0x60,  
 492          0x00,  0x00,  0x00,  0x6F,  0xF8,  0x00,  0x60,  
 493          0x00,  0x00,  0x00,  0x6F,  0xF8,  0x00,  0x60,  
 494          0x00,  0x00,  0x00,  0x6F,  0xF8,  0x00,  0x60,  
 495          0x00,  0x00,  0x00,  0x6F,  0xF8,  0x00,  0x60,  
 496          0x00,  0x00,  0x00,  0x60,  0x18,  0x00,  0x60,  
 497          0x00,  0x00,  0x00,  0x60,  0x18,  0x00,  0x60,  
 498          0x00,  0x00,  0x00,  0x60,  0x18,  0x00,  0x60,  
 499          0x00,  0x00,  0x00,  0x60,  0x18,  0x00,  0x60,  
 500          0x00,  0x00,  0x00,  0x60,  0x18,  0x00,  0x60,  
 501          0x00,  0x00,  0x00,  0x60,  0x18,  0x00,  0x60,  
 502          0x00,  0x00,  0x00,  0x60,  0x18,  0x00,  0x60,  
 503          0x00,  0x00,  0x00,  0x60,  0x18,  0x00,  0x60,  
 504          0x00,  0x00,  0x00,  0x60,  0x1F,  0x00,  0xE0,  
 505          0x00,  0x01,  0xFF,  0xE0,  0x1F,  0xFF,  0xE0,  
 506          0x00,  0x01,  0xFF,  0xE0,  0x1F,  0xFF,  0xE0,  
 507          0x00,  0x01,  0xFF,  0xC0,  0x1B,  0xFF,  0xC0,  
 508          0x00,  0x01,  0xFF,  0x80,  0x18,  0xFF,  0x80,  
 509          0x00,  0x00,  0x00,  0x00,  0x18,  0x00,  0x00,  
 510          0x00,  0x00,  0x00,  0x00,  0x18,  0x00,  0x00,  
 511          0x00,  0x00,  0x00,  0x00,  0x18,  0x00,  0x00,  
 512          0x00,  0x00,  0x00,  0x00,  0x18,  0x00,  0x00,  
 513          0x00,  0x00,  0x00,  0x00,  0x00,  0x00,  0x00,  
 514          0x00,  0x00,  0x00,  0x00,  0x00,  0x00,  0x00,  
 515          0x00,  0x00,  0x00,  0x00,  0x00,  0x00,  0x00,  
 516          0x00,  0x00,  0x00,  0x00,  0x00,  0x00,  0x00,  
 517          0x00,  0x00,  0x00,  0x00,  0x00,  0x00,  0x00,  
 518          0x00,  0x00,  0x00,  0x00,  0x00,  0x00,  0x00
 519          
 520          };
 521                    
 522          code unsigned char LName [144][7]       ={
 523          0x00,  0x00,  0x00,  0x00,  0x00,  0x00,  0x00,  0x00,  0x00,  0x00,  0x00,  0x00,  0x00,  0x00,  0x00,  0
             -x00,  0x07,  0x00,  0x00,  0x00,  0x00,  0x00,  0x00,  0x07,  0x00,  0x00,  0x00,  0x00,  0x00,  0x00,  0x07,  0x00,  0x
             -00,  0x00,  0x00,  0x00,  0x00,  0x07,  0x00,  0x00,  0x00,  0x00,  0x00,  0x00,  0x07,  0x00,  0x01,  0xC0,  0x00,  0x0
             -0,  0x0E,  0x07,  0x00,  0x01,  0xC0,  0x00,  0x00,  0x3F,  0x87,  0x07,  0xE1,  0xC0,  0x00,  0x00,  0x7F,  0xC7,  0x0F
             -,  0xF1,  0xC0,  0x00,  0x00,  0x7F,  0xC7,  0x0F,  0xF1,  0xC0,  0x00,  0x00,  0xFF,  0xE7,  0x1F,  0xF9,  0xC0,  0x00,
             -  0x00,  0xFF,  0xE7,  0x1F,  0xF9,  0xC0,  0x00,  0x00,  0xF1,  0xE7,  0x1E,  0xF9,  0xC0,  0x00,  0x01,  0xE0,  0xE7, 
             - 0x3C,  0x39,  0xC0,  0x00,  0x01,  0xE0,  0xF7,  0x3C,  0x3D,  0xC0,  0x00,  0x01,  0xE0,  0xF7,  0x3C,  0x3D,  0xC0,  
             -0x00,  0x01,  0xC0,  0x77,  0x38,  0x1D,  0xC0,  0x00,  0x01,  0xC0,  0x77,  0x38,  0x1D,  0xC0,  0x00,  0x01,  0xC0,  0
             -x77,  0xF8,  0x1D,  0xFC,  0x00,  0x01,  0xC0,  0x77,  0xF8,  0x1D,  0xFC,  0x00,  0x01,  0xC0,  0x77,  0xF8,  0x1D,  0x
             -FC,  0x00,  0x01,  0xC0,  0x77,  0xF8,  0x1D,  0xFC,  0x00,  0x01,  0xC0,  0x77,  0xF8,  0x1D,  0xFC,  0x00,  0x01,  0xC
             -0,  0x77,  0xF8,  0x1D,  0xFC,  0x00,  0x01,  0xC0,  0x77,  0x38,  0x1D,  0xC0,  0x00,  0x01,  0xC0,  0x77,  0x38,  0x1D
             -,  0xC0,  0x00,  0x01,  0xE0,  0xF7,  0x3C,  0x3D,  0xC0,  0x00,  0x01,  0xE0,  0xF7,  0x3C,  0x3D,  0xC0,  0x00,  0x01,
             -  0xE0,  0xE7,  0x3C,  0x39,  0xC0,  0x00,  0x00,  0xF1,  0xE7,  0x1E,  0xF9,  0xC0,  0x00,  0x00,  0xFF,  0xE7,  0x1F, 
             - 0xF9,  0xC0,  0x00,  0x00,  0xFF,  0xE7,  0x1F,  0xF9,  0xC0,  0x00,  0x00,  0x7F,  0xC7,  0x0F,  0xF1,  0xC0,  0x00,  
             -0x00,  0x7F,  0xC7,  0x0F,  0xF1,  0xC0,  0x00,  0x00,  0x3F,  0x87,  0x07,  0xE1,  0xC0,  0x00,  0x00,  0x0E,  0x07,  0
             -x00,  0x01,  0xC0,  0x00,  0x00,  0x00,  0x07,  0x00,  0x01,  0xC0,  0x00,  0x00,  0x00,  0x07,  0x00,  0x00,  0x00,  0x
             -00,  0x00,  0x00,  0x07,  0x00,  0x00,  0x00,  0x00,  0x00,  0x00,  0x07,  0x00,  0x00,  
 524          0x00,  0x00,  0x00,  0x00,  0x07,  0x00,  0x00,  0x00
 525          ,  0x00,  0x00,  0x00,  0x00,  0x00,  0x00,  0x00,  0x00,  0x00,  0x00,  0x00,  0x00,  0x00,  0x00,  0x00,
             -  0x00,  0x00,  0x00,  0x00,  0x00,  0x00,  0x00,  0x00,  0x00,  0x00,  0x00,  0x00,  0x00,  0x00,  0x00,  0x00,  0x00, 
             - 0x00,  0x00,  0x00,  0x00,  0x00,  0x00,  0x00,  0x00,  0x00,  0x00, 
 526          0x00,
 527          //===
 528          0x00,  0x00,  0x00,  0x00,  0x00,  0x00,  0x00,  0x00,  0x00,  0x00,  0x00,  0x00,  0x00,  0x00,  0x00,  0
             -x00,  0x00,  0x00,  0x00,  0x00,  0x00,  0x00,  0x00,  0x00,  0x00,  0x00,  0x00,  0x00,  0x00,  0x00,  0x00,  0x20,  0x
C51 COMPILER V9.00   FORMAT1                                                               03/19/2014 15:23:42 PAGE 12  

             -00,  0x00,  0x00,  0x00,  0x00,  0x00,  0x60,  0x00,  0x00,  0x00,  0x00,  0x00,  0x00,  0xE0,  0x00,  0x70,  0x00,  0x0
             -0,  0x00,  0x00,  0xF0,  0x00,  0x70,  0x00,  0x00,  0x00,  0x00,  0xF0,  0x00,  0x70,  0x00,  0x00,  0x00,  0x00,  0xF8
             -,  0x00,  0x70,  0x00,  0x00,  0x00,  0x00,  0x78,  0x00,  0x70,  0x00,  0x01,  0xFF,  0x87,  0x7C,  0x00,  0x70,  0x00,
             -  0x01,  0xFF,  0x87,  0x3C,  0x00,  0x70,  0x00,  0x01,  0xFF,  0x87,  0x3E,  0x00,  0x70,  0x00,  0x01,  0xFF,  0x87, 
             - 0x1F,  0x00,  0x70,  0x00,  0x01,  0xFF,  0x87,  0x1F,  0x80,  0x70,  0x00,  0x01,  0xFF,  0x87,  0x0F,  0xC0,  0x70,  
             -0x00,  0x01,  0xC3,  0x87,  0x07,  0xE0,  0x70,  0x00,  0x01,  0xC3,  0x87,  0x07,  0xF0,  0x70,  0x00,  0x01,  0xC3,  0
             -x87,  0x03,  0xF8,  0x70,  0x00,  0x01,  0xC3,  0x87,  0x01,  0xFF,  0x70,  0x00,  0x01,  0xC3,  0x87,  0x00,  0xFF,  0x
             -F0,  0x00,  0x01,  0xC3,  0x87,  0x00,  0x7F,  0xF0,  0x00,  0x01,  0xC3,  0x87,  0x00,  0x3F,  0xF0,  0x00,  0x01,  0xC
             -3,  0x87,  0x00,  0x0F,  0xF0,  0x00,  0x01,  0xC3,  0x87,  0x00,  0x03,  0xF0,  0x00,  0x01,  0xC3,  0x87,  0x00,  0x00
             -,  0x70,  0x00,  0x01,  0xC3,  0x87,  0x00,  0x00,  0x00,  0x00,  0x01,  0xC3,  0x87,  0x00,  0x00,  0x00,  0x00,  0x01,
             -  0xC3,  0x87,  0x00,  0x00,  0x00,  0x00,  0x01,  0xC3,  0x87,  0x00,  0x00,  0x00,  0x00,  0x01,  0xC3,  0x87,  0x00, 
             - 0x00,  0x00,  0x00,  0x01,  0xC3,  0x87,  0x3F,  0xFF,  0xFC,  0x00,  0x01,  0xC3,  0xFF,  0x3F,  0xFF,  0xFC,  0x00,  
             -0x01,  0xC3,  0xFF,  0x3F,  0xFF,  0xFC,  0x00,  0x01,  0xC3,  0xFF,  0x3F,  0xFF,  0xFC,  0x00,  0x01,  0xC3,  0xFF,  0
             -x3F,  0xFF,  0xFC,  0x00,  0x01,  0xC3,  0xFF,  0x3F,  0xFF,  0xFC,  0x00,  0x01,  0xC0,  0x00,  0x00,  0x00,  0x00,  0x
             -00,  0x00,  0x00,  0x00,  0x00,  0x00,  0x00,  0x00,  0x00,  0x00,  0x00,  0x00,  0x00,  0x00,  0x00,  0x00, 
 529          0x00,  0x00,  0x00,  0x00,  0x00
 530          ,  0x00,  0x00,  0x00,  0x00,  0x00,  0x00,  0x00,  0x00,  0x00,  0x00,  0x00,  0x00,  0x00,  0x00,  0x00,
             -  0x00,  0x00,  0x00,  0x00,  0x00,  0x00,  0x00,  0x00,  0x00,  0x00,  0x00,  0x00,  0x00,  0x00,  0x00,  0x00,  0x00, 
             - 0x00,  0x00,  0x00,  0x00,  0x00,  0x00,  0x00,  0x00,  0x00,  0x00, 
 531          0x00,
 532          //===
 533          0x00,  0x00,  0x00,  0x00,  0x00,  0x00,  0x00,  0x00,  0x00,  0x00,  0x00,  0x00,  0x00,  0x00,  0x00,  0
             -x00,  0x00,  0xE0,  0x00,  0x00,  0x00,  0x00,  0x00,  0x00,  0xE0,  0x00,  0x00,  0x00,  0x00,  0x00,  0x00,  0xE0,  0x
             -00,  0x00,  0x00,  0x00,  0x00,  0x00,  0xE0,  0x00,  0x00,  0x00,  0x00,  0x00,  0x00,  0xE0,  0x00,  0x00,  0x00,  0x0
             -0,  0x00,  0x00,  0xE0,  0x00,  0x00,  0x00,  0x00,  0x1F,  0xC0,  0xE0,  0xFF,  0xF8,  0x00,  0x00,  0x3F,  0xE0,  0xE0
             -,  0xFF,  0xF8,  0x00,  0x00,  0x7F,  0xF0,  0xE0,  0xFF,  0xF8,  0x00,  0x00,  0x7F,  0xF0,  0xE0,  0xFF,  0xF8,  0x00,
             -  0x00,  0xFF,  0xF8,  0xE0,  0xFF,  0xF8,  0x00,  0x00,  0xFD,  0xF8,  0xE0,  0xFF,  0xF8,  0x00,  0x00,  0xF0,  0x78, 
             - 0xE0,  0xE0,  0x38,  0x00,  0x01,  0xE0,  0x3C,  0xE0,  0xE0,  0x38,  0x00,  0x01,  0xE0,  0x3C,  0xE0,  0xE0,  0x38,  
             -0x00,  0x01,  0xE0,  0x3C,  0xE0,  0xE0,  0x38,  0x00,  0x01,  0xC0,  0x1C,  0xE0,  0xE0,  0x38,  0x00,  0x01,  0xC0,  0
             -x1C,  0xFF,  0xE0,  0x38,  0x00,  0x01,  0xC0,  0x1C,  0xFF,  0xE0,  0x38,  0x00,  0x01,  0xC0,  0x1C,  0xFF,  0xE0,  0x
             -38,  0x00,  0x01,  0xC0,  0x1C,  0xFF,  0xE0,  0x38,  0x00,  0x01,  0xC0,  0x1C,  0xFF,  0xE0,  0x38,  0x00,  0x01,  0xC
             -0,  0x1C,  0xFF,  0xE0,  0x38,  0x00,  0x01,  0xC0,  0x1C,  0xE0,  0xE0,  0x38,  0x00,  0x01,  0xE0,  0x3C,  0xE0,  0xE0
             -,  0x38,  0x00,  0x01,  0xE0,  0x3C,  0xE0,  0xE0,  0x38,  0x00,  0x01,  0xE0,  0x3C,  0xE0,  0xE0,  0x38,  0x00,  0x00,
             -  0xF0,  0x78,  0xE0,  0xE0,  0x38,  0x00,  0x00,  0xFD,  0xF8,  0xE0,  0xE0,  0x38,  0x00,  0x00,  0xFF,  0xF8,  0xE0, 
             - 0xE0,  0x38,  0x00,  0x00,  0x7F,  0xF0,  0xE0,  0xE0,  0x38,  0x00,  0x00,  0x7F,  0xF0,  0xE0,  0xE0,  0x38,  0x00,  
             -0x00,  0x3F,  0xE0,  0xE0,  0xE0,  0x38,  0x00,  0x00,  0x1F,  0xC0,  0xE0,  0xE0,  0x38,  0x00,  0x00,  0x00,  0x00,  0
             -xE0,  0x00,  0x00,  0x00,  0x00,  0x00,  0x00,  0xE0,  0x00,  0x00,  0x00,  0x00,  0x00,  0x00,  0xE0,  0x00,  0x00,  0x
             -00,  0x00,  0x00,  0x00,  0xE0,  0x00,  0x00,  0x00,  0x00,  0x00,  0x00,  0xE0,  0x00,  
 534          0x00,  0x00,  0x00,  0x00,  0x00,  0xE0,  0x00,  0x00
 535          ,  0x00,  0x00,  0x00,  0x00,  0x00,  0x00,  0x00,  0x00,  0x00,  0x00,  0x00,  0x00,  0x00,  0x00,  0x00,
             -  0x00,  0x00,  0x00,  0x00,  0x00,  0x00,  0x00,  0x00,  0x00,  0x00,  0x00,  0x00,  0x00,  0x00,  0x00,  0x00,  0x00, 
             - 0x00,  0x00,  0x00,  0x00,  0x00,  0x00,  0x00,  0x00,  0x00,  0x00, 
 536          0x00
 537          };
 538          code unsigned char cA11 [11][32][4] = 
 539          {
 540          //0
 541          0x00,  0x00,  0x00,  0x00,  
 542          0x00,  0x00,  0x00,  0x00,  
 543          0x00,  0x00,  0x00,  0x00,  
 544          0x00,  0x00,  0x00,  0x00,  
 545          0x00,  0x00,  0x00,  0x00,  
 546          0x00,  0x00,  0x00,  0x00,  
 547          0x03,  0xFF,  0xC0,  0x00,  
 548          0x0F,  0xFF,  0xF0,  0x00,  
 549          0x1F,  0xFF,  0xFC,  0x00,  
 550          0x3F,  0xC1,  0xFC,  0x00,  
 551          0x3E,  0x00,  0x3E,  0x00,  
 552          0x3C,  0x00,  0x1E,  0x00,  
 553          0x38,  0x00,  0x0E,  0x00,  
 554          0x38,  0x00,  0x0E,  0x00,  
 555          0x3C,  0x00,  0x1E,  0x00,  
C51 COMPILER V9.00   FORMAT1                                                               03/19/2014 15:23:42 PAGE 13  

 556          0x3E,  0x00,  0x3E,  0x00,  
 557          0x1F,  0xC1,  0xFE,  0x00,  
 558          0x1F,  0xFF,  0xFC,  0x00,  
 559          0x0F,  0xFF,  0xF8,  0x00,  
 560          0x01,  0xFF,  0xE0,  0x00,  
 561          0x00,  0x00,  0x00,  0x00,  
 562          0x00,  0x00,  0x00,  0x00,  
 563          0x00,  0x00,  0x00,  0x00,  
 564          0x00,  0x00,  0x00,  0x00,  
 565          0x00,  0x00,  0x00,  0x00,  
 566          0x00,  0x00,  0x00,  0x00,  
 567          0x00,  0x00,  0x00,  0x00,  
 568          0x00,  0x00,  0x00,  0x00,  
 569          0x00,  0x00,  0x00,  0x00,  
 570          0x00,  0x00,  0x00,  0x00,  
 571          0x00,  0x00,  0x00,  0x00,  
 572          0x00,  0x00,  0x00,  0x00, 
 573          //1
 574          0x00,  0x00,  0x00,  0x00,  
 575          0x00,  0x00,  0x00,  0x00,  
 576          0x00,  0x00,  0x00,  0x00,  
 577          0x00,  0x00,  0x00,  0x00,  
 578          0x00,  0x00,  0x00,  0x00,  
 579          0x00,  0x00,  0x00,  0x00,  
 580          0x00,  0x00,  0x00,  0x00,  
 581          0x38,  0x00,  0x3C,  0x00,  
 582          0x38,  0x00,  0x3C,  0x00,  
 583          0x38,  0x00,  0x1C,  0x00,  
 584          0x38,  0x00,  0x1C,  0x00,  
 585          0x38,  0x00,  0x1E,  0x00,  
 586          0x3F,  0xFF,  0xFE,  0x00,  
 587          0x3F,  0xFF,  0xFE,  0x00,  
 588          0x3F,  0xFF,  0xFF,  0x00,  
 589          0x38,  0x00,  0x00,  0x00,  
 590          0x38,  0x00,  0x00,  0x00,  
 591          0x38,  0x00,  0x00,  0x00,  
 592          0x38,  0x00,  0x00,  0x00,  
 593          0x38,  0x00,  0x00,  0x00,  
 594          0x00,  0x00,  0x00,  0x00,  
 595          0x00,  0x00,  0x00,  0x00,  
 596          0x00,  0x00,  0x00,  0x00,  
 597          0x00,  0x00,  0x00,  0x00,  
 598          0x00,  0x00,  0x00,  0x00,  
 599          0x00,  0x00,  0x00,  0x00,  
 600          0x00,  0x00,  0x00,  0x00,  
 601          0x00,  0x00,  0x00,  0x00,  
 602          0x00,  0x00,  0x00,  0x00,  
 603          0x00,  0x00,  0x00,  0x00,  
 604          0x00,  0x00,  0x00,  0x00,  
 605          0x00,  0x00,  0x00,  0x00, 
 606          //2
 607          0x00,  0x00,  0x00,  0x00,  
 608          0x00,  0x00,  0x00,  0x00,  
 609          0x00,  0x00,  0x00,  0x00,  
 610          0x00,  0x00,  0x00,  0x00,  
 611          0x00,  0x00,  0x00,  0x00,  
 612          0x00,  0x00,  0x00,  0x00,  
 613          0x3C,  0x00,  0x00,  0x00,  
 614          0x3E,  0x00,  0x3C,  0x00,  
 615          0x3E,  0x00,  0x3C,  0x00,  
 616          0x3F,  0x00,  0x1E,  0x00,  
 617          0x3F,  0x80,  0x1E,  0x00,  
C51 COMPILER V9.00   FORMAT1                                                               03/19/2014 15:23:42 PAGE 14  

 618          0x3B,  0xC0,  0x1E,  0x00,  
 619          0x39,  0xE0,  0x0E,  0x00,  
 620          0x39,  0xF0,  0x0E,  0x00,  
 621          0x38,  0xF8,  0x1E,  0x00,  
 622          0x38,  0x7C,  0x1E,  0x00,  
 623          0x38,  0x3F,  0x3E,  0x00,  
 624          0x38,  0x1F,  0xFC,  0x00,  
 625          0x38,  0x0F,  0xFC,  0x00,  
 626          0x38,  0x03,  0xF8,  0x00,  
 627          0x00,  0x00,  0x00,  0x00,  
 628          0x00,  0x00,  0x00,  0x00,  
 629          0x00,  0x00,  0x00,  0x00,  
 630          0x00,  0x00,  0x00,  0x00,  
 631          0x00,  0x00,  0x00,  0x00,  
 632          0x00,  0x00,  0x00,  0x00,  
 633          0x00,  0x00,  0x00,  0x00,  
 634          0x00,  0x00,  0x00,  0x00,  
 635          0x00,  0x00,  0x00,  0x00,  
 636          0x00,  0x00,  0x00,  0x00,  
 637          0x00,  0x00,  0x00,  0x00,  
 638          0x00,  0x00,  0x00,  0x00, 
 639          //3
 640          0x00,  0x00,  0x00,  0x00,  
 641          0x00,  0x00,  0x00,  0x00,  
 642          0x00,  0x00,  0x00,  0x00,  
 643          0x00,  0x00,  0x00,  0x00,  
 644          0x00,  0x00,  0x00,  0x00,  
 645          0x00,  0x00,  0x00,  0x00,  
 646          0x00,  0x00,  0x00,  0x00,  
 647          0x1E,  0x00,  0x00,  0x00,  
 648          0x3E,  0x00,  0x1C,  0x00,  
 649          0x3C,  0x1C,  0x1E,  0x00,  
 650          0x3C,  0x1C,  0x1E,  0x00,  
 651          0x38,  0x1C,  0x0E,  0x00,  
 652          0x38,  0x1C,  0x0E,  0x00,  
 653          0x38,  0x3E,  0x0E,  0x00,  
 654          0x3C,  0x3E,  0x1E,  0x00,  
 655          0x3C,  0x3F,  0x3E,  0x00,  
 656          0x3E,  0x7F,  0xFE,  0x00,  
 657          0x1F,  0xF3,  0xFC,  0x00,  
 658          0x0F,  0xF1,  0xF8,  0x00,  
 659          0x07,  0xE0,  0x00,  0x00,  
 660          0x00,  0x00,  0x00,  0x00,  
 661          0x00,  0x00,  0x00,  0x00,  
 662          0x00,  0x00,  0x00,  0x00,  
 663          0x00,  0x00,  0x00,  0x00,  
 664          0x00,  0x00,  0x00,  0x00,  
 665          0x00,  0x00,  0x00,  0x00,  
 666          0x00,  0x00,  0x00,  0x00,  
 667          0x00,  0x00,  0x00,  0x00,  
 668          0x00,  0x00,  0x00,  0x00,  
 669          0x00,  0x00,  0x00,  0x00,  
 670          0x00,  0x00,  0x00,  0x00,  
 671          0x00,  0x00,  0x00,  0x00, 
 672          //4
 673          0x00,  0x00,  0x00,  0x00,  
 674          0x00,  0x00,  0x00,  0x00,  
 675          0x00,  0x00,  0x00,  0x00,  
 676          0x00,  0x00,  0x00,  0x00,  
 677          0x00,  0x00,  0x00,  0x00,  
 678          0x01,  0xE0,  0x00,  0x00,  
 679          0x01,  0xF0,  0x00,  0x00,  
C51 COMPILER V9.00   FORMAT1                                                               03/19/2014 15:23:42 PAGE 15  

 680          0x01,  0xFC,  0x00,  0x00,  
 681          0x01,  0xFE,  0x00,  0x00,  
 682          0x01,  0xDF,  0x00,  0x00,  
 683          0x01,  0xC7,  0xC0,  0x00,  
 684          0x01,  0xC3,  0xE0,  0x00,  
 685          0x01,  0xC1,  0xF8,  0x00,  
 686          0x01,  0xC0,  0x7C,  0x00,  
 687          0x01,  0xC0,  0x3E,  0x00,  
 688          0x3F,  0xFF,  0xFE,  0x00,  
 689          0x3F,  0xFF,  0xFE,  0x00,  
 690          0x3F,  0xFF,  0xFE,  0x00,  
 691          0x01,  0xC0,  0x00,  0x00,  
 692          0x01,  0xC0,  0x00,  0x00,  
 693          0x01,  0xC0,  0x00,  0x00,  
 694          0x00,  0x00,  0x00,  0x00,  
 695          0x00,  0x00,  0x00,  0x00,  
 696          0x00,  0x00,  0x00,  0x00,  
 697          0x00,  0x00,  0x00,  0x00,  
 698          0x00,  0x00,  0x00,  0x00,  
 699          0x00,  0x00,  0x00,  0x00,  
 700          0x00,  0x00,  0x00,  0x00,  
 701          0x00,  0x00,  0x00,  0x00,  
 702          0x00,  0x00,  0x00,  0x00,  
 703          0x00,  0x00,  0x00,  0x00,  
 704          0x00,  0x00,  0x00,  0x00, 
 705          //5
 706          0x00,  0x00,  0x00,  0x00,  
 707          0x00,  0x00,  0x00,  0x00,  
 708          0x00,  0x00,  0x00,  0x00,  
 709          0x00,  0x00,  0x00,  0x00,  
 710          0x00,  0x00,  0x00,  0x00,  
 711          0x00,  0x00,  0x00,  0x00,  
 712          0x00,  0x00,  0x00,  0x00,  
 713          0x3C,  0x00,  0x00,  0x00,  
 714          0x3C,  0x1F,  0xFE,  0x00,  
 715          0x3C,  0x0F,  0xFE,  0x00,  
 716          0x38,  0x0F,  0xFE,  0x00,  
 717          0x38,  0x0E,  0x0E,  0x00,  
 718          0x38,  0x0E,  0x0E,  0x00,  
 719          0x3C,  0x1E,  0x0E,  0x00,  
 720          0x3C,  0x1E,  0x0E,  0x00,  
 721          0x3C,  0x1E,  0x0E,  0x00,  
 722          0x1F,  0x7E,  0x0E,  0x00,  
 723          0x1F,  0xFC,  0x0E,  0x00,  
 724          0x0F,  0xF8,  0x0E,  0x00,  
 725          0x07,  0xF0,  0x00,  0x00,  
 726          0x00,  0x00,  0x00,  0x00,  
 727          0x00,  0x00,  0x00,  0x00,  
 728          0x00,  0x00,  0x00,  0x00,  
 729          0x00,  0x00,  0x00,  0x00,  
 730          0x00,  0x00,  0x00,  0x00,  
 731          0x00,  0x00,  0x00,  0x00,  
 732          0x00,  0x00,  0x00,  0x00,  
 733          0x00,  0x00,  0x00,  0x00,  
 734          0x00,  0x00,  0x00,  0x00,  
 735          0x00,  0x00,  0x00,  0x00,  
 736          0x00,  0x00,  0x00,  0x00,  
 737          0x00,  0x00,  0x00,  0x00, 
 738          //6
 739          0x00,  0x00,  0x00,  0x00,  
 740          0x00,  0x00,  0x00,  0x00,  
 741          0x00,  0x00,  0x00,  0x00,  
C51 COMPILER V9.00   FORMAT1                                                               03/19/2014 15:23:42 PAGE 16  

 742          0x00,  0x00,  0x00,  0x00,  
 743          0x00,  0x00,  0x00,  0x00,  
 744          0x00,  0x00,  0x00,  0x00,  
 745          0x00,  0x00,  0x00,  0x00,  
 746          0x03,  0xFF,  0x80,  0x00,  
 747          0x0F,  0xFF,  0xE0,  0x00,  
 748          0x1F,  0xFF,  0xF0,  0x00,  
 749          0x3F,  0x3F,  0xF8,  0x00,  
 750          0x3C,  0x1C,  0x7C,  0x00,  
 751          0x3C,  0x1E,  0x3E,  0x00,  
 752          0x38,  0x0E,  0x1E,  0x00,  
 753          0x38,  0x0E,  0x1E,  0x00,  
 754          0x3C,  0x1E,  0x0E,  0x00,  
 755          0x3C,  0x1E,  0x0E,  0x00,  
 756          0x3F,  0x7E,  0x0E,  0x00,  
 757          0x1F,  0xFC,  0x1E,  0x00,  
 758          0x0F,  0xFC,  0x1E,  0x00,  
 759          0x07,  0xF0,  0x00,  0x00,  
 760          0x00,  0x00,  0x00,  0x00,  
 761          0x00,  0x00,  0x00,  0x00,  
 762          0x00,  0x00,  0x00,  0x00,  
 763          0x00,  0x00,  0x00,  0x00,  
 764          0x00,  0x00,  0x00,  0x00,  
 765          0x00,  0x00,  0x00,  0x00,  
 766          0x00,  0x00,  0x00,  0x00,  
 767          0x00,  0x00,  0x00,  0x00,  
 768          0x00,  0x00,  0x00,  0x00,  
 769          0x00,  0x00,  0x00,  0x00,  
 770          0x00,  0x00,  0x00,  0x00, 
 771          //7
 772          0x00,  0x00,  0x00,  0x00,  
 773          0x00,  0x00,  0x00,  0x00,  
 774          0x00,  0x00,  0x00,  0x00,  
 775          0x00,  0x00,  0x00,  0x00,  
 776          0x00,  0x00,  0x00,  0x00,  
 777          0x00,  0x00,  0x00,  0x00,  
 778          0x00,  0x00,  0x0E,  0x00,  
 779          0x00,  0x00,  0x0E,  0x00,  
 780          0x00,  0x00,  0x0E,  0x00,  
 781          0x38,  0x00,  0x0E,  0x00,  
 782          0x3E,  0x00,  0x0E,  0x00,  
 783          0x3F,  0x80,  0x0E,  0x00,  
 784          0x1F,  0xE0,  0x0E,  0x00,  
 785          0x07,  0xF8,  0x0E,  0x00,  
 786          0x01,  0xFE,  0x0E,  0x00,  
 787          0x00,  0x7F,  0xCE,  0x00,  
 788          0x00,  0x1F,  0xFE,  0x00,  
 789          0x00,  0x07,  0xFE,  0x00,  
 790          0x00,  0x01,  0xFE,  0x00,  
 791          0x00,  0x00,  0x3E,  0x00,  
 792          0x00,  0x00,  0x0E,  0x00,  
 793          0x00,  0x00,  0x00,  0x00,  
 794          0x00,  0x00,  0x00,  0x00,  
 795          0x00,  0x00,  0x00,  0x00,  
 796          0x00,  0x00,  0x00,  0x00,  
 797          0x00,  0x00,  0x00,  0x00,  
 798          0x00,  0x00,  0x00,  0x00,  
 799          0x00,  0x00,  0x00,  0x00,  
 800          0x00,  0x00,  0x00,  0x00,  
 801          0x00,  0x00,  0x00,  0x00,  
 802          0x00,  0x00,  0x00,  0x00,  
 803          0x00,  0x00,  0x00,  0x00, 
C51 COMPILER V9.00   FORMAT1                                                               03/19/2014 15:23:42 PAGE 17  

 804          //8
 805          0x00,  0x00,  0x00,  0x00,  
 806          0x00,  0x00,  0x00,  0x00,  
 807          0x00,  0x00,  0x00,  0x00,  
 808          0x00,  0x00,  0x00,  0x00,  
 809          0x00,  0x00,  0x00,  0x00,  
 810          0x00,  0x00,  0x00,  0x00,  
 811          0x0F,  0xC0,  0x00,  0x00,  
 812          0x1F,  0xE1,  0xF8,  0x00,  
 813          0x1F,  0xF3,  0xFC,  0x00,  
 814          0x3E,  0xF7,  0xFC,  0x00,  
 815          0x3C,  0xFF,  0x3E,  0x00,  
 816          0x3C,  0x7E,  0x1E,  0x00,  
 817          0x38,  0x7C,  0x1E,  0x00,  
 818          0x38,  0x38,  0x0E,  0x00,  
 819          0x38,  0x7C,  0x0E,  0x00,  
 820          0x3C,  0x7E,  0x1E,  0x00,  
 821          0x3C,  0x7F,  0x3E,  0x00,  
 822          0x3E,  0xF7,  0xFE,  0x00,  
 823          0x1F,  0xF3,  0xFC,  0x00,  
 824          0x1F,  0xE1,  0xF8,  0x00,  
 825          0x0F,  0xC0,  0x00,  0x00,  
 826          0x00,  0x00,  0x00,  0x00,  
 827          0x00,  0x00,  0x00,  0x00,  
 828          0x00,  0x00,  0x00,  0x00,  
 829          0x00,  0x00,  0x00,  0x00,  
 830          0x00,  0x00,  0x00,  0x00,  
 831          0x00,  0x00,  0x00,  0x00,  
 832          0x00,  0x00,  0x00,  0x00,  
 833          0x00,  0x00,  0x00,  0x00,  
 834          0x00,  0x00,  0x00,  0x00,  
 835          0x00,  0x00,  0x00,  0x00,  
 836          0x00,  0x00,  0x00,  0x00, 
 837          //9
 838          0x00,  0x00,  0x00,  0x00,  
 839          0x00,  0x00,  0x00,  0x00,  
 840          0x00,  0x00,  0x00,  0x00,  
 841          0x00,  0x00,  0x00,  0x00,  
 842          0x00,  0x00,  0x00,  0x00,  
 843          0x00,  0x00,  0x00,  0x00,  
 844          0x00,  0x07,  0xF0,  0x00,  
 845          0x3C,  0x0F,  0xF8,  0x00,  
 846          0x3C,  0x1F,  0xFC,  0x00,  
 847          0x3C,  0x3F,  0x7E,  0x00,  
 848          0x38,  0x3C,  0x1E,  0x00,  
 849          0x38,  0x3C,  0x1E,  0x00,  
 850          0x3C,  0x38,  0x0E,  0x00,  
 851          0x3C,  0x38,  0x0E,  0x00,  
 852          0x3E,  0x3C,  0x1E,  0x00,  
 853          0x1F,  0x3C,  0x1E,  0x00,  
 854          0x1F,  0xDE,  0x7E,  0x00,  
 855          0x0F,  0xFF,  0xFC,  0x00,  
 856          0x03,  0xFF,  0xF8,  0x00,  
 857          0x00,  0xFF,  0xE0,  0x00,  
 858          0x00,  0x00,  0x00,  0x00,  
 859          0x00,  0x00,  0x00,  0x00,  
 860          0x00,  0x00,  0x00,  0x00,  
 861          0x00,  0x00,  0x00,  0x00,  
 862          0x00,  0x00,  0x00,  0x00,  
 863          0x00,  0x00,  0x00,  0x00,  
 864          0x00,  0x00,  0x00,  0x00,  
 865          0x00,  0x00,  0x00,  0x00,  
C51 COMPILER V9.00   FORMAT1                                                               03/19/2014 15:23:42 PAGE 18  

 866          0x00,  0x00,  0x00,  0x00,  
 867          0x00,  0x00,  0x00,  0x00,  
 868          0x00,  0x00,  0x00,  0x00,  
 869          0x00,  0x00,  0x00,  0x00, 
 870          //"\"
 871          0x00,  0x00,  0x00,  0x00,  
 872          0x00,  0x00,  0x00,  0x00,  
 873          0x00,  0x00,  0x00,  0x00,  
 874          0x00,  0x00,  0x00,  0x00,  
 875          0x00,  0x00,  0x00,  0x00,  
 876          0x00,  0x00,  0x0E,  0x00,  
 877          0x00,  0x00,  0x3E,  0x00,  
 878          0x00,  0x01,  0xFE,  0x00,  
 879          0x00,  0x07,  0xFC,  0x00,  
 880          0x00,  0x1F,  0xF0,  0x00,  
 881          0x00,  0xFF,  0x80,  0x00,  
 882          0x03,  0xFE,  0x00,  0x00,  
 883          0x0F,  0xF8,  0x00,  0x00,  
 884          0x7F,  0xC0,  0x00,  0x00,  
 885          0xFF,  0x00,  0x00,  0x00,  
 886          0xFC,  0x00,  0x00,  0x00,  
 887          0xE0,  0x00,  0x00,  0x00,  
 888          0x80,  0x00,  0x00,  0x00,  
 889          0x00,  0x00,  0x00,  0x00,  
 890          0x00,  0x00,  0x00,  0x00,  
 891          0x00,  0x00,  0x00,  0x00,  
 892          0x00,  0x00,  0x00,  0x00,  
 893          0x00,  0x00,  0x00,  0x00,  
 894          0x00,  0x00,  0x00,  0x00,  
 895          0x00,  0x00,  0x00,  0x00,  
 896          0x00,  0x00,  0x00,  0x00,  
 897          0x00,  0x00,  0x00,  0x00,  
 898          0x00,  0x00,  0x00,  0x00,  
 899          0x00,  0x00,  0x00,  0x00,  
 900          0x00,  0x00,  0x00,  0x00,  
 901          0x00,  0x00,  0x00,  0x00,  
 902          0x00,  0x00,  0x00,  0x00, 
 903          
 904          };


MODULE INFORMATION:   STATIC OVERLAYABLE
   CODE SIZE        =   ----    ----
   CONSTANT SIZE    =   7048    ----
   XDATA SIZE       =   ----    ----
   PDATA SIZE       =   ----    ----
   DATA SIZE        =   ----    ----
   IDATA SIZE       =   ----    ----
   BIT SIZE         =   ----    ----
END OF MODULE INFORMATION.


C51 COMPILATION COMPLETE.  0 WARNING(S),  0 ERROR(S)
