C51 COMPILER V9.00   FORMAT                                                                03/19/2014 15:23:45 PAGE 1   


C51 COMPILER V9.00, COMPILATION OF MODULE FORMAT
OBJECT MODULE PLACED IN format.OBJ
COMPILER INVOKED BY: C:\Keil\C51\BIN\c51.exe format.c DB OE BR INCDIR(c:\SiLabs\MCU\Inc)

line level    source

   1          code unsigned char cA1[192][8]={                    //¦­
   2          0x00,  0x00,  0x00,  0x00,  0x00,  0x00,  0x00,  0x00,  
   3          0x00,  0x00,  0x00,  0x00,  0x00,  0x00,  0x00,  0x00,  
   4          0x00,  0x00,  0x00,  0x00,  0x00,  0x00,  0x00,  0x00,  
   5          0x00,  0x00,  0x00,  0x00,  0x00,  0x00,  0x00,  0x00,  
   6          0x00,  0x00,  0x0F,  0x80,  0x00,  0x00,  0x00,  0x00,  
   7          0x00,  0x00,  0x0F,  0x80,  0x00,  0x00,  0x00,  0x00,  
   8          0x00,  0x00,  0x0F,  0x80,  0x00,  0x00,  0x00,  0x00,  
   9          0x00,  0x00,  0x0F,  0x80,  0x00,  0x00,  0x00,  0x00,  
  10          0x00,  0x00,  0x0F,  0x80,  0x00,  0x00,  0x00,  0x00,  
  11          0x00,  0x00,  0x0F,  0x81,  0xFF,  0xFF,  0xFF,  0x80,  
  12          0x00,  0x00,  0x0F,  0x81,  0xFF,  0xFF,  0xFF,  0x80,  
  13          0x00,  0x00,  0x0F,  0x81,  0xFF,  0xFF,  0xFF,  0x80,  
  14          0x00,  0x00,  0x0F,  0x81,  0xFF,  0xFF,  0xFF,  0x80,  
  15          0x00,  0x00,  0x0F,  0x81,  0xFF,  0xFF,  0xFF,  0x80,  
  16          0x00,  0x00,  0x0F,  0x81,  0xFF,  0xFF,  0xFF,  0x80,  
  17          0x00,  0x00,  0x0F,  0x81,  0xF0,  0x3E,  0x0F,  0x80,  
  18          0x00,  0x00,  0x0F,  0x81,  0xF0,  0x3E,  0x0F,  0x80,  
  19          0x00,  0x00,  0x0F,  0x81,  0xF0,  0x3E,  0x0F,  0x80,  
  20          0x00,  0x00,  0x0F,  0x81,  0xF0,  0x3E,  0x0F,  0x80,  
  21          0x00,  0x00,  0x0F,  0x81,  0xF0,  0x3E,  0x0F,  0x80,  
  22          0x00,  0x00,  0x0F,  0x81,  0xF0,  0x3E,  0x0F,  0x80,  
  23          0x00,  0x00,  0x0F,  0x81,  0xF0,  0x3E,  0x0F,  0x80,  
  24          0x00,  0x00,  0x0F,  0x81,  0xF0,  0x3E,  0x0F,  0x80,  
  25          0x00,  0x00,  0x0F,  0x81,  0xF0,  0x3E,  0x0F,  0x80,  
  26          0x00,  0x00,  0x0F,  0x81,  0xF0,  0x3E,  0x0F,  0x80,  
  27          0x00,  0x00,  0x0F,  0x81,  0xF0,  0x3E,  0x0F,  0x80,  
  28          0x00,  0x00,  0x0F,  0x81,  0xF0,  0x3E,  0x0F,  0x80,  
  29          0x01,  0xFF,  0xFF,  0xFF,  0xF0,  0x3E,  0x0F,  0x80,  
  30          0x01,  0xFF,  0xFF,  0xFF,  0xF0,  0x3E,  0x0F,  0x80,  
  31          0x01,  0xFF,  0xFF,  0xFF,  0xF0,  0x3E,  0x0F,  0x80,  
  32          0x01,  0xFF,  0xFF,  0xFF,  0xF0,  0x3E,  0x0F,  0x80,  
  33          0x01,  0xFF,  0xFF,  0xFF,  0xF0,  0x3E,  0x0F,  0x80,  
  34          0x01,  0xFF,  0xFF,  0xFF,  0xF0,  0x3E,  0x0F,  0x80,  
  35          0x00,  0x00,  0x0F,  0x81,  0xF0,  0x3E,  0x0F,  0x80,  
  36          0x00,  0x00,  0x0F,  0x81,  0xF0,  0x3E,  0x0F,  0x80,  
  37          0x00,  0x00,  0x0F,  0x81,  0xF0,  0x3E,  0x0F,  0x80,  
  38          0x00,  0x00,  0x0F,  0x81,  0xF0,  0x3E,  0x0F,  0x80,  
  39          0x00,  0x00,  0x0F,  0x81,  0xF0,  0x3E,  0x0F,  0x80,  
  40          0x00,  0x00,  0x0F,  0x81,  0xF0,  0x3E,  0x0F,  0x80,  
  41          0x00,  0x00,  0x0F,  0x81,  0xF0,  0x3E,  0x0F,  0x80,  
  42          0x00,  0x00,  0x0F,  0x81,  0xF0,  0x3E,  0x0F,  0x80,  
  43          0x00,  0x00,  0x0F,  0x81,  0xF0,  0x3E,  0x0F,  0x80,  
  44          0x00,  0x00,  0x0F,  0x81,  0xF0,  0x3E,  0x0F,  0x80,  
  45          0x00,  0x00,  0x0F,  0x81,  0xF0,  0x3E,  0x0F,  0x80,  
  46          0x00,  0x00,  0x0F,  0x81,  0xFF,  0xFF,  0xFF,  0x80,  
  47          0x00,  0x00,  0x0F,  0x81,  0xFF,  0xFF,  0xFF,  0x80,  
  48          0x00,  0x00,  0x0F,  0x81,  0xFF,  0xFF,  0xFF,  0x80,  
  49          0x00,  0x00,  0x0F,  0x81,  0xFF,  0xFF,  0xFF,  0x80,  
  50          0x00,  0x00,  0x0F,  0x81,  0xFF,  0xFF,  0xFF,  0x80,  
  51          0x00,  0x00,  0x0F,  0x81,  0xFF,  0xFF,  0xFF,  0x80,  
  52          0x00,  0x00,  0x0F,  0x80,  0x00,  0x00,  0x00,  0x00,  
  53          0x00,  0x00,  0x0F,  0x80,  0x00,  0x00,  0x00,  0x00,  
  54          0x00,  0x00,  0x0F,  0x80,  0x00,  0x00,  0x00,  0x00,  
  55          0x00,  0x00,  0x0F,  0x80,  0x00,  0x00,  0x00,  0x00,  
C51 COMPILER V9.00   FORMAT                                                                03/19/2014 15:23:45 PAGE 2   

  56          0x00,  0x00,  0x0F,  0x80,  0x00,  0x00,  0x00,  0x00,  
  57          0x00,  0x00,  0x0F,  0x80,  0x00,  0x00,  0x00,  0x00,  
  58          0x00,  0x00,  0x00,  0x00,  0x00,  0x00,  0x00,  0x00,  
  59          0x00,  0x00,  0x00,  0x00,  0x00,  0x00,  0x00,  0x00,  
  60          0x00,  0x00,  0x00,  0x00,  0x00,  0x00,  0x00,  0x00,  
  61          0x00,  0x00,  0x00,  0x00,  0x00,  0x00,  0x00,  0x00,  
  62          0x00,  0x00,  0x00,  0x00,  0x00,  0x00,  0x00,  0x00,  
  63          0x00,  0x00,  0x00,  0x00,  0x00,  0x00,  0x00,  0x00,  
  64          0x00,  0x00,  0x00,  0x00,  0x00,  0x00,  0x00,  0x00,  
  65          0x00,  0x00,  0x00,  0x00,  0x00,  0x00,  0x00,  0x00, 
  66          //====
  67          
  68          0x00,  0x00,  0x00,  0x00,  0x00,  0x00,  0x00,  0x00,  
  69          0x00,  0x00,  0x00,  0x00,  0x00,  0x00,  0x00,  0x00,  
  70          0x00,  0x00,  0x00,  0x00,  0x00,  0x00,  0x00,  0x00,  
  71          0x00,  0x00,  0x00,  0x00,  0x00,  0x08,  0x00,  0x00,  
  72          0x00,  0x00,  0x00,  0x06,  0x0C,  0x3C,  0x00,  0x00,  
  73          0x00,  0x00,  0x00,  0x0F,  0x1E,  0x7E,  0x00,  0x00,  
  74          0x00,  0x00,  0x00,  0x1F,  0x3E,  0x7F,  0x00,  0x00,  
  75          0x00,  0x00,  0x00,  0x1F,  0x3E,  0x3F,  0xC0,  0x00,  
  76          0x00,  0x00,  0x00,  0x1F,  0xBE,  0x0F,  0xE0,  0x00,  
  77          0x00,  0x10,  0x00,  0x0F,  0xBF,  0x1F,  0xF8,  0x00,  
  78          0x00,  0xF8,  0x00,  0x0F,  0x9F,  0x3F,  0xFE,  0x00,  
  79          0x00,  0xFF,  0xFF,  0xFF,  0xDF,  0xFF,  0xFF,  0x00,  
  80          0x00,  0xFF,  0xFF,  0xFF,  0xCF,  0xFF,  0xFE,  0x00,  
  81          0x00,  0xFF,  0xFF,  0xFF,  0xCF,  0xFD,  0xFE,  0x00,  
  82          0x00,  0xFF,  0xFF,  0xFF,  0xEF,  0xF9,  0xFE,  0x00,  
  83          0x00,  0xFF,  0xFF,  0xFF,  0xE7,  0xF1,  0xE4,  0x00,  
  84          0x00,  0xFF,  0xFF,  0xFF,  0xE7,  0xE1,  0xFF,  0xE0,  
  85          0x00,  0xF8,  0x73,  0x9D,  0xF3,  0xF1,  0xFF,  0xE0,  0x00,  0x78,  0x73,  0x9D,  0xF3,  0xF9,  0xFF,  0
             -xE0,  
  86          0x00,  0x7C,  0x73,  0x9C,  0xF9,  0xF9,  0xFF,  0xE0,  0x00,  0x7C,  0x73,  0x9C,  0xF8,  0xFD,  0xFF,  0
             -xE0,  
  87          0x00,  0x7C,  0x73,  0x9C,  0x7C,  0xFF,  0xFF,  0xE0,  0x00,  0x7C,  0x73,  0x9C,  0xFE,  0x7F,  0xEF,  0
             -x00,  
  88          0x00,  0x7C,  0x73,  0x9C,  0xFE,  0x3F,  0xEF,  0x00,  0x00,  0x3C,  0x73,  0x9C,  0xFF,  0x1F,  0xEF,  0
             -x00,  
  89          0x00,  0x3E,  0x73,  0x9C,  0xFF,  0x0F,  0xEF,  0x00,  0x00,  0x3E,  0x73,  0x9C,  0xFF,  0x87,  0xEF,  0
             -x00,  
  90          0x00,  0x3E,  0x73,  0x9C,  0xEF,  0xC3,  0xEF,  0x00,  0x00,  0x1E,  0x73,  0x9C,  0xEF,  0xE1,  0xEF,  0
             -x00,  
  91          0x00,  0x1F,  0x73,  0x9C,  0xE7,  0xE0,  0x0F,  0x00,  0x00,  0x00,  0x73,  0x9C,  0xEF,  0xE0,  0x00,  0
             -x00,  
  92          0x00,  0x00,  0x73,  0x9C,  0xEF,  0xE0,  0x27,  0x80,  0x00,  0x0C,  0x73,  0x9C,  0xFF,  0xC0,  0x77,  0
             -x80,  
  93          0x00,  0x1F,  0x73,  0x9C,  0xFF,  0xD0,  0x7F,  0x80,  0x00,  0x1F,  0x73,  0x9C,  0xFF,  0x38,  0xFF,  0
             -x80,  
  94          0x00,  0x1F,  0x73,  0x9C,  0xFE,  0xF8,  0xFF,  0x80,  0x00,  0x1F,  0x73,  0x9C,  0xFE,  0xF9,  0xFF,  0
             -x80,  
  95          0x00,  0x1F,  0x73,  0x9C,  0xFC,  0xFF,  0xF7,  0x80,  0x00,  0x1F,  0x73,  0x9C,  0xFC,  0xFF,  0xF7,  0
             -x80,  
  96          0x00,  0x3E,  0x73,  0x9C,  0xF8,  0x7F,  0xE7,  0x80,  0x00,  0x3E,  0x73,  0x9D,  0xF8,  0x7F,  0xC7,  0
             -x80,  
  97          0x00,  0x3E,  0x73,  0x9D,  0xF0,  0x3F,  0xC7,  0x80,  0x00,  0x3E,  0x7F,  0xFF,  0xF0,  0x3F,  0x87,  0
             -x80,  
  98          0x00,  0x7E,  0x7F,  0xFF,  0xE0,  0x3F,  0x87,  0x80,  0x00,  0x7F,  0x7F,  0xFF,  0xE0,  0x3F,  0xC7,  0
             -x80,  
  99          0x00,  0x7F,  0xFF,  0xFF,  0xC0,  0x7F,  0xE7,  0x80,  0x00,  0x7F,  0xFF,  0xFF,  0xC0,  0xFF,  0xF7,  0
             -x80,  
 100          0x00,  0xFF,  0xFF,  0xFF,  0xC1,  0xFF,  0xFF,  0x80,  0x00,  0xFF,  0xC0,  0x0F,  0x83,  0xFB,  0xFF,  0
             -x80,  
 101          0x00,  0xFB,  0xC0,  0x0F,  0x87,  0xF0,  0xFF,  0x80,  0x01,  0xF9,  0x80,  0x1F,  0x87,  0xE0,  0x7F,  0
C51 COMPILER V9.00   FORMAT                                                                03/19/2014 15:23:45 PAGE 3   

             -x80,  
 102          0x01,  0xF8,  0x80,  0x1F,  0x07,  0xC0,  0x3F,  0x80,  0x01,  0xF0,  0x00,  0x1F,  0x03,  0x80,  0x0F,  0
             -x80,  
 103          0x01,  0xF0,  0x00,  0x1F,  0x01,  0x00,  0x00,  0x00,  0x00,  0xF0,  0x00,  0x0F,  0x00,  0x00,  0x00,  0
             -x00,  
 104          0x00,  0x20,  0x00,  0x06,  0x00,  0x00,  0x00,  0x00,  0x00,  0x00,  0x00,  0x00,  0x00,  0x00,  0x00,  0
             -x00,  
 105          0x00,  0x00,  0x00,  0x00,  0x00,  0x00,  0x00,  0x00,  0x00,  0x00,  0x00,  0x00,  0x00,  0x00,  0x00,  0
             -x00,  
 106          0x00,  0x00,  0x00,  0x00,  0x00,  0x00,  0x00,  0x00,  0x00,  0x00,  0x00,  0x00,  0x00,  0x00,  0x00,  0
             -x00,  
 107          0x00,  0x00,  0x00,  0x00,  0x00,  0x00,  0x00,  0x00,  0x00,  0x00,  0x00,  0x00,  0x00,  0x00,  0x00,  0
             -x00,  
 108          0x00,  0x00,  0x00,  0x00,  0x00,  0x00,  0x00,  0x00,
 109          //====
 110          0x00,  0x00,  0x00,  0x00,  0x00,  0x00,  0x00,  0x00,  0x00,  0x00,  0x00,  0x00,  0x00,  0x00,  0x00,  0
             -x00,  
 111          0x00,  0x00,  0x00,  0x00,  0x00,  0x00,  0x00,  0x00,  0x00,  0x00,  0x00,  0x00,  0x00,  0x07,  0x00,  0
             -x00,  
 112          0x00,  0x00,  0x00,  0x00,  0x00,  0x3F,  0x00,  0x00,  0x00,  0x38,  0x00,  0x00,  0x00,  0x3F,  0x80,  0
             -x00,  
 113          0x00,  0xFF,  0xFF,  0xFF,  0xFF,  0xFF,  0xC0,  0x00,  0x01,  0xFF,  0xFF,  0xFF,  0xFF,  0xDF,  0xE0,  0
             -x00,  
 114          0x01,  0xFF,  0xFF,  0xFF,  0xFF,  0xCF,  0xF0,  0x00,  0x00,  0xFF,  0xFF,  0xFF,  0xFF,  0xCF,  0xF8,  0
             -x00,  
 115          0x00,  0xFF,  0xFF,  0xFF,  0xFF,  0xCF,  0xFC,  0x00,  0x00,  0xFF,  0xFF,  0xFF,  0xFF,  0xCF,  0xFE,  0
             -x00,  
 116          0x00,  0x7F,  0x00,  0xF1,  0xE3,  0xCF,  0xFF,  0x00,  0x00,  0x7F,  0x00,  0xF1,  0xE3,  0xCF,  0xFF,  0
             -xC0,  
 117          0x00,  0x3F,  0x00,  0xF1,  0xE3,  0xCF,  0x7F,  0xE0,  0x00,  0x3F,  0x80,  0xF1,  0xE3,  0xCF,  0x1F,  0
             -xE0,  
 118          0x00,  0x1F,  0x8C,  0xF1,  0xE3,  0xCF,  0x0F,  0xE0,  0x00,  0x0F,  0xFC,  0xF1,  0xE3,  0xCF,  0x1F,  0
             -xE0,  
 119          0x00,  0x0F,  0xFC,  0xF1,  0xE3,  0xCF,  0x3F,  0xC0,  0x00,  0x07,  0xFE,  0xF1,  0xE3,  0xCF,  0x7F,  0
             -xC0,  
 120          0x00,  0x07,  0xFE,  0xFF,  0xFF,  0xCF,  0xFF,  0x00,  0x00,  0x1F,  0xFC,  0xFF,  0xFF,  0xCF,  0xFE,  0
             -x00,  
 121          0x00,  0x1F,  0xF8,  0xFF,  0xFF,  0xC1,  0xFC,  0x00,  0x00,  0x0F,  0xE0,  0xFF,  0xFF,  0xC3,  0xFC,  0
             -x00,  
 122          0x00,  0xFF,  0x80,  0xFF,  0xFF,  0xC7,  0xF8,  0x00,  0x00,  0xFE,  0x00,  0xFF,  0xFF,  0xC7,  0xF0,  0
             -x00,  
 123          0x01,  0xFF,  0x80,  0x00,  0x00,  0x01,  0xE0,  0x00,  0x01,  0xFF,  0xFC,  0x00,  0x00,  0x00,  0xC0,  0
             -x00,  
 124          0x03,  0xFF,  0xFF,  0xFF,  0xFF,  0xFF,  0xFF,  0x80,  0x00,  0xFF,  0xFF,  0xFF,  0xFF,  0xFF,  0xFF,  0
             -x80,  
 125          0x00,  0x3F,  0xFF,  0xFF,  0xFF,  0xFF,  0xFF,  0x80,  0x00,  0x27,  0xFF,  0xFF,  0xFF,  0xFF,  0xFF,  0
             -x80,  
 126          0x00,  0x70,  0xFF,  0xFF,  0xFF,  0xFF,  0xFF,  0x80,  0x00,  0xF8,  0x03,  0xFF,  0xFF,  0xFF,  0xFF,  0
             -x80,  
 127          0x01,  0xF8,  0x00,  0x00,  0x01,  0xF0,  0x0F,  0x80,  0x01,  0xFC,  0x00,  0x03,  0xFF,  0xF0,  0x0F,  0
             -x80,  
 128          0x00,  0xFE,  0x00,  0x3F,  0xFF,  0xF0,  0x0F,  0x80,  0x00,  0xFF,  0x01,  0xFF,  0xFF,  0xF0,  0x0F,  0
             -x80,  
 129          0x00,  0x7F,  0x87,  0xFF,  0xFF,  0xF0,  0x0F,  0x80,  0x00,  0x3F,  0xDF,  0xFF,  0xFF,  0xF0,  0x0F,  0
             -x80,  
 130          0x00,  0x1F,  0xFF,  0xFF,  0xE1,  0xF0,  0x0F,  0x80,  0x00,  0x0F,  0xFF,  0xF8,  0x01,  0xF0,  0x0F,  0
             -x80,  
 131          0x00,  0x07,  0xFF,  0xC0,  0x01,  0xF0,  0x0F,  0x80,  0x00,  0x03,  0xFF,  0x00,  0x01,  0xF0,  0x0F,  0
             -x80,  
 132          0x00,  0x07,  0xFF,  0x80,  0x01,  0xF0,  0x0F,  0x80,  0x00,  0x0F,  0xFF,  0xF0,  0x01,  0xF0,  0x0F,  0
             -x80,  
 133          0x00,  0x1F,  0xFF,  0xFE,  0x01,  0xF0,  0x0F,  0x80,  0x00,  0x3F,  0xDF,  0xFF,  0xF1,  0xF0,  0x0F,  0
C51 COMPILER V9.00   FORMAT                                                                03/19/2014 15:23:45 PAGE 4   

             -x80,  
 134          0x00,  0x7F,  0x87,  0xFF,  0xFF,  0xF0,  0x0F,  0x80,  0x00,  0x7F,  0x01,  0xFF,  0xFF,  0xF0,  0x0F,  0
             -x80,  
 135          0x00,  0xFE,  0x00,  0x7F,  0xFF,  0xF0,  0x0F,  0x80,  0x01,  0xFC,  0x00,  0x0F,  0xFF,  0xF0,  0x0F,  0
             -x80,  
 136          0x01,  0xFC,  0x00,  0x00,  0xFF,  0xF0,  0x0F,  0x80,  0x01,  0xF8,  0x00,  0x00,  0x03,  0xF0,  0x0F,  0
             -x80,  
 137          0x00,  0x70,  0x00,  0x00,  0x00,  0x00,  0x0F,  0x80,  0x00,  0x30,  0x00,  0x00,  0x00,  0x00,  0x00,  0
             -x00,  
 138          0x00,  0x00,  0x00,  0x00,  0x00,  0x00,  0x00,  0x00,  0x00,  0x00,  0x00,  0x00,  0x00,  0x00,  0x00,  0
             -x00,  
 139          0x00,  0x00,  0x00,  0x00,  0x00,  0x00,  0x00,  0x00,  0x00,  0x00,  0x00,  0x00,  0x00,  0x00,  0x00,  0
             -x00,  
 140          0x00,  0x00,  0x00,  0x00,  0x00,  0x00,  0x00,  0x00,  0x00,  0x00,  0x00,  0x00,  0x00,  0x00,  0x00,  0
             -x00,  
 141          0x00,  0x00,  0x00,  0x00,  0x00,  0x00,  0x00,  0x00,  0x00,  0x00,  0x00,  0x00,  0x00,  0x00,  0x00,  0
             -x00,
 142          
 143          };
 144          code unsigned char cA2[192][8]={         //¤È
 145          0x00,  0x00,  0x00,  0x00,  0x00,  0x00,  0x00,  0x00,  0x00,  0x00,  0x00,  0x00,  0x00,  0x00,  0x00,  0
             -x00,  
 146          0x00,  0x00,  0x00,  0x00,  0x00,  0x00,  0x00,  0x00,  0x00,  0x00,  0x00,  0x00,  0x00,  0x00,  0x00,  0
             -x00,  
 147          0x00,  0x00,  0x00,  0x07,  0xC0,  0xC0,  0x00,  0x00,  0x00,  0x00,  0x00,  0x07,  0xC1,  0xE0,  0x00,  0
             -x00,  
 148          0x00,  0x00,  0x00,  0x07,  0xC3,  0xF0,  0x00,  0x00,  0x00,  0x00,  0x00,  0x07,  0xC7,  0xF8,  0x00,  0
             -x00,  
 149          0x00,  0x00,  0x00,  0x07,  0xC7,  0xFC,  0x00,  0x00,  0x00,  0x00,  0x00,  0x07,  0xC3,  0xFE,  0x00,  0
             -x00,  
 150          0x00,  0x00,  0x00,  0x07,  0xC1,  0xFF,  0x00,  0x00,  0x00,  0x00,  0x00,  0x07,  0xC0,  0xFF,  0x80,  0
             -x00,  
 151          0x00,  0x00,  0x00,  0x07,  0xC0,  0x7F,  0xE0,  0x00,  0x00,  0x00,  0x00,  0x07,  0xC0,  0x1F,  0xF0,  0
             -x00,  
 152          0x00,  0x00,  0x00,  0x07,  0xC0,  0x0F,  0xF8,  0x00,  0x00,  0x00,  0x00,  0x07,  0xC0,  0x07,  0xFE,  0
             -x00,  
 153          0x00,  0x00,  0x00,  0x07,  0xC0,  0x03,  0xFF,  0x00,  0x00,  0x00,  0x00,  0x07,  0xC0,  0x01,  0xFF,  0
             -xC0,  
 154          0x00,  0x00,  0x00,  0x07,  0xC0,  0x01,  0xFF,  0xE0,  0x00,  0x00,  0x00,  0x07,  0xC0,  0x01,  0xFF,  0
             -xE0,  
 155          0x00,  0x00,  0x00,  0x07,  0xC0,  0x01,  0xFF,  0xE0,  0x00,  0x00,  0x00,  0x07,  0xC0,  0x01,  0xF7,  0
             -xC0,  
 156          0x00,  0x00,  0x00,  0x07,  0xC0,  0x01,  0xF1,  0xC0,  0x00,  0x00,  0x00,  0x07,  0xC0,  0x01,  0xF0,  0
             -x80,  
 157          0x00,  0x00,  0x00,  0x07,  0xC0,  0x01,  0xF0,  0x00,  0x00,  0x00,  0x00,  0x07,  0xC0,  0x01,  0xF0,  0
             -x00,  
 158          0x00,  0x00,  0x00,  0x07,  0xC0,  0x01,  0xF0,  0x00,  0x01,  0xFF,  0xFF,  0xFF,  0xFF,  0xFF,  0xF0,  0
             -x00,  
 159          0x01,  0xFF,  0xFF,  0xFF,  0xFF,  0xFF,  0xF0,  0x00,  0x01,  0xFF,  0xFF,  0xFF,  0xFF,  0xFF,  0xF0,  0
             -x00,  
 160          0x01,  0xFF,  0xFF,  0xFF,  0xFF,  0xFF,  0xF0,  0x00,  0x01,  0xFF,  0xFF,  0xFF,  0xFF,  0xFF,  0xF0,  0
             -x00,  
 161          0x01,  0xFF,  0xFF,  0xFF,  0xFF,  0xFF,  0xF0,  0x00,  0x00,  0x00,  0x00,  0x07,  0xC0,  0x01,  0xF0,  0
             -x00,  
 162          0x00,  0x00,  0x00,  0x07,  0xC0,  0x01,  0xF0,  0x00,  0x00,  0x00,  0x00,  0x07,  0xC0,  0x01,  0xF0,  0
             -x00,  
 163          0x00,  0x00,  0x00,  0x07,  0xC0,  0x01,  0xF0,  0x00,  0x00,  0x00,  0x00,  0x07,  0xC0,  0x01,  0xF0,  0
             -x00,  
 164          0x00,  0x00,  0x00,  0x07,  0xC0,  0x01,  0xF0,  0x00,  0x00,  0x00,  0x00,  0x07,  0xC0,  0x01,  0xF0,  0
             -x00,  
 165          0x00,  0x00,  0x00,  0x07,  0xC0,  0x01,  0xF0,  0x00,  0x00,  0x00,  0x00,  0x07,  0xC0,  0x01,  0xF0,  0
             -x00,  
C51 COMPILER V9.00   FORMAT                                                                03/19/2014 15:23:45 PAGE 5   

 166          0x00,  0x00,  0x00,  0x07,  0xC0,  0x01,  0xF0,  0x00,  0x00,  0x00,  0x00,  0x07,  0xC0,  0x01,  0xF0,  0
             -x00,  
 167          0x00,  0x00,  0x00,  0x07,  0xC0,  0x01,  0xF0,  0x00,  0x00,  0x00,  0x00,  0x07,  0xC0,  0x01,  0xF0,  0
             -x00,  
 168          0x00,  0x00,  0x00,  0x07,  0xC0,  0x01,  0xF0,  0x00,  0x00,  0x00,  0x00,  0x07,  0xC0,  0x01,  0xF0,  0
             -x00,  
 169          0x00,  0x00,  0x00,  0x07,  0xC0,  0x01,  0xF0,  0x00,  0x00,  0x00,  0x00,  0x07,  0xC0,  0x01,  0xF0,  0
             -x00,  
 170          0x00,  0x00,  0x00,  0x07,  0xC0,  0x01,  0xF0,  0x00,  0x00,  0x00,  0x00,  0x07,  0xC0,  0x01,  0xF0,  0
             -x00,  
 171          0x00,  0x00,  0x00,  0x07,  0xC0,  0x01,  0xF0,  0x00,  0x00,  0x00,  0x00,  0x07,  0xC0,  0x00,  0x00,  0
             -x00,  
 172          0x00,  0x00,  0x00,  0x07,  0xC0,  0x00,  0x00,  0x00,  0x00,  0x00,  0x00,  0x07,  0xC0,  0x00,  0x00,  0
             -x00,  
 173          0x00,  0x00,  0x00,  0x00,  0x00,  0x00,  0x00,  0x00,  0x00,  0x00,  0x00,  0x00,  0x00,  0x00,  0x00,  0
             -x00,  
 174          0x00,  0x00,  0x00,  0x00,  0x00,  0x00,  0x00,  0x00,  0x00,  0x00,  0x00,  0x00,  0x00,  0x00,  0x00,  0
             -x00,  
 175          0x00,  0x00,  0x00,  0x00,  0x00,  0x00,  0x00,  0x00,  0x00,  0x00,  0x00,  0x00,  0x00,  0x00,  0x00,  0
             -x00,  
 176          0x00,  0x00,  0x00,  0x00,  0x00,  0x00,  0x00,  0x00,  0x00,  0x00,  0x00,  0x00,  0x00,  0x00,  0x00,  0
             -x00, 
 177          
 178          
 179          0x00,  0x00,  0x00,  0x00,  0x00,  0x00,  0x00,  0x00,  
 180          0x00,  0x00,  0x00,  0x00,  0x00,  0x00,  0x00,  0x00,  
 181          0x00,  0x00,  0x00,  0x00,  0x00,  0x00,  0x00,  0x00,  
 182          0x00,  0x00,  0x00,  0x00,  0x00,  0x08,  0x00,  0x00,  
 183          0x00,  0x00,  0x00,  0x06,  0x0C,  0x3C,  0x00,  0x00,  
 184          0x00,  0x00,  0x00,  0x0F,  0x1E,  0x7E,  0x00,  0x00,  
 185          0x00,  0x00,  0x00,  0x1F,  0x3E,  0x7F,  0x00,  0x00,  
 186          0x00,  0x00,  0x00,  0x1F,  0x3E,  0x3F,  0xC0,  0x00,  
 187          0x00,  0x00,  0x00,  0x1F,  0xBE,  0x0F,  0xE0,  0x00,  
 188          0x00,  0x10,  0x00,  0x0F,  0xBF,  0x1F,  0xF8,  0x00,  
 189          0x00,  0xF8,  0x00,  0x0F,  0x9F,  0x3F,  0xFE,  0x00,  
 190          0x00,  0xFF,  0xFF,  0xFF,  0xDF,  0xFF,  0xFF,  0x00,  
 191          0x00,  0xFF,  0xFF,  0xFF,  0xCF,  0xFF,  0xFE,  0x00,  
 192          0x00,  0xFF,  0xFF,  0xFF,  0xCF,  0xFD,  0xFE,  0x00,  
 193          0x00,  0xFF,  0xFF,  0xFF,  0xEF,  0xF9,  0xFE,  0x00,  
 194          0x00,  0xFF,  0xFF,  0xFF,  0xE7,  0xF1,  0xE4,  0x00,  
 195          0x00,  0xFF,  0xFF,  0xFF,  0xE7,  0xE1,  0xFF,  0xE0,  
 196          0x00,  0xF8,  0x73,  0x9D,  0xF3,  0xF1,  0xFF,  0xE0,  0x00,  0x78,  0x73,  0x9D,  0xF3,  0xF9,  0xFF,  0
             -xE0,  
 197          0x00,  0x7C,  0x73,  0x9C,  0xF9,  0xF9,  0xFF,  0xE0,  0x00,  0x7C,  0x73,  0x9C,  0xF8,  0xFD,  0xFF,  0
             -xE0,  
 198          0x00,  0x7C,  0x73,  0x9C,  0x7C,  0xFF,  0xFF,  0xE0,  0x00,  0x7C,  0x73,  0x9C,  0xFE,  0x7F,  0xEF,  0
             -x00,  
 199          0x00,  0x7C,  0x73,  0x9C,  0xFE,  0x3F,  0xEF,  0x00,  0x00,  0x3C,  0x73,  0x9C,  0xFF,  0x1F,  0xEF,  0
             -x00,  
 200          0x00,  0x3E,  0x73,  0x9C,  0xFF,  0x0F,  0xEF,  0x00,  0x00,  0x3E,  0x73,  0x9C,  0xFF,  0x87,  0xEF,  0
             -x00,  
 201          0x00,  0x3E,  0x73,  0x9C,  0xEF,  0xC3,  0xEF,  0x00,  0x00,  0x1E,  0x73,  0x9C,  0xEF,  0xE1,  0xEF,  0
             -x00,  
 202          0x00,  0x1F,  0x73,  0x9C,  0xE7,  0xE0,  0x0F,  0x00,  0x00,  0x00,  0x73,  0x9C,  0xEF,  0xE0,  0x00,  0
             -x00,  
 203          0x00,  0x00,  0x73,  0x9C,  0xEF,  0xE0,  0x27,  0x80,  0x00,  0x0C,  0x73,  0x9C,  0xFF,  0xC0,  0x77,  0
             -x80,  
 204          0x00,  0x1F,  0x73,  0x9C,  0xFF,  0xD0,  0x7F,  0x80,  0x00,  0x1F,  0x73,  0x9C,  0xFF,  0x38,  0xFF,  0
             -x80,  
 205          0x00,  0x1F,  0x73,  0x9C,  0xFE,  0xF8,  0xFF,  0x80,  0x00,  0x1F,  0x73,  0x9C,  0xFE,  0xF9,  0xFF,  0
             -x80,  
 206          0x00,  0x1F,  0x73,  0x9C,  0xFC,  0xFF,  0xF7,  0x80,  0x00,  0x1F,  0x73,  0x9C,  0xFC,  0xFF,  0xF7,  0
C51 COMPILER V9.00   FORMAT                                                                03/19/2014 15:23:45 PAGE 6   

             -x80,  
 207          0x00,  0x3E,  0x73,  0x9C,  0xF8,  0x7F,  0xE7,  0x80,  0x00,  0x3E,  0x73,  0x9D,  0xF8,  0x7F,  0xC7,  0
             -x80,  
 208          0x00,  0x3E,  0x73,  0x9D,  0xF0,  0x3F,  0xC7,  0x80,  0x00,  0x3E,  0x7F,  0xFF,  0xF0,  0x3F,  0x87,  0
             -x80,  
 209          0x00,  0x7E,  0x7F,  0xFF,  0xE0,  0x3F,  0x87,  0x80,  0x00,  0x7F,  0x7F,  0xFF,  0xE0,  0x3F,  0xC7,  0
             -x80,  
 210          0x00,  0x7F,  0xFF,  0xFF,  0xC0,  0x7F,  0xE7,  0x80,  0x00,  0x7F,  0xFF,  0xFF,  0xC0,  0xFF,  0xF7,  0
             -x80,  
 211          0x00,  0xFF,  0xFF,  0xFF,  0xC1,  0xFF,  0xFF,  0x80,  0x00,  0xFF,  0xC0,  0x0F,  0x83,  0xFB,  0xFF,  0
             -x80,  
 212          0x00,  0xFB,  0xC0,  0x0F,  0x87,  0xF0,  0xFF,  0x80,  0x01,  0xF9,  0x80,  0x1F,  0x87,  0xE0,  0x7F,  0
             -x80,  
 213          0x01,  0xF8,  0x80,  0x1F,  0x07,  0xC0,  0x3F,  0x80,  0x01,  0xF0,  0x00,  0x1F,  0x03,  0x80,  0x0F,  0
             -x80,  
 214          0x01,  0xF0,  0x00,  0x1F,  0x01,  0x00,  0x00,  0x00,  0x00,  0xF0,  0x00,  0x0F,  0x00,  0x00,  0x00,  0
             -x00,  
 215          0x00,  0x20,  0x00,  0x06,  0x00,  0x00,  0x00,  0x00,  0x00,  0x00,  0x00,  0x00,  0x00,  0x00,  0x00,  0
             -x00,  
 216          0x00,  0x00,  0x00,  0x00,  0x00,  0x00,  0x00,  0x00,  0x00,  0x00,  0x00,  0x00,  0x00,  0x00,  0x00,  0
             -x00,  
 217          0x00,  0x00,  0x00,  0x00,  0x00,  0x00,  0x00,  0x00,  0x00,  0x00,  0x00,  0x00,  0x00,  0x00,  0x00,  0
             -x00,  
 218          0x00,  0x00,  0x00,  0x00,  0x00,  0x00,  0x00,  0x00,  0x00,  0x00,  0x00,  0x00,  0x00,  0x00,  0x00,  0
             -x00,  
 219          0x00,  0x00,  0x00,  0x00,  0x00,  0x00,  0x00,  0x00,
 220          //====
 221          0x00,  0x00,  0x00,  0x00,  0x00,  0x00,  0x00,  0x00,  0x00,  0x00,  0x00,  0x00,  0x00,  0x00,  0x00,  0
             -x00,  
 222          0x00,  0x00,  0x00,  0x00,  0x00,  0x00,  0x00,  0x00,  0x00,  0x00,  0x00,  0x00,  0x00,  0x07,  0x00,  0
             -x00,  
 223          0x00,  0x00,  0x00,  0x00,  0x00,  0x3F,  0x00,  0x00,  0x00,  0x38,  0x00,  0x00,  0x00,  0x3F,  0x80,  0
             -x00,  
 224          0x00,  0xFF,  0xFF,  0xFF,  0xFF,  0xFF,  0xC0,  0x00,  0x01,  0xFF,  0xFF,  0xFF,  0xFF,  0xDF,  0xE0,  0
             -x00,  
 225          0x01,  0xFF,  0xFF,  0xFF,  0xFF,  0xCF,  0xF0,  0x00,  0x00,  0xFF,  0xFF,  0xFF,  0xFF,  0xCF,  0xF8,  0
             -x00,  
 226          0x00,  0xFF,  0xFF,  0xFF,  0xFF,  0xCF,  0xFC,  0x00,  0x00,  0xFF,  0xFF,  0xFF,  0xFF,  0xCF,  0xFE,  0
             -x00,  
 227          0x00,  0x7F,  0x00,  0xF1,  0xE3,  0xCF,  0xFF,  0x00,  0x00,  0x7F,  0x00,  0xF1,  0xE3,  0xCF,  0xFF,  0
             -xC0,  
 228          0x00,  0x3F,  0x00,  0xF1,  0xE3,  0xCF,  0x7F,  0xE0,  0x00,  0x3F,  0x80,  0xF1,  0xE3,  0xCF,  0x1F,  0
             -xE0,  
 229          0x00,  0x1F,  0x8C,  0xF1,  0xE3,  0xCF,  0x0F,  0xE0,  0x00,  0x0F,  0xFC,  0xF1,  0xE3,  0xCF,  0x1F,  0
             -xE0,  
 230          0x00,  0x0F,  0xFC,  0xF1,  0xE3,  0xCF,  0x3F,  0xC0,  0x00,  0x07,  0xFE,  0xF1,  0xE3,  0xCF,  0x7F,  0
             -xC0,  
 231          0x00,  0x07,  0xFE,  0xFF,  0xFF,  0xCF,  0xFF,  0x00,  0x00,  0x1F,  0xFC,  0xFF,  0xFF,  0xCF,  0xFE,  0
             -x00,  
 232          0x00,  0x1F,  0xF8,  0xFF,  0xFF,  0xC1,  0xFC,  0x00,  0x00,  0x0F,  0xE0,  0xFF,  0xFF,  0xC3,  0xFC,  0
             -x00,  
 233          0x00,  0xFF,  0x80,  0xFF,  0xFF,  0xC7,  0xF8,  0x00,  0x00,  0xFE,  0x00,  0xFF,  0xFF,  0xC7,  0xF0,  0
             -x00,  
 234          0x01,  0xFF,  0x80,  0x00,  0x00,  0x01,  0xE0,  0x00,  0x01,  0xFF,  0xFC,  0x00,  0x00,  0x00,  0xC0,  0
             -x00,  
 235          0x03,  0xFF,  0xFF,  0xFF,  0xFF,  0xFF,  0xFF,  0x80,  0x00,  0xFF,  0xFF,  0xFF,  0xFF,  0xFF,  0xFF,  0
             -x80,  
 236          0x00,  0x3F,  0xFF,  0xFF,  0xFF,  0xFF,  0xFF,  0x80,  0x00,  0x27,  0xFF,  0xFF,  0xFF,  0xFF,  0xFF,  0
             -x80,  
 237          0x00,  0x70,  0xFF,  0xFF,  0xFF,  0xFF,  0xFF,  0x80,  0x00,  0xF8,  0x03,  0xFF,  0xFF,  0xFF,  0xFF,  0
             -x80,  
 238          0x01,  0xF8,  0x00,  0x00,  0x01,  0xF0,  0x0F,  0x80,  0x01,  0xFC,  0x00,  0x03,  0xFF,  0xF0,  0x0F,  0
C51 COMPILER V9.00   FORMAT                                                                03/19/2014 15:23:45 PAGE 7   

             -x80,  
 239          0x00,  0xFE,  0x00,  0x3F,  0xFF,  0xF0,  0x0F,  0x80,  0x00,  0xFF,  0x01,  0xFF,  0xFF,  0xF0,  0x0F,  0
             -x80,  
 240          0x00,  0x7F,  0x87,  0xFF,  0xFF,  0xF0,  0x0F,  0x80,  0x00,  0x3F,  0xDF,  0xFF,  0xFF,  0xF0,  0x0F,  0
             -x80,  
 241          0x00,  0x1F,  0xFF,  0xFF,  0xE1,  0xF0,  0x0F,  0x80,  0x00,  0x0F,  0xFF,  0xF8,  0x01,  0xF0,  0x0F,  0
             -x80,  
 242          0x00,  0x07,  0xFF,  0xC0,  0x01,  0xF0,  0x0F,  0x80,  0x00,  0x03,  0xFF,  0x00,  0x01,  0xF0,  0x0F,  0
             -x80,  
 243          0x00,  0x07,  0xFF,  0x80,  0x01,  0xF0,  0x0F,  0x80,  0x00,  0x0F,  0xFF,  0xF0,  0x01,  0xF0,  0x0F,  0
             -x80,  
 244          0x00,  0x1F,  0xFF,  0xFE,  0x01,  0xF0,  0x0F,  0x80,  0x00,  0x3F,  0xDF,  0xFF,  0xF1,  0xF0,  0x0F,  0
             -x80,  
 245          0x00,  0x7F,  0x87,  0xFF,  0xFF,  0xF0,  0x0F,  0x80,  0x00,  0x7F,  0x01,  0xFF,  0xFF,  0xF0,  0x0F,  0
             -x80,  
 246          0x00,  0xFE,  0x00,  0x7F,  0xFF,  0xF0,  0x0F,  0x80,  0x01,  0xFC,  0x00,  0x0F,  0xFF,  0xF0,  0x0F,  0
             -x80,  
 247          0x01,  0xFC,  0x00,  0x00,  0xFF,  0xF0,  0x0F,  0x80,  0x01,  0xF8,  0x00,  0x00,  0x03,  0xF0,  0x0F,  0
             -x80,  
 248          0x00,  0x70,  0x00,  0x00,  0x00,  0x00,  0x0F,  0x80,  0x00,  0x30,  0x00,  0x00,  0x00,  0x00,  0x00,  0
             -x00,  
 249          0x00,  0x00,  0x00,  0x00,  0x00,  0x00,  0x00,  0x00,  0x00,  0x00,  0x00,  0x00,  0x00,  0x00,  0x00,  0
             -x00,  
 250          0x00,  0x00,  0x00,  0x00,  0x00,  0x00,  0x00,  0x00,  0x00,  0x00,  0x00,  0x00,  0x00,  0x00,  0x00,  0
             -x00,  
 251          0x00,  0x00,  0x00,  0x00,  0x00,  0x00,  0x00,  0x00,  0x00,  0x00,  0x00,  0x00,  0x00,  0x00,  0x00,  0
             -x00,  
 252          0x00,  0x00,  0x00,  0x00,  0x00,  0x00,  0x00,  0x00,  0x00,  0x00,  0x00,  0x00,  0x00,  0x00,  0x00,  0
             -x00        
 253          };
 254          code unsigned char cA3[192][8]={         //±ß
 255          0x00,  0x00,  0x00,  0x00,  0x00,  0x00,  0x00,  0x00,  0x00,  0x00,  0x00,  0x00,  0x00,  0x00,  0x00,  0
             -x00,  0x00,  0x00,  0x00,  0x00,  0x00,  0x00,  0x00,  0x00,  0x00,  0x00,  0x00,  0x00,  0x00,  0x00,  0x00,  0x00,  0x
             -00,  0x00,  0x00,  0x00,  0x00,  0x00,  0x00,  0x00,  0x00,  0x3F,  0xFF,  0xFF,  0xFF,  0xFF,  0xFE,  0x00,  0x00,  0x3
             -F,  0xFF,  0xFF,  0xFF,  0xFF,  0xFE,  0x00,  0x00,  0x3F,  0xFF,  0xFF,  0xFF,  0xFF,  0xFE,  0x00,  0x00,  0x3F,  0xFF
             -,  0xFF,  0xFF,  0xFF,  0xFE,  0x00,  0x00,  0x3F,  0xFF,  0xFF,  0xFF,  0xFF,  0xFE,  0x00,  0x00,  0x3F,  0xFF,  0xFF,
             -  0xFF,  0xFF,  0xFE,  0x00,  0x00,  0x03,  0xE0,  0x00,  0xF8,  0x00,  0x3E,  0x00,  0x00,  0x03,  0xE0,  0x00,  0xF8, 
             - 0x00,  0x3E,  0x00,  0x00,  0x03,  0xE0,  0x00,  0xF8,  0x00,  0x3E,  0x00,  0x00,  0x03,  0xE0,  0x00,  0xF8,  0x00,  
             -0x3E,  0x00,  0x00,  0x0F,  0xFF,  0xFF,  0xFF,  0xFF,  0xFE,  0x00,  0x00,  0x0F,  0xFF,  0xFF,  0xFF,  0xFF,  0xFE,  0
             -x00,  0x00,  0x0F,  0xFF,  0xFF,  0xFF,  0xFF,  0xFE,  0x00,  0x00,  0x0F,  0xFF,  0xFF,  0xFF,  0xFF,  0xFE,  0x00,  0x
             -00,  0x0F,  0xFF,  0xFF,  0xFF,  0xFF,  0xFE,  0x00,  0x00,  0x00,  0x00,  0x00,  0x00,  0x10,  0x00,  0x00,  0x00,  0x7
             -0,  0x00,  0x00,  0x00,  0x78,  0x00,  0x00,  0x00,  0xF0,  0x00,  0x00,  0x01,  0xFC,  0x00,  0x00,  0x01,  0xF8,  0x00
             -,  0x00,  0x01,  0xFC,  0x00,  0x00,  0x01,  0xF8,  0x00,  0x1F,  0xFF,  0xFE,  0x00,  0x00,  0x01,  0xFC,  0x00,  0x1F,
             -  0xFF,  0xFF,  0x00,  0x00,  0x00,  0xFE,  0x00,  0x1F,  0xFF,  0xFF,  0xC0,  0x00,  0x00,  0xFF,  0x00,  0x1F,  0xFF, 
             - 0xFF,  0xE0,  0x00,  0x00,  0x7F,  0x00,  0x1F,  0xFF,  0xFF,  0xF0,  0x00,  0x00,  0x3F,  0x80,  0x1F,  0xFF,  0xFF,  
             -0xFC,  0x00,  0x00,  0x1F,  0xE0,  0x1F,  0x01,  0xF7,  0xFE,  0x00,  0x00,  0x1F,  0xF0,  0x1F,  0x01,  0xF3,  0xFF,  0
             -x80,  0x00,  0x0F,  0xF8,  0x1F,  0x01,  0xF1,  0xFF,  0xE0,  0x00,  0x07,  0xFE,  0x1F,  0x01,  0xF0,  0xFF,  0xE0,  0x
             -00,  0x03,  0xFF,  0x9F,  0x01,  0xF0,  0x7F,  0xE0,  0x00,  0x00,  0xFF,  0xFF,  0x01,  0xF0,  0x7F,  0xE0,  0x00,  0x0
             -0,  0x7F,  0xFF,  0xFF
 256          ,  0xF0,  0x7F,  0xE0,  0x00,  0x00,  0x3F,  0xFF,  0xFF,  0xF0,  0x7D,  0xC0,  0x00,  0x00,  0x0F,  0xFF,
             -  0xFF,  0xF8,  0x7C,  0x00,  0x00,  0x00,  0x03,  0xFF,  0xFF,  0xFC,  0x7C,  0x00,  0x00,  0x3F,  0xFF,  0xFF,  0xFF, 
             - 0xFE,  0x7C,  0x00,  0x00,  0x7F,  0xFF,  0xFF,  0xFF,  0xFF,  0x7C,  0x00,  0x00,  0xFF,  0xFF,  0xFF,  0x01,  0xFF,  
             -0xFC,  0x00,  0x00,  0xFF,  0xFF,  0xFF,  0x01,  0xFF,  0xFC,  0x00,  0x00,  0xFF,  0xFF,  0xFF,  0x01,  0xFF,  0xFC,  0
             -x00,  0x00,  0xFF,  0xFF,  0xFF,  0x01,  0xF7,  0xFC,  0x00,  0x00,  0xF8,  0x00,  0x1F,  0x01,  0xF3,  0xFC,  0x00,  0x
             -00,  0xF8,  0x00,  0x1F,  0x01,  0xF1,  0xFC,  0x00,  0x00,  0xF8,  0x00,  0x1F,  0xFF,  0xF0,  0xFC,  0x00,  0x00,  0xF
             -C,  0x00,  0x1F,  0xFF,  0xF0,  0x00,  0x00,  0x00,  0xFF,  0xF8,  0x1F,  0xFF,  0xF0,  0x00,  0x00,  0x00,  0xFF,  0xF8
             -,  0x1F,  0xFF,  0xF0,  0x00,  0x00,  0x00,  0xFF,  0xF8,  0x1F,  0xFF,  0xF0,  0x00,  0x00,  0x00,  0x7F,  0xF0,  0x1F,
             -  0xFF,  0xF0,  0x00,  0x00,  0x00,  0x3F,  0xF0,  0x00,  0x00,  0x00,  0x00,  0x00,  0x00,  0x0F,  0xF0,  0x00,  0x00, 
             - 0x00,  0x00,  0x00,  0x00,  0x00,  0x00,  0x00,  0x00,  0x00,  0x00,  0x00,  0x00,  0x00,  0x00,  0x00,  0x00,  0x00,  
             -0x00,  0x00,  0x00,  0x00,  0x00,  0x00,  0x00,  0x00,  0x00,  0x00,  0x00,  0x00,  0x00,  0x00,  0x00,  0x00,  0x00,  0
             -x00,  0x00,  0x00,  0x00,  0x00,  0x00,  0x00,  0x00,  0x00,  0x00,  0x00,  0x00,  0x00,  0x00,  0x00,  0x00,  0x00,  0x
             -00,  0x00,  0x00,  0x00,  0x00,  0x00,  0x00,  0x00,  0x00,  0x00,  0x00,  0x00,  0x00,  0x00,  0x00, 0x00,
C51 COMPILER V9.00   FORMAT                                                                03/19/2014 15:23:45 PAGE 8   

 257          
 258          0x00,  0x00,  0x00,  0x00,  0x00,  0x00,  0x00,  0x00,  
 259          0x00,  0x00,  0x00,  0x00,  0x00,  0x00,  0x00,  0x00,  
 260          0x00,  0x00,  0x00,  0x00,  0x00,  0x00,  0x00,  0x00,  
 261          0x00,  0x00,  0x00,  0x00,  0x00,  0x08,  0x00,  0x00,  
 262          0x00,  0x00,  0x00,  0x06,  0x0C,  0x3C,  0x00,  0x00,  
 263          0x00,  0x00,  0x00,  0x0F,  0x1E,  0x7E,  0x00,  0x00,  
 264          0x00,  0x00,  0x00,  0x1F,  0x3E,  0x7F,  0x00,  0x00,  
 265          0x00,  0x00,  0x00,  0x1F,  0x3E,  0x3F,  0xC0,  0x00,  
 266          0x00,  0x00,  0x00,  0x1F,  0xBE,  0x0F,  0xE0,  0x00,  
 267          0x00,  0x10,  0x00,  0x0F,  0xBF,  0x1F,  0xF8,  0x00,  
 268          0x00,  0xF8,  0x00,  0x0F,  0x9F,  0x3F,  0xFE,  0x00,  
 269          0x00,  0xFF,  0xFF,  0xFF,  0xDF,  0xFF,  0xFF,  0x00,  
 270          0x00,  0xFF,  0xFF,  0xFF,  0xCF,  0xFF,  0xFE,  0x00,  
 271          0x00,  0xFF,  0xFF,  0xFF,  0xCF,  0xFD,  0xFE,  0x00,  
 272          0x00,  0xFF,  0xFF,  0xFF,  0xEF,  0xF9,  0xFE,  0x00,  
 273          0x00,  0xFF,  0xFF,  0xFF,  0xE7,  0xF1,  0xE4,  0x00,  
 274          0x00,  0xFF,  0xFF,  0xFF,  0xE7,  0xE1,  0xFF,  0xE0,  
 275          0x00,  0xF8,  0x73,  0x9D,  0xF3,  0xF1,  0xFF,  0xE0,  0x00,  0x78,  0x73,  0x9D,  0xF3,  0xF9,  0xFF,  0
             -xE0,  
 276          0x00,  0x7C,  0x73,  0x9C,  0xF9,  0xF9,  0xFF,  0xE0,  0x00,  0x7C,  0x73,  0x9C,  0xF8,  0xFD,  0xFF,  0
             -xE0,  
 277          0x00,  0x7C,  0x73,  0x9C,  0x7C,  0xFF,  0xFF,  0xE0,  0x00,  0x7C,  0x73,  0x9C,  0xFE,  0x7F,  0xEF,  0
             -x00,  
 278          0x00,  0x7C,  0x73,  0x9C,  0xFE,  0x3F,  0xEF,  0x00,  0x00,  0x3C,  0x73,  0x9C,  0xFF,  0x1F,  0xEF,  0
             -x00,  
 279          0x00,  0x3E,  0x73,  0x9C,  0xFF,  0x0F,  0xEF,  0x00,  0x00,  0x3E,  0x73,  0x9C,  0xFF,  0x87,  0xEF,  0
             -x00,  
 280          0x00,  0x3E,  0x73,  0x9C,  0xEF,  0xC3,  0xEF,  0x00,  0x00,  0x1E,  0x73,  0x9C,  0xEF,  0xE1,  0xEF,  0
             -x00,  
 281          0x00,  0x1F,  0x73,  0x9C,  0xE7,  0xE0,  0x0F,  0x00,  0x00,  0x00,  0x73,  0x9C,  0xEF,  0xE0,  0x00,  0
             -x00,  
 282          0x00,  0x00,  0x73,  0x9C,  0xEF,  0xE0,  0x27,  0x80,  0x00,  0x0C,  0x73,  0x9C,  0xFF,  0xC0,  0x77,  0
             -x80,  
 283          0x00,  0x1F,  0x73,  0x9C,  0xFF,  0xD0,  0x7F,  0x80,  0x00,  0x1F,  0x73,  0x9C,  0xFF,  0x38,  0xFF,  0
             -x80,  
 284          0x00,  0x1F,  0x73,  0x9C,  0xFE,  0xF8,  0xFF,  0x80,  0x00,  0x1F,  0x73,  0x9C,  0xFE,  0xF9,  0xFF,  0
             -x80,  
 285          0x00,  0x1F,  0x73,  0x9C,  0xFC,  0xFF,  0xF7,  0x80,  0x00,  0x1F,  0x73,  0x9C,  0xFC,  0xFF,  0xF7,  0
             -x80,  
 286          0x00,  0x3E,  0x73,  0x9C,  0xF8,  0x7F,  0xE7,  0x80,  0x00,  0x3E,  0x73,  0x9D,  0xF8,  0x7F,  0xC7,  0
             -x80,  
 287          0x00,  0x3E,  0x73,  0x9D,  0xF0,  0x3F,  0xC7,  0x80,  0x00,  0x3E,  0x7F,  0xFF,  0xF0,  0x3F,  0x87,  0
             -x80,  
 288          0x00,  0x7E,  0x7F,  0xFF,  0xE0,  0x3F,  0x87,  0x80,  0x00,  0x7F,  0x7F,  0xFF,  0xE0,  0x3F,  0xC7,  0
             -x80,  
 289          0x00,  0x7F,  0xFF,  0xFF,  0xC0,  0x7F,  0xE7,  0x80,  0x00,  0x7F,  0xFF,  0xFF,  0xC0,  0xFF,  0xF7,  0
             -x80,  
 290          0x00,  0xFF,  0xFF,  0xFF,  0xC1,  0xFF,  0xFF,  0x80,  0x00,  0xFF,  0xC0,  0x0F,  0x83,  0xFB,  0xFF,  0
             -x80,  
 291          0x00,  0xFB,  0xC0,  0x0F,  0x87,  0xF0,  0xFF,  0x80,  0x01,  0xF9,  0x80,  0x1F,  0x87,  0xE0,  0x7F,  0
             -x80,  
 292          0x01,  0xF8,  0x80,  0x1F,  0x07,  0xC0,  0x3F,  0x80,  0x01,  0xF0,  0x00,  0x1F,  0x03,  0x80,  0x0F,  0
             -x80,  
 293          0x01,  0xF0,  0x00,  0x1F,  0x01,  0x00,  0x00,  0x00,  0x00,  0xF0,  0x00,  0x0F,  0x00,  0x00,  0x00,  0
             -x00,  
 294          0x00,  0x20,  0x00,  0x06,  0x00,  0x00,  0x00,  0x00,  0x00,  0x00,  0x00,  0x00,  0x00,  0x00,  0x00,  0
             -x00,  
 295          0x00,  0x00,  0x00,  0x00,  0x00,  0x00,  0x00,  0x00,  0x00,  0x00,  0x00,  0x00,  0x00,  0x00,  0x00,  0
             -x00,  
 296          0x00,  0x00,  0x00,  0x00,  0x00,  0x00,  0x00,  0x00,  0x00,  0x00,  0x00,  0x00,  0x00,  0x00,  0x00,  0
             -x00,  
C51 COMPILER V9.00   FORMAT                                                                03/19/2014 15:23:45 PAGE 9   

 297          0x00,  0x00,  0x00,  0x00,  0x00,  0x00,  0x00,  0x00,  0x00,  0x00,  0x00,  0x00,  0x00,  0x00,  0x00,  0
             -x00,  
 298          0x00,  0x00,  0x00,  0x00,  0x00,  0x00,  0x00,  0x00,
 299          //====
 300          0x00,  0x00,  0x00,  0x00,  0x00,  0x00,  0x00,  0x00,  0x00,  0x00,  0x00,  0x00,  0x00,  0x00,  0x00,  0
             -x00,  
 301          0x00,  0x00,  0x00,  0x00,  0x00,  0x00,  0x00,  0x00,  0x00,  0x00,  0x00,  0x00,  0x00,  0x07,  0x00,  0
             -x00,  
 302          0x00,  0x00,  0x00,  0x00,  0x00,  0x3F,  0x00,  0x00,  0x00,  0x38,  0x00,  0x00,  0x00,  0x3F,  0x80,  0
             -x00,  
 303          0x00,  0xFF,  0xFF,  0xFF,  0xFF,  0xFF,  0xC0,  0x00,  0x01,  0xFF,  0xFF,  0xFF,  0xFF,  0xDF,  0xE0,  0
             -x00,  
 304          0x01,  0xFF,  0xFF,  0xFF,  0xFF,  0xCF,  0xF0,  0x00,  0x00,  0xFF,  0xFF,  0xFF,  0xFF,  0xCF,  0xF8,  0
             -x00,  
 305          0x00,  0xFF,  0xFF,  0xFF,  0xFF,  0xCF,  0xFC,  0x00,  0x00,  0xFF,  0xFF,  0xFF,  0xFF,  0xCF,  0xFE,  0
             -x00,  
 306          0x00,  0x7F,  0x00,  0xF1,  0xE3,  0xCF,  0xFF,  0x00,  0x00,  0x7F,  0x00,  0xF1,  0xE3,  0xCF,  0xFF,  0
             -xC0,  
 307          0x00,  0x3F,  0x00,  0xF1,  0xE3,  0xCF,  0x7F,  0xE0,  0x00,  0x3F,  0x80,  0xF1,  0xE3,  0xCF,  0x1F,  0
             -xE0,  
 308          0x00,  0x1F,  0x8C,  0xF1,  0xE3,  0xCF,  0x0F,  0xE0,  0x00,  0x0F,  0xFC,  0xF1,  0xE3,  0xCF,  0x1F,  0
             -xE0,  
 309          0x00,  0x0F,  0xFC,  0xF1,  0xE3,  0xCF,  0x3F,  0xC0,  0x00,  0x07,  0xFE,  0xF1,  0xE3,  0xCF,  0x7F,  0
             -xC0,  
 310          0x00,  0x07,  0xFE,  0xFF,  0xFF,  0xCF,  0xFF,  0x00,  0x00,  0x1F,  0xFC,  0xFF,  0xFF,  0xCF,  0xFE,  0
             -x00,  
 311          0x00,  0x1F,  0xF8,  0xFF,  0xFF,  0xC1,  0xFC,  0x00,  0x00,  0x0F,  0xE0,  0xFF,  0xFF,  0xC3,  0xFC,  0
             -x00,  
 312          0x00,  0xFF,  0x80,  0xFF,  0xFF,  0xC7,  0xF8,  0x00,  0x00,  0xFE,  0x00,  0xFF,  0xFF,  0xC7,  0xF0,  0
             -x00,  
 313          0x01,  0xFF,  0x80,  0x00,  0x00,  0x01,  0xE0,  0x00,  0x01,  0xFF,  0xFC,  0x00,  0x00,  0x00,  0xC0,  0
             -x00,  
 314          0x03,  0xFF,  0xFF,  0xFF,  0xFF,  0xFF,  0xFF,  0x80,  0x00,  0xFF,  0xFF,  0xFF,  0xFF,  0xFF,  0xFF,  0
             -x80,  
 315          0x00,  0x3F,  0xFF,  0xFF,  0xFF,  0xFF,  0xFF,  0x80,  0x00,  0x27,  0xFF,  0xFF,  0xFF,  0xFF,  0xFF,  0
             -x80,  
 316          0x00,  0x70,  0xFF,  0xFF,  0xFF,  0xFF,  0xFF,  0x80,  0x00,  0xF8,  0x03,  0xFF,  0xFF,  0xFF,  0xFF,  0
             -x80,  
 317          0x01,  0xF8,  0x00,  0x00,  0x01,  0xF0,  0x0F,  0x80,  0x01,  0xFC,  0x00,  0x03,  0xFF,  0xF0,  0x0F,  0
             -x80,  
 318          0x00,  0xFE,  0x00,  0x3F,  0xFF,  0xF0,  0x0F,  0x80,  0x00,  0xFF,  0x01,  0xFF,  0xFF,  0xF0,  0x0F,  0
             -x80,  
 319          0x00,  0x7F,  0x87,  0xFF,  0xFF,  0xF0,  0x0F,  0x80,  0x00,  0x3F,  0xDF,  0xFF,  0xFF,  0xF0,  0x0F,  0
             -x80,  
 320          0x00,  0x1F,  0xFF,  0xFF,  0xE1,  0xF0,  0x0F,  0x80,  0x00,  0x0F,  0xFF,  0xF8,  0x01,  0xF0,  0x0F,  0
             -x80,  
 321          0x00,  0x07,  0xFF,  0xC0,  0x01,  0xF0,  0x0F,  0x80,  0x00,  0x03,  0xFF,  0x00,  0x01,  0xF0,  0x0F,  0
             -x80,  
 322          0x00,  0x07,  0xFF,  0x80,  0x01,  0xF0,  0x0F,  0x80,  0x00,  0x0F,  0xFF,  0xF0,  0x01,  0xF0,  0x0F,  0
             -x80,  
 323          0x00,  0x1F,  0xFF,  0xFE,  0x01,  0xF0,  0x0F,  0x80,  0x00,  0x3F,  0xDF,  0xFF,  0xF1,  0xF0,  0x0F,  0
             -x80,  
 324          0x00,  0x7F,  0x87,  0xFF,  0xFF,  0xF0,  0x0F,  0x80,  0x00,  0x7F,  0x01,  0xFF,  0xFF,  0xF0,  0x0F,  0
             -x80,  
 325          0x00,  0xFE,  0x00,  0x7F,  0xFF,  0xF0,  0x0F,  0x80,  0x01,  0xFC,  0x00,  0x0F,  0xFF,  0xF0,  0x0F,  0
             -x80,  
 326          0x01,  0xFC,  0x00,  0x00,  0xFF,  0xF0,  0x0F,  0x80,  0x01,  0xF8,  0x00,  0x00,  0x03,  0xF0,  0x0F,  0
             -x80,  
 327          0x00,  0x70,  0x00,  0x00,  0x00,  0x00,  0x0F,  0x80,  0x00,  0x30,  0x00,  0x00,  0x00,  0x00,  0x00,  0
             -x00,  
 328          0x00,  0x00,  0x00,  0x00,  0x00,  0x00,  0x00,  0x00,  0x00,  0x00,  0x00,  0x00,  0x00,  0x00,  0x00,  0
             -x00,  
C51 COMPILER V9.00   FORMAT                                                                03/19/2014 15:23:45 PAGE 10  

 329          0x00,  0x00,  0x00,  0x00,  0x00,  0x00,  0x00,  0x00,  0x00,  0x00,  0x00,  0x00,  0x00,  0x00,  0x00,  0
             -x00,  
 330          0x00,  0x00,  0x00,  0x00,  0x00,  0x00,  0x00,  0x00,  0x00,  0x00,  0x00,  0x00,  0x00,  0x00,  0x00,  0
             -x00,  
 331          0x00,  0x00,  0x00,  0x00,  0x00,  0x00,  0x00,  0x00,  0x00,  0x00,  0x00,  0x00,  0x00,  0x00,  0x00,  0
             -x00
 332          };
 333          code unsigned char  before[64][8]={               //«e
 334          0x00,  0x00,  0x00,  0x00,  0x00,  0x00,  0x00,  0x00,  0x00,  0x00,  0x00,  0x00,  0x00,  0x00,  0x00,  0
             -x00,  0x00,  0x00,  0x00,  0x00,  0x00,  0x00,  0x00,  0x00,  0x00,  0x00,  0x00,  0x00,  0x00,  0x00,  0x00,  0x00,  0x
             -00,  0x60,  0x00,  0x00,  0x00,  0x01,  0xF0,  0x00,  0x00,  0xF8,  0x00,  0x00,  0x00,  0x01,  0xF0,  0x00,  0x00,  0xF
             -E,  0x00,  0x00,  0x00,  0x01,  0xF0,  0x00,  0x01,  0xFF,  0xC0,  0x00,  0x00,  0x01,  0xF0,  0x00,  0x01,  0xFF,  0xFF
             -,  0x00,  0x00,  0x01,  0xF0,  0x00,  0x00,  0xFF,  0xFF,  0xFF,  0xFF,  0xE1,  0xF0,  0x00,  0x00,  0x3F,  0xFF,  0xFF,
             -  0xFF,  0xE1,  0xF0,  0x00,  0x00,  0x1F,  0xFF,  0xFF,  0xFF,  0xE1,  0xF0,  0x00,  0x00,  0x03,  0xFF,  0xFF,  0xFF, 
             - 0xE1,  0xF0,  0x80,  0x00,  0x00,  0x7F,  0xFF,  0xFF,  0xE1,  0xF0,  0x80,  0x00,  0x00,  0x1F,  0x07,  0xC3,  0xE1,  
             -0xF1,  0xC0,  0x00,  0x00,  0x1F,  0x07,  0xC3,  0xE1,  0xF1,  0xC0,  0x00,  0x10,  0x1F,  0x07,  0xC3,  0xE1,  0xF3,  0
             -xE0,  0x00,  0xF0,  0x1F,  0x07,  0xC3,  0xE1,  0xF3,  0xE0,  0x01,  0xF0,  0x1F,  0x07,  0xC3,  0xE1,  0xF3,  0xE0,  0x
             -01,  0xF0,  0x1F,  0x07,  0xC3,  0xE1,  0xF7,  0xE0,  0x01,  0xF0,  0x1F,  0x07,  0xC3,  0xE1,  0xF7,  0xC0,  0x01,  0xF
             -0,  0x1F,  0x07,  0xC3,  0xE1,  0xF7,  0xC0,  0x01,  0xF0,  0x1F,  0x07,  0xC3,  0xE1,  0xF7,  0xC0,  0x01,  0xF8,  0x1F
             -,  0x07,  0xC3,  0xE1,  0xF3,  0x80,  0x01,  0xFF,  0xFF,  0xFF,  0xFF,  0xE1,  0xF3,  0x80,  0x01,  0xFF,  0xFF,  0xFF,
             -  0xFF,  0xE1,  0xF1,  0x00,  0x01,  0xFF,  0xFF,  0xFF,  0xFF,  0xE1,  0xF0,  0x00,  0x00,  0xFF,  0xFF,  0xFF,  0xFF, 
             - 0xE1,  0xF0,  0x00,  0x00,  0xFF,  0xFF,  0xFF,  0xFF,  0xE1,  0xF0,  0x00,  0x00,  0x3F,  0xFF,  0xFF,  0xFF,  0xE1,  
             -0xF0,  0x00,  0x00,  0x00,  0x00,  0x00,  0x00,  0x01,  0xF0,  0x00,  0x00,  0x00,  0x00,  0x00,  0x00,  0x01,  0xF0,  0
             -x00,  0x00,  0x00,  0x00,  0x00,  0x00,  0x01,  0xF0,  0x00,  0x00,  0x00,  0x00,  0x00,  0x00,  0x01,  0xF1,  0x00,  0x
             -00,  0x00,  0x00,  0x00,  0x00,  0x01,  0xF3,  0x00,  0x00,  0x00,  0x7F,  0xFF,  0xFF,  0xC1,  0xF3,  0x80,  0x00,  0x0
             -0,  0x7F,  0xFF,  0xFF
 335          ,  0xC1,  0xF7,  0x80,  0x00,  0x00,  0x7F,  0xFF,  0xFF,  0xC1,  0xF7,  0xC0,  0x00,  0x70,  0x7F,  0xFF,
             -  0xFF,  0xC1,  0xF7,  0xC0,  0x01,  0xF0,  0x7F,  0xFF,  0xFF,  0xC1,  0xF7,  0xE0,  0x01,  0xF0,  0x7F,  0xFF,  0xFF, 
             - 0xC1,  0xF7,  0xE0,  0x01,  0xF0,  0x00,  0x00,  0x00,  0x01,  0xF3,  0xE0,  0x01,  0xF0,  0x00,  0x00,  0x00,  0x01,  
             -0xF3,  0xE0,  0x01,  0xF0,  0x00,  0x00,  0x00,  0x01,  0xF1,  0xC0,  0x01,  0xF0,  0x00,  0x00,  0x00,  0x01,  0xF1,  0
             -xC0,  0x01,  0xF0,  0x00,  0x00,  0x00,  0x01,  0xF0,  0xC0,  0x01,  0xFF,  0xFF,  0xFF,  0xFF,  0xF1,  0xF0,  0x80,  0x
             -01,  0xFF,  0xFF,  0xFF,  0xFF,  0xF1,  0xF0,  0x00,  0x01,  0xFF,  0xFF,  0xFF,  0xFF,  0xF1,  0xF0,  0x00,  0x00,  0xF
             -F,  0xFF,  0xFF,  0xFF,  0xF1,  0xF0,  0x00,  0x00,  0xFF,  0xFF,  0xFF,  0xFF,  0xF1,  0xF0,  0x00,  0x00,  0x3F,  0xFF
             -,  0xFF,  0xFF,  0xF1,  0xF0,  0x00,  0x00,  0x00,  0x00,  0x00,  0x00,  0x01,  0xF0,  0x00,  0x00,  0x00,  0x00,  0x00,
             -  0x00,  0x01,  0xF0,  0x00,  0x00,  0x00,  0x00,  0x00,  0x00,  0x01,  0xF0,  0x00,  0x00,  0x00,  0x00,  0x00,  0x00, 
             - 0x01,  0xF0,  0x00,  0x00,  0x00,  0x00,  0x00,  0x00,  0x00,  0x00,  0x00,  0x00,  0x00,  0x00,  0x00,  0x00,  0x00,  
             -0x00,  0x00,  0x00,  0x00,  0x00,  0x00,  0x00,  0x00,  0x00,  0x00,  0x00,  0x00,  0x00,  0x00,  0x00,  0x00,  0x00,  0
             -x00,  0x00,  0x00,  0x00,  0x00,  0x00,  0x00,  0x00,  0x00,  0x00,  0x00,  0x00,  0x00,  0x00,  0x00,  0x00,  0x00,  0x
             -00,  0x00,  0x00,  0x00,  0x00,  0x00,  0x00,  0x00,  0x00,  0x00,  0x00,  0x00,  0x00,  0x00,  0x00,   0x00, 
 336          
 337          };
 338          code unsigned char after[64][8]={//«á
 339          0x00,  0x00,  0x00,  0x00,  0x00,  0x00,  0x00,  0x00,  0x00,  0x00,  0x00,  0x00,  0x00,  0x00,  0x00,  0
             -x00,  0x00,  0x00,  0x00,  0x00,  0x00,  0x00,  0x00,  0x00,  0x00,  0x00,  0x00,  0x02,  0x00,  0x00,  0x00,  0x00,  0x
             -00,  0x00,  0x00,  0x0F,  0x00,  0x03,  0x80,  0x00,  0x00,  0x00,  0x00,  0x3F,  0x80,  0x0F,  0xC0,  0x00,  0x00,  0x0
             -0,  0x00,  0x3F,  0xC0,  0x1F,  0xC0,  0x00,  0x00,  0x00,  0x00,  0x1F,  0xE0,  0x1F,  0xE0,  0x00,  0x00,  0x00,  0x00
             -,  0x0F,  0xF0,  0x0F,  0xF0,  0x00,  0x00,  0x00,  0x00,  0x0F,  0xF8,  0x07,  0xF8,  0x00,  0x01,  0xFF,  0xFF,  0xFF,
             -  0xFC,  0x03,  0xFC,  0x00,  0x01,  0xFF,  0xFF,  0xFF,  0xFE,  0x01,  0xFF,  0x00,  0x01,  0xFF,  0xFF,  0xFF,  0xFF, 
             - 0x80,  0xFF,  0x80,  0x01,  0xFF,  0xFF,  0xFF,  0xFF,  0xC0,  0x7F,  0xC0,  0x01,  0xFF,  0xFF,  0xFF,  0xFF,  0xF0,  
             -0x3F,  0xE0,  0x01,  0xFF,  0xFF,  0xFF,  0xFF,  0xF8,  0x1F,  0xE0,  0x00,  0x00,  0x00,  0x00,  0x0F,  0xFE,  0x0F,  0
             -xC0,  0x00,  0x30,  0x08,  0x00,  0x03,  0xFE,  0x03,  0xC0,  0x00,  0xF8,  0x1C,  0x00,  0x01,  0xFE,  0x01,  0x80,  0x
             -01,  0xF8,  0x3C,  0x00,  0x00,  0x7C,  0x00,  0x00,  0x01,  0xF8,  0x7E,  0x00,  0x3C,  0x3C,  0x00,  0x00,  0x01,  0xF
             -8,  0x7F,  0x18,  0x7C,  0x08,  0x00,  0x00,  0x01,  0xF8,  0x3F,  0xFC,  0x7C,  0x1E,  0x00,  0x00,  0x00,  0xFC,  0x1F
             -,  0xFE,  0x7E,  0x3F,  0x00,  0x00,  0x00,  0xFC,  0x0F,  0xFE,  0x7E,  0x3F,  0x80,  0x00,  0x00,  0xFC,  0x0F,  0xFE,
             -  0x7E,  0x3F,  0x80,  0x00,  0x00,  0xFC,  0x07,  0xF8,  0x7F,  0x3F,  0xC0,  0x00,  0x00,  0x7E,  0x0F,  0xFC,  0x7F, 
             - 0x3F,  0xE0,  0x00,  0x00,  0x7E,  0x3F,  0xFE,  0x7F,  0xBF,  0xF0,  0x00,  0x00,  0x7E,  0x7F,  0xFF,  0xFF,  0xBF,  
             -0xF8,  0x00,  0x00,  0x3F,  0xFF,  0xFF,  0xFF,  0xFF,  0xFC,  0x00,  0x00,  0x3F,  0xFE,  0xFF,  0xFB,  0xFF,  0xFE,  0
             -x00,  0x00,  0x3F,  0xFC,  0xFF,  0xFF,  0xFF,  0xFF,  0x00,  0x00,  0x1F,  0xF8,  0xFF,  0xFD,  0xFF,  0x7F,  0x80,  0x
             -00,  0x1F,  0xF0,  0xFB,  0xFD,  0xFF,  0x3F,  0xC0,  0x00,  0x1F,  0xE0,  0xF8,  0xFC,  0xFF,  0x1F,  0xE0,  0x00,  0x0
             -F,  0xE0,  0xF8,  0x7C
 340          ,  0xFF,  0x0F,  0xE0,  0x00,  0x1F,  0xE0,  0xF8,  0x7C,  0x7F,  0x07,  0xE0,  0x00,  0x1F,  0xF0,  0xF8,
             -  0x7C,  0x7F,  0x03,  0xC0,  0x00,  0x1F,  0xF0,  0xF8,  0x7C,  0x3F,  0x01,  0xC0,  0x00,  0x3F,  0xF8,  0xF8,  0x7C, 
C51 COMPILER V9.00   FORMAT                                                                03/19/2014 15:23:45 PAGE 11  

             - 0x3F,  0x80,  0x80,  0x00,  0x3F,  0xFC,  0xF8,  0x7C,  0x1F,  0xC0,  0x00,  0x00,  0x7F,  0xFE,  0xF8,  0x7C,  0x0F,  
             -0xC0,  0x00,  0x00,  0x7E,  0xFF,  0xF8,  0x7D,  0x87,  0xE0,  0x00,  0x00,  0x7E,  0x7F,  0xF8,  0x7F,  0xC7,  0xF0,  0
             -x00,  0x00,  0x7E,  0x3F,  0xF8,  0x7F,  0xC3,  0xF8,  0x00,  0x00,  0xFC,  0x1F,  0xF8,  0x7F,  0xE1,  0xFC,  0x00,  0x
             -00,  0xFC,  0x0F,  0xF8,  0x7F,  0xE0,  0xFC,  0x00,  0x00,  0xFC,  0x07,  0xF8,  0x7F,  0xC0,  0xFC,  0x00,  0x00,  0xF
             -C,  0x03,  0xF8,  0xFF,  0x80,  0x78,  0x00,  0x01,  0xF8,  0x01,  0xF9,  0xFF,  0x00,  0x38,  0x00,  0x01,  0xF8,  0x00
             -,  0x01,  0xFE,  0x00,  0x10,  0x00,  0x01,  0xF8,  0x00,  0x01,  0xFC,  0x00,  0x00,  0x00,  0x01,  0xF8,  0x00,  0x00,
             -  0xF8,  0x00,  0x00,  0x00,  0x01,  0xF8,  0x00,  0x00,  0xE0,  0x00,  0x00,  0x00,  0x00,  0x30,  0x00,  0x00,  0x40, 
             - 0x00,  0x00,  0x00,  0x00,  0x00,  0x00,  0x00,  0x00,  0x00,  0x00,  0x00,  0x00,  0x00,  0x00,  0x00,  0x00,  0x00,  
             -0x00,  0x00,  0x00,  0x00,  0x00,  0x00,  0x00,  0x00,  0x00,  0x00,  0x00,  0x00,  0x00,  0x00,  0x00,  0x00,  0x00,  0
             -x00,  0x00,  0x00,  0x00,  0x00,  0x00,  0x00,  0x00,  0x00,  0x00,  0x00,  0x00,  0x00,  0x00,  0x00,  0x00,  0x00,  0x
             -00,  0x00,  0x00,  0x00,  0x00,  0x00,  0x00,  0x00,  0x00,  0x00,  0x00,  0x00,  0x00,  0x00,  0x00, 0x00
 341          
 342          
 343          };
 344          
 345          code unsigned char thirty[128][8]={
 346          0x00,  0x00,  0x00,  0x00,  0x00,  0x00,  0x00,  0x00,  0x00,  0x00,  0x00,  0x00,  0x00,  0x00,  0x00,  0
             -x00,  0x00,  0x03,  0xC0,  0x00,  0x00,  0x03,  0xC0,  0x00,  0x00,  0x03,  0xE0,  0x00,  0x00,  0x03,  0xF0,  0x00,  0x
             -00,  0x07,  0xE0,  0x00,  0x00,  0x03,  0xF8,  0x00,  0x00,  0x07,  0xE0,  0x00,  0x00,  0x03,  0xFE,  0x00,  0x00,  0x0
             -7,  0xE0,  0x00,  0x00,  0x01,  0xFE,  0x00,  0x00,  0x07,  0xC0,  0x00,  0x18,  0x00,  0xFF,  0x00,  0x00,  0x07,  0xC0
             -,  0x00,  0x18,  0x00,  0x3F,  0x80,  0x00,  0x07,  0x80,  0x00,  0x1C,  0x00,  0x1F,  0x80,  0x00,  0x07,  0x80,  0x00,
             -  0x1C,  0x00,  0x0F,  0x80,  0x00,  0x07,  0x80,  0x00,  0x1E,  0x00,  0x07,  0x80,  0x00,  0x07,  0x00,  0x00,  0x1E, 
             - 0x00,  0x03,  0x80,  0x00,  0x07,  0x80,  0x00,  0x1F,  0x00,  0x07,  0x80,  0x00,  0x07,  0x80,  0x00,  0x3F,  0x80,  
             -0x07,  0x80,  0x00,  0x07,  0xC0,  0x00,  0x3F,  0xC0,  0x0F,  0x80,  0x00,  0x03,  0xC0,  0x00,  0x7F,  0xE0,  0x1F,  0
             -x80,  0x00,  0x03,  0xE0,  0x00,  0xFF,  0xF8,  0x7F,  0x80,  0x00,  0x01,  0xF8,  0x01,  0xFF,  0xFF,  0xFF,  0x80,  0x
             -00,  0x01,  0xFE,  0x07,  0xFF,  0xFF,  0xFF,  0x80,  0x00,  0x00,  0xFF,  0xFF,  0xFE,  0xFF,  0xFF,  0x00,  0x00,  0x0
             -0,  0xFF,  0xFF,  0xFC,  0x7F,  0xFE,  0x00,  0x00,  0x00,  0x7F,  0xFF,  0xF8,  0x3F,  0xFC,  0x00,  0x00,  0x00,  0x1F
             -,  0xFF,  0xF8,  0x0F,  0xF8,  0x00,  0x00,  0x00,  0x0F,  0xFF,  0xE0,  0x00,  0x00,  0x00,  0x00,  0x00,  0x03,  0xFF,
             -  0x80,  0x00,  0x00,  0x00,  0x00,  0x00,  0x00,  0x00,  0x00,  0x00,  0x00,  0x00,  0x00,  0x00,  0x00,  0x00,  0x00, 
             - 0x00,  0x00,  0x00,  0x00,  0x00,  0x00,  0x00,  0x00,  0x00,  0x00,  0x00,  0x00,  0x00,  0x00,  0x00,  0x00,  0x00,  
             -0x00,  0x00,  0x00,  0x00,  0x00,  0x00,  0x00,  0x00,  0x00,  0x00,  0x00,  0x00,  0x00,  0x00,  0x00,  0x00,  0x00,  0
             -x00,  0x00,  0x00,  0x00,  0x00,  0x30,  0x00,  0x00,  0x00,  0x00,  0x00,  0x00,  0x7F,  0xFF,  0xF8,  0x00,  0x00,  0x
             -00,  0x00,  0x03,  0xFF,  0xFF,  0xFF,  0x00,  0x00,  0x00,  0x00,  0x1F,  0xFF,  0xFF,  0xFF,  0xE0,  0x00,  0x00,  0x0
             -0,  0x3F,  0xFF,  
 347          0xFF ,  0xFF,  0xF0,  0x00,  0x00,  0x00,  0xFF,  0xFF,  0xFF,  0xFF,  0xFC,  0x00,  0x00,  0x01,  0xFF,  
             -0xFF,  0xFF,  0xFF,  0xFE,  0x00,  0x00,  0x03,  0xFF,  0xFF,  0xFF,  0xFF,  0xFF,  0x00,  0x00,  0x03,  0xFF,  0xE0,  0
             -x00,  0x1F,  0xFF,  0x00,  0x00,  0x07,  0xFE,  0x00,  0x00,  0x01,  0xFF,  0x80,  0x00,  0x07,  0xF0,  0x00,  0x00,  0x
             -00,  0x3F,  0x80,  0x00,  0x07,  0xC0,  0x00,  0x00,  0x00,  0x0F,  0x80,  0x00,  0x07,  0x80,  0x00,  0x00,  0x00,  0x0
             -7,  0x80,  0x00,  0x07,  0x00,  0x00,  0x00,  0x00,  0x03,  0x80,  0x00,  0x07,  0x00,  0x00,  0x00,  0x00,  0x03,  0x80
             -,  0x00,  0x07,  0x00,  0x00,  0x00,  0x00,  0x03,  0x80,  0x00,  0x07,  0x80,  0x00,  0x00,  0x00,  0x07,  0x80,  0x00,
             -  0x07,  0xC0,  0x00,  0x00,  0x00,  0x0F,  0x80,  0x00,  0x07,  0xF0,  0x00,  0x00,  0x00,  0x3F,  0x80,  0x00,  0x07, 
             - 0xFE,  0x00,  0x00,  0x01,  0xFF,  0x80,  0x00,  0x03,  0xFF,  0xE0,  0x00,  0x1F,  0xFF,  0x00,  0x00,  0x03,  0xFF,  
             -0xFF,  0xFF,  0xFF,  0xFF,  0x00,  0x00,  0x01,  0xFF,  0xFF,  0xFF,  0xFF,  0xFE,  0x00,  0x00,  0x00,  0xFF,  0xFF,  0
             -xFF,  0xFF,  0xFC,  0x00,  0x00,  0x00,  0x7F,  0xFF,  0xFF,  0xFF,  0xF8,  0x00,  0x00,  0x00,  0x1F,  0xFF,  0xFF,  0x
             -FF,  0xE0,  0x00,  0x00,  0x00,  0x07,  0xFF,  0xFF,  0xFF,  0x80,  0x00,  0x00,  0x00,  0x00,  0x7F,  0xFF,  0xF8,  0x0
             -0,  0x00,  0x00,  0x00,  0x00,  0x00,  0xFC,  0x00,  0x00,  0x00,  0x00,  0x00,  0x00,  0x00,  0x00,  0x00,  0x00,  0x00
             -,  0x00,  0x00,  0x00,  0x00,  0x00,  0x00,  0x00,  0x00,  0x00,  0x00,  0x00,  0x00,  0x00,  0x00,  0x00,  0x00,
 348          //===
 349          
 350          0x00,  0x00,  0x00,  0x00,  0x00,  0x00,  0x00,  0x00,  0x00,  0x00,  0x00,  0x00,  0x00,  0x00,  0x00,  0
             -x00,  
 351          0x00,  0x00,  0x00,  0x00,  0x00,  0x00,  0x00,  0x00,  0x00,  0x00,  0x00,  0x00,  0x08,  0x00,  0x00,  0
             -x00,  
 352          0x00,  0x00,  0x00,  0x00,  0x1C,  0x00,  0x00,  0x00,  0x00,  0x00,  0x00,  0x00,  0x3E,  0x00,  0x00,  0
             -x00,  
 353          0x00,  0x60,  0x00,  0x00,  0x7E,  0x00,  0x00,  0x00,  0x00,  0xF0,  0x00,  0x00,  0x7F,  0x00,  0x00,  0
             -x00,  
 354          0x01,  0xF0,  0x00,  0x00,  0x3F,  0x80,  0x00,  0x00,  0x01,  0xF8,  0x00,  0x00,  0x3F,  0xC0,  0x00,  0
             -x00,  
 355          0x01,  0xFC,  0x00,  0x00,  0x1F,  0xE0,  0x00,  0x00,  0x00,  0xFC,  0x00,  0x00,  0x0F,  0xF0,  0x00,  0
             -x00,  
 356          0x00,  0xFE,  0x00,  0x00,  0x07,  0xFC,  0x00,  0x00,  0x00,  0x7F,  0x00,  0x00,  0xFB,  0xFE,  0x00,  0
C51 COMPILER V9.00   FORMAT                                                                03/19/2014 15:23:45 PAGE 12  

             -x00,  
 357          0x00,  0x7F,  0x80,  0x00,  0xF9,  0xFF,  0x00,  0x00,  0x00,  0x3F,  0xC0,  0x00,  0xF8,  0xFF,  0xC0,  0
             -x00,  
 358          0x00,  0x1F,  0xE0,  0x00,  0xF8,  0x3F,  0xE0,  0x00,  0x00,  0x0F,  0xF0,  0x00,  0xF8,  0x1F,  0xF8,  0
             -x00,  
 359          0x00,  0x0F,  0xF8,  0x00,  0xF8,  0x0F,  0xFE,  0x00,  0x00,  0x07,  0xFE,  0x00,  0xF8,  0x07,  0xFF,  0
             -x80,  
 360          0x00,  0x03,  0xFF,  0x80,  0xF8,  0x01,  0xFF,  0xE0,  0x00,  0x00,  0xFF,  0xE0,  0xF8,  0x00,  0x7F,  0
             -xE0,  
 361          0x00,  0x00,  0x7F,  0xFF,  0xF8,  0x00,  0x3F,  0xE0,  0x00,  0x00,  0x3F,  0xFF,  0xF8,  0x00,  0x0F,  0
             -xC0,  
 362          0x00,  0x00,  0x0F,  0xFF,  0xF8,  0x00,  0x03,  0xC0,  0x00,  0x00,  0x07,  0xFF,  0xF8,  0x00,  0x00,  0
             -x00,  
 363          0x00,  0x00,  0x00,  0xFF,  0xF8,  0x00,  0x00,  0x00,  0x00,  0x00,  0x00,  0x3F,  0xF8,  0x00,  0x00,  0
             -x00,  
 364          0x00,  0x18,  0x00,  0x01,  0xF8,  0x00,  0x00,  0x00,  0x00,  0xF8,  0x00,  0x00,  0xF8,  0x00,  0x00,  0
             -x00,  
 365          0x01,  0xF8,  0x00,  0x00,  0xF8,  0x00,  0x00,  0x00,  0x01,  0xF8,  0x00,  0x00,  0xF8,  0x00,  0x00,  0
             -x00,  
 366          0x01,  0xF0,  0x00,  0x00,  0xF8,  0x00,  0x07,  0xC0,  0x01,  0xF0,  0x00,  0x00,  0xF8,  0x00,  0x07,  0
             -xC0,  
 367          0x01,  0xF0,  0x00,  0x00,  0xF8,  0x00,  0x07,  0xC0,  0x01,  0xF0,  0x00,  0x00,  0xF8,  0x00,  0x07,  0
             -xC0,  
 368          0x01,  0xF0,  0x00,  0x00,  0xF8,  0x00,  0x07,  0xC0,  0x01,  0xF0,  0x00,  0x00,  0xF8,  0x00,  0x0F,  0
             -xC0,  
 369          0x01,  0xF8,  0x00,  0x00,  0xF8,  0x00,  0x3F,  0xC0,  0x01,  0xFE,  0x00,  0x00,  0xF8,  0x00,  0xFF,  0
             -xC0,  
 370          0x01,  0xFF,  0xFF,  0xC0,  0xF8,  0x03,  0xFF,  0xC0,  0x01,  0xFF,  0xFF,  0xFF,  0xF8,  0x0F,  0xFF,  0
             -xC0,  
 371          0x00,  0xFF,  0xFF,  0xFF,  0xF8,  0x1F,  0xFE,  0x00,  0x00,  0x7F,  0xFF,  0xFF,  0xF8,  0x3F,  0xF8,  0
             -x00,  
 372          0x00,  0x3F,  0xFF,  0xFF,  0xF8,  0xFF,  0xC0,  0x00,  0x00,  0x03,  0xFF,  0xFF,  0xF9,  0xFF,  0x80,  0
             -x00,  
 373          0x00,  0x00,  0x01,  0xFF,  0xFB,  0xFE,  0x00,  0x00,  0x00,  0x00,  0x00,  0x00,  0x07,  0xFC,  0x00,  0
             -x00,  
 374          0x00,  0x00,  0x00,  0x00,  0x0F,  0xF0,  0x00,  0x00,  0x00,  0x00,  0x00,  0x00,  0x1F,  0xE0,  0x00,  0
             -x00,  
 375          0x00,  0x00,  0x00,  0x00,  0x3F,  0xC0,  0x00,  0x00,  0x00,  0x00,  0x00,  0x00,  0x7F,  0x80,  0x00,  0
             -x00,  
 376          0x00,  0x00,  0x00,  0x00,  0x7F,  0x00,  0x00,  0x00,  0x00,  0x00,  0x00,  0x00,  0x3E,  0x00,  0x00,  0
             -x00,  
 377          0x00,  0x00,  0x00,  0x00,  0x1C,  0x00,  0x00,  0x00,  0x00,  0x00,  0x00,  0x00,  0x08,  0x00,  0x00,  0
             -x00,  
 378          0x00,  0x00,  0x00,  0x00,  0x00,  0x00,  0x00,  0x00,  0x00,  0x00,  0x00,  0x00,  0x00,  0x00,  0x00,  0
             -x00,  
 379          0x00,  0x00,  0x00,  0x00,  0x00,  0x00,  0x00,  0x00,  0x00,  0x00,  0x00,  0x00,  0x00,  0x00,  0x00,  0
             -x00,  
 380          0x00,  0x00,  0x00,  0x00,  0x00,  0x00,  0x00,  0x00,  0x00,  0x00,  0x00,  0x00,  0x00,  0x00,  0x00,  0
             -x00,  
 381          0x00,  0x00,  0x00,  0x00,  0x00,  0x00,  0x00,  0x00,  0x00,  0x00,  0x00,  0x00,  0x00,  0x00,  0x00,  0
             -x00
 382          };              
 383          


MODULE INFORMATION:   STATIC OVERLAYABLE
   CODE SIZE        =   ----    ----
   CONSTANT SIZE    =   6656    ----
   XDATA SIZE       =   ----    ----
   PDATA SIZE       =   ----    ----
   DATA SIZE        =   ----    ----
   IDATA SIZE       =   ----    ----
C51 COMPILER V9.00   FORMAT                                                                03/19/2014 15:23:45 PAGE 13  

   BIT SIZE         =   ----    ----
END OF MODULE INFORMATION.


C51 COMPILATION COMPLETE.  0 WARNING(S),  0 ERROR(S)
