C51 COMPILER V9.00   TEMP                                                                  12/06/2011 17:04:17 PAGE 1   


C51 COMPILER V9.00, COMPILATION OF MODULE TEMP
OBJECT MODULE PLACED IN temp.OBJ
COMPILER INVOKED BY: C:\Keil\C51\BIN\c51.exe temp.c DB OE BR INCDIR(C:\SiLabs\MCU\Inc)

line level    source

   1          #include <C8051F340.h>
   2          #include <a0.c>
   3          //-----------------------------------------------------------------------------
   4          void _Print(unsigned int Line)
   5          {
   6   1              unsigned char i;
   7   1      
   8   1              #define Right   00
   9   1              #define Left    520
  10   1              //temp = cA;
  11   1              unsigned char tmpEIE1;
  12   1              unsigned char tmpEIE2;
  13   1      
  14   1              unsigned int Shift = 0 ;
  15   1      
  16   1              tmpEIE1 = EIE1;
  17   1              tmpEIE2 = EIE2;
  18   1              EA =0;
  19   1              EIE1 = 0;
  20   1              EIE2 = 0;       
  21   1      
  22   1              if (Line < Right || Line >= Left)
  23   1              {
  24   2                      for (i=1;i<=80;i++)
  25   2                      {
  26   3                              while(!TXBMT);
  27   3                              SPIF=0;
  28   3                              SPI0DAT = 0x00;
  29   3                      }
  30   2              }
  31   1              else 
  32   1              {
  33   2              
  34   2                      for (i=0 ; i < 21 ; i++)
  35   2                      {
  36   3                              while(!TXBMT);
  37   3                              SPIF=0;
  38   3                              SPI0DAT = 0x00;
  39   3                      }
  40   2                      for (i=0 ; i < 9 ; i++) 
  41   2                      {
  42   3                              while(!TXBMT);
  43   3                              SPIF=0;
  44   3                              SPI0DAT = 0;
  45   3                      }
  46   2      
  47   2                      for (i=0 ; i < 8 ; i++) 
  48   2                      {
  49   3                              while(!TXBMT);
  50   3                              SPIF=0;
  51   3                              SPI0DAT = 0x00;
  52   3                      }
  53   2      
  54   2                      for (i=0 ; i < 4 ; i++) 
  55   2                      {
C51 COMPILER V9.00   TEMP                                                                  12/06/2011 17:04:17 PAGE 2   

  56   3                              while(!TXBMT);
  57   3                              SPIF=0;
  58   3                              SPI0DAT = 0;
  59   3                      }
  60   2      
  61   2                      for (i=0 ; i < 4 ; i++) 
  62   2                      {
  63   3                              while(!TXBMT);
  64   3                              SPIF=0;
  65   3                              SPI0DAT = 0x00;
  66   3                      }
  67   2      
  68   2                      for (i=0 ; i < 4 ; i++) 
  69   2                      {
  70   3                              while(!TXBMT);
  71   3                              SPIF=0;
  72   3                              SPI0DAT = 0x00;
  73   3                      }
  74   2                      for(i=0;i<6;i++){
  75   3                               while(!TXBMT);
  76   3                              SPIF=0;
  77   3                              if (Line>180&&Line<324) SPI0DAT = BB[Line-180][i];
  78   3                              else            SPI0DAT = 0x00;
  79   3                      }
  80   2      
  81   2                      for (i=0 ; i < 6; i++)
  82   2                      {
  83   3                              while(!TXBMT);
  84   3                              SPIF=0;
  85   3                              SPI0DAT = 0x00;
  86   3                      }
  87   2      
  88   2                      for (i=0 ; i < 9 ; i++) 
  89   2                              {
  90   3                              while(!TXBMT);
  91   3                              SPIF=0;
  92   3                              SPI0DAT = 0x00;
  93   3                      }
  94   2              }
  95   1      
  96   1              TPHControl();
*** WARNING C206 IN LINE 96 OF TEMP.C: 'TPHControl': missing function-prototype
  97   1      
  98   1              EA=1;
  99   1              EIE1 = tmpEIE1 ;
 100   1              EIE2 = tmpEIE2 ;
 101   1              FiveStep();
*** WARNING C206 IN LINE 101 OF TEMP.C: 'FiveStep': missing function-prototype
 102   1      }
 103          //-----------------------------------------------------------------------------


MODULE INFORMATION:   STATIC OVERLAYABLE
   CODE SIZE        =    281    ----
   CONSTANT SIZE    =   3300    ----
   XDATA SIZE       =   ----    ----
   PDATA SIZE       =   ----    ----
   DATA SIZE        =   ----       5
   IDATA SIZE       =   ----    ----
   BIT SIZE         =   ----    ----
END OF MODULE INFORMATION.


C51 COMPILATION COMPLETE.  2 WARNING(S),  0 ERROR(S)
