
BL51 BANKED LINKER/LOCATER V6.22 - SN: K1CMC-P1ATJC
COPYRIGHT KEIL ELEKTRONIK GmbH 1987 - 2009
"E:\퉥]업\PressFit\printer.obj"  TO "E:\퉥]업\PressFit\PRINTS" RS(256) PL(68) PW(78) 

*** WARNING L16: UNCALLED SEGMENT, IGNORED FOR OVERLAY PROCESS
    SEGMENT: ?PR?__U15MOTOR?PRINTER

*** WARNING L16: UNCALLED SEGMENT, IGNORED FOR OVERLAY PROCESS
    SEGMENT: ?PR?INTERRUPTS_INIT?PRINTER

*** WARNING L16: UNCALLED SEGMENT, IGNORED FOR OVERLAY PROCESS
    SEGMENT: ?PR?SYSCLK_INIT?PRINTER

*** WARNING L16: UNCALLED SEGMENT, IGNORED FOR OVERLAY PROCESS
    SEGMENT: ?PR?POWDERTORIGHT?PRINTER

*** WARNING L16: UNCALLED SEGMENT, IGNORED FOR OVERLAY PROCESS
    SEGMENT: ?PR?DRUGTORIGHT?PRINTER

*** WARNING L16: UNCALLED SEGMENT, IGNORED FOR OVERLAY PROCESS
    SEGMENT: ?PR?CLOSELEAVE?PRINTER

*** WARNING L16: UNCALLED SEGMENT, IGNORED FOR OVERLAY PROCESS
    SEGMENT: ?PR?SHOWPACKTYPEUSB?PRINTER

*** WARNING L16: UNCALLED SEGMENT, IGNORED FOR OVERLAY PROCESS
    SEGMENT: ?PR?UART1_INIT?PRINTER

*** WARNING L16: UNCALLED SEGMENT, IGNORED FOR OVERLAY PROCESS
    SEGMENT: ?PR?_GETKEY?PRINTER

*** WARNING L1: UNRESOLVED EXTERNAL SYMBOL
    SYMBOL:  USB_INT_ENABLE
    MODULE:  E:\퉥]업\PressFit\printer.obj (PRINTER)

*** WARNING L1: UNRESOLVED EXTERNAL SYMBOL
    SYMBOL:  RECEIVE_FILE
    MODULE:  E:\퉥]업\PressFit\printer.obj (PRINTER)

*** WARNING L1: UNRESOLVED EXTERNAL SYMBOL
    SYMBOL:  GET_INTERRUPT_SOURCE
    MODULE:  E:\퉥]업\PressFit\printer.obj (PRINTER)

*** WARNING L1: UNRESOLVED EXTERNAL SYMBOL
    SYMBOL:  USB_CLOCK_START
    MODULE:  E:\퉥]업\PressFit\printer.obj (PRINTER)

*** WARNING L1: UNRESOLVED EXTERNAL SYMBOL
    SYMBOL:  _BLOCK_READ
    MODULE:  E:\퉥]업\PressFit\printer.obj (PRINTER)

*** WARNING L1: UNRESOLVED EXTERNAL SYMBOL
    SYMBOL:  _BLOCK_WRITE
    MODULE:  E:\퉥]업\PressFit\printer.obj (PRINTER)

*** WARNING L1: UNRESOLVED EXTERNAL SYMBOL
    SYMBOL:  _USB_INIT
    MODULE:  E:\퉥]업\PressFit\printer.obj (PRINTER)

*** WARNING L1: UNRESOLVED EXTERNAL SYMBOL
    SYMBOL:  ?_USB_INIT?BYTE
    MODULE:  E:\퉥]업\PressFit\printer.obj (PRINTER)

*** WARNING L2: REFERENCE MADE TO UNRESOLVED EXTERNAL
    SYMBOL:  USB_CLOCK_START
    MODULE:  E:\퉥]업\PressFit\printer.obj (PRINTER)
    ADDRESS: 0BAAH

*** WARNING L2: REFERENCE MADE TO UNRESOLVED EXTERNAL
    SYMBOL:  ?_USB_INIT?BYTE
    MODULE:  E:\퉥]업\PressFit\printer.obj (PRINTER)
    ADDRESS: 0BC1H

*** WARNING L2: REFERENCE MADE TO UNRESOLVED EXTERNAL
    SYMBOL:  ?_USB_INIT?BYTE
    MODULE:  E:\퉥]업\PressFit\printer.obj (PRINTER)
    ADDRESS: 0BE0H

*** WARNING L2: REFERENCE MADE TO UNRESOLVED EXTERNAL
    SYMBOL:  ?_USB_INIT?BYTE
    MODULE:  E:\퉥]업\PressFit\printer.obj (PRINTER)
    ADDRESS: 0BE9H

*** WARNING L2: REFERENCE MADE TO UNRESOLVED EXTERNAL
    SYMBOL:  ?_USB_INIT?BYTE
    MODULE:  E:\퉥]업\PressFit\printer.obj (PRINTER)
    ADDRESS: 0BF6H

*** WARNING L2: REFERENCE MADE TO UNRESOLVED EXTERNAL
    SYMBOL:  _USB_INIT
    MODULE:  E:\퉥]업\PressFit\printer.obj (PRINTER)
    ADDRESS: 0C04H

*** WARNING L2: REFERENCE MADE TO UNRESOLVED EXTERNAL
    SYMBOL:  USB_INT_ENABLE
    MODULE:  E:\퉥]업\PressFit\printer.obj (PRINTER)
    ADDRESS: 0C07H

*** WARNING L2: REFERENCE MADE TO UNRESOLVED EXTERNAL
    SYMBOL:  RECEIVE_FILE
    MODULE:  E:\퉥]업\PressFit\printer.obj (PRINTER)
    ADDRESS: 1E8DH

*** WARNING L2: REFERENCE MADE TO UNRESOLVED EXTERNAL
    SYMBOL:  _BLOCK_WRITE
    MODULE:  E:\퉥]업\PressFit\printer.obj (PRINTER)
    ADDRESS: 1EBCH

*** WARNING L2: REFERENCE MADE TO UNRESOLVED EXTERNAL
    SYMBOL:  GET_INTERRUPT_SOURCE
    MODULE:  E:\퉥]업\PressFit\printer.obj (PRINTER)
    ADDRESS: 1BBCH

*** WARNING L2: REFERENCE MADE TO UNRESOLVED EXTERNAL
    SYMBOL:  _BLOCK_READ
    MODULE:  E:\퉥]업\PressFit\printer.obj (PRINTER)
    ADDRESS: 112EH

*** WARNING L2: REFERENCE MADE TO UNRESOLVED EXTERNAL
    SYMBOL:  _BLOCK_WRITE
    MODULE:  E:\퉥]업\PressFit\printer.obj (PRINTER)
    ADDRESS: 11B6H

*** WARNING L2: REFERENCE MADE TO UNRESOLVED EXTERNAL
    SYMBOL:  _BLOCK_WRITE
    MODULE:  E:\퉥]업\PressFit\printer.obj (PRINTER)
    ADDRESS: 1278H

Program Size: data=144.0 xdata=57345 code=25046
LINK/LOCATE RUN COMPLETE.  30 WARNING(S),  0 ERROR(S)
